{"/Users/vintvgx/Desktop/bandit.studios/COMMUNITE/VENT/expo-env.d.ts": {"path":"/Users/vintvgx/Desktop/bandit.studios/COMMUNITE/VENT/expo-env.d.ts","statementMap":{},"fnMap":{},"branchMap":{},"s":{},"f":{},"b":{}}
,"/Users/vintvgx/Desktop/bandit.studios/COMMUNITE/VENT/metro.config.js": {"path":"/Users/vintvgx/Desktop/bandit.studios/COMMUNITE/VENT/metro.config.js","statementMap":{"0":{"start":{"line":1,"column":29},"end":{"line":1,"column":57}},"1":{"start":{"line":2,"column":27},"end":{"line":2,"column":54}},"2":{"start":{"line":4,"column":15},"end":{"line":4,"column":42}},"3":{"start":{"line":6,"column":0},"end":{"line":6,"column":67}}},"fnMap":{},"branchMap":{},"s":{"0":0,"1":0,"2":0,"3":0},"f":{},"b":{}}
,"/Users/vintvgx/Desktop/bandit.studios/COMMUNITE/VENT/nativewind-env.d.ts": {"path":"/Users/vintvgx/Desktop/bandit.studios/COMMUNITE/VENT/nativewind-env.d.ts","statementMap":{},"fnMap":{},"branchMap":{},"s":{},"f":{},"b":{}}
,"/Users/vintvgx/Desktop/bandit.studios/COMMUNITE/VENT/tailwind.config.js": {"path":"/Users/vintvgx/Desktop/bandit.studios/COMMUNITE/VENT/tailwind.config.js","statementMap":{"0":{"start":{"line":4,"column":0},"end":{"line":198,"column":2}}},"fnMap":{},"branchMap":{},"s":{"0":0},"f":{},"b":{}}
,"/Users/vintvgx/Desktop/bandit.studios/COMMUNITE/VENT/.expo/types/router.d.ts": {"path":"/Users/vintvgx/Desktop/bandit.studios/COMMUNITE/VENT/.expo/types/router.d.ts","statementMap":{},"fnMap":{},"branchMap":{},"s":{},"f":{},"b":{}}
,"/Users/vintvgx/Desktop/bandit.studios/COMMUNITE/VENT/app/+not-found.tsx": {"path":"/Users/vintvgx/Desktop/bandit.studios/COMMUNITE/VENT/app/+not-found.tsx","statementMap":{"0":{"start":{"line":8,"column":2},"end":{"line":18,"column":4}},"1":{"start":{"line":21,"column":15},"end":{"line":32,"column":2}}},"fnMap":{"0":{"name":"NotFoundScreen","decl":{"start":{"line":7,"column":24},"end":{"line":7,"column":38}},"loc":{"start":{"line":7,"column":41},"end":{"line":19,"column":1}},"line":7}},"branchMap":{},"s":{"0":0,"1":0},"f":{"0":0},"b":{}}
,"/Users/vintvgx/Desktop/bandit.studios/COMMUNITE/VENT/app/_layout.tsx": {"path":"/Users/vintvgx/Desktop/bandit.studios/COMMUNITE/VENT/app/_layout.tsx","statementMap":{"0":{"start":{"line":27,"column":0},"end":{"line":27,"column":36}},"1":{"start":{"line":30,"column":22},"end":{"line":36,"column":4}},"2":{"start":{"line":39,"column":20},"end":{"line":39,"column":34}},"3":{"start":{"line":41,"column":22},"end":{"line":41,"column":38}},"4":{"start":{"line":43,"column":24},"end":{"line":45,"column":4}},"5":{"start":{"line":47,"column":2},"end":{"line":55,"column":18}},"6":{"start":{"line":49,"column":4},"end":{"line":49,"column":37}},"7":{"start":{"line":52,"column":4},"end":{"line":54,"column":6}},"8":{"start":{"line":53,"column":6},"end":{"line":53,"column":32}},"9":{"start":{"line":57,"column":2},"end":{"line":61,"column":20}},"10":{"start":{"line":58,"column":4},"end":{"line":60,"column":5}},"11":{"start":{"line":59,"column":6},"end":{"line":59,"column":31}},"12":{"start":{"line":63,"column":2},"end":{"line":65,"column":3}},"13":{"start":{"line":64,"column":4},"end":{"line":64,"column":16}},"14":{"start":{"line":68,"column":2},"end":{"line":74,"column":4}},"15":{"start":{"line":79,"column":24},"end":{"line":79,"column":33}},"16":{"start":{"line":80,"column":22},"end":{"line":80,"column":38}},"17":{"start":{"line":82,"column":2},"end":{"line":84,"column":3}},"18":{"start":{"line":83,"column":4},"end":{"line":83,"column":29}},"19":{"start":{"line":86,"column":2},"end":{"line":97,"column":4}}},"fnMap":{"0":{"name":"RootLayout","decl":{"start":{"line":29,"column":24},"end":{"line":29,"column":34}},"loc":{"start":{"line":29,"column":37},"end":{"line":75,"column":1}},"line":29},"1":{"name":"(anonymous_1)","decl":{"start":{"line":47,"column":12},"end":{"line":47,"column":13}},"loc":{"start":{"line":47,"column":18},"end":{"line":55,"column":3}},"line":47},"2":{"name":"(anonymous_2)","decl":{"start":{"line":52,"column":11},"end":{"line":52,"column":12}},"loc":{"start":{"line":52,"column":17},"end":{"line":54,"column":5}},"line":52},"3":{"name":"(anonymous_3)","decl":{"start":{"line":57,"column":12},"end":{"line":57,"column":13}},"loc":{"start":{"line":57,"column":18},"end":{"line":61,"column":3}},"line":57},"4":{"name":"AppContent","decl":{"start":{"line":78,"column":9},"end":{"line":78,"column":19}},"loc":{"start":{"line":78,"column":22},"end":{"line":98,"column":1}},"line":78}},"branchMap":{"0":{"loc":{"start":{"line":58,"column":4},"end":{"line":60,"column":5}},"type":"if","locations":[{"start":{"line":58,"column":4},"end":{"line":60,"column":5}},{"start":{},"end":{}}],"line":58},"1":{"loc":{"start":{"line":63,"column":2},"end":{"line":65,"column":3}},"type":"if","locations":[{"start":{"line":63,"column":2},"end":{"line":65,"column":3}},{"start":{},"end":{}}],"line":63},"2":{"loc":{"start":{"line":82,"column":2},"end":{"line":84,"column":3}},"type":"if","locations":[{"start":{"line":82,"column":2},"end":{"line":84,"column":3}},{"start":{},"end":{}}],"line":82},"3":{"loc":{"start":{"line":90,"column":17},"end":{"line":90,"column":66}},"type":"cond-expr","locations":[{"start":{"line":90,"column":42},"end":{"line":90,"column":51}},{"start":{"line":90,"column":54},"end":{"line":90,"column":66}}],"line":90}},"s":{"0":0,"1":0,"2":0,"3":0,"4":0,"5":0,"6":0,"7":0,"8":0,"9":0,"10":0,"11":0,"12":0,"13":0,"14":0,"15":0,"16":0,"17":0,"18":0,"19":0},"f":{"0":0,"1":0,"2":0,"3":0,"4":0},"b":{"0":[0,0],"1":[0,0],"2":[0,0],"3":[0,0]}}
,"/Users/vintvgx/Desktop/bandit.studios/COMMUNITE/VENT/app/index.tsx": {"path":"/Users/vintvgx/Desktop/bandit.studios/COMMUNITE/VENT/app/index.tsx","statementMap":{"0":{"start":{"line":4,"column":2},"end":{"line":14,"column":4}}},"fnMap":{"0":{"name":"Index","decl":{"start":{"line":3,"column":24},"end":{"line":3,"column":29}},"loc":{"start":{"line":3,"column":32},"end":{"line":15,"column":1}},"line":3}},"branchMap":{},"s":{"0":0},"f":{"0":0},"b":{}}
,"/Users/vintvgx/Desktop/bandit.studios/COMMUNITE/VENT/app-example/app/+not-found.tsx": {"path":"/Users/vintvgx/Desktop/bandit.studios/COMMUNITE/VENT/app-example/app/+not-found.tsx","statementMap":{"0":{"start":{"line":8,"column":2},"end":{"line":18,"column":4}},"1":{"start":{"line":21,"column":15},"end":{"line":32,"column":2}}},"fnMap":{"0":{"name":"NotFoundScreen","decl":{"start":{"line":7,"column":24},"end":{"line":7,"column":38}},"loc":{"start":{"line":7,"column":41},"end":{"line":19,"column":1}},"line":7}},"branchMap":{},"s":{"0":0,"1":0},"f":{"0":0},"b":{}}
,"/Users/vintvgx/Desktop/bandit.studios/COMMUNITE/VENT/app-example/app/_layout.tsx": {"path":"/Users/vintvgx/Desktop/bandit.studios/COMMUNITE/VENT/app-example/app/_layout.tsx","statementMap":{"0":{"start":{"line":14,"column":0},"end":{"line":14,"column":36}},"1":{"start":{"line":17,"column":22},"end":{"line":17,"column":38}},"2":{"start":{"line":18,"column":19},"end":{"line":20,"column":4}},"3":{"start":{"line":22,"column":2},"end":{"line":26,"column":15}},"4":{"start":{"line":23,"column":4},"end":{"line":25,"column":5}},"5":{"start":{"line":24,"column":6},"end":{"line":24,"column":31}},"6":{"start":{"line":28,"column":2},"end":{"line":30,"column":3}},"7":{"start":{"line":29,"column":4},"end":{"line":29,"column":16}},"8":{"start":{"line":32,"column":2},"end":{"line":42,"column":4}}},"fnMap":{"0":{"name":"RootLayout","decl":{"start":{"line":16,"column":24},"end":{"line":16,"column":34}},"loc":{"start":{"line":16,"column":37},"end":{"line":43,"column":1}},"line":16},"1":{"name":"(anonymous_1)","decl":{"start":{"line":22,"column":12},"end":{"line":22,"column":13}},"loc":{"start":{"line":22,"column":18},"end":{"line":26,"column":3}},"line":22}},"branchMap":{"0":{"loc":{"start":{"line":23,"column":4},"end":{"line":25,"column":5}},"type":"if","locations":[{"start":{"line":23,"column":4},"end":{"line":25,"column":5}},{"start":{},"end":{}}],"line":23},"1":{"loc":{"start":{"line":28,"column":2},"end":{"line":30,"column":3}},"type":"if","locations":[{"start":{"line":28,"column":2},"end":{"line":30,"column":3}},{"start":{},"end":{}}],"line":28},"2":{"loc":{"start":{"line":34,"column":28},"end":{"line":34,"column":77}},"type":"cond-expr","locations":[{"start":{"line":34,"column":53},"end":{"line":34,"column":62}},{"start":{"line":34,"column":65},"end":{"line":34,"column":77}}],"line":34}},"s":{"0":0,"1":0,"2":0,"3":0,"4":0,"5":0,"6":0,"7":0,"8":0},"f":{"0":0,"1":0},"b":{"0":[0,0],"1":[0,0],"2":[0,0]}}
,"/Users/vintvgx/Desktop/bandit.studios/COMMUNITE/VENT/app-example/app/(tabs)/_layout.tsx": {"path":"/Users/vintvgx/Desktop/bandit.studios/COMMUNITE/VENT/app-example/app/(tabs)/_layout.tsx","statementMap":{"0":{"start":{"line":12,"column":22},"end":{"line":12,"column":38}},"1":{"start":{"line":14,"column":2},"end":{"line":44,"column":4}},"2":{"start":{"line":33,"column":37},"end":{"line":33,"column":93}},"3":{"start":{"line":40,"column":37},"end":{"line":40,"column":98}}},"fnMap":{"0":{"name":"TabLayout","decl":{"start":{"line":11,"column":24},"end":{"line":11,"column":33}},"loc":{"start":{"line":11,"column":36},"end":{"line":45,"column":1}},"line":11},"1":{"name":"(anonymous_1)","decl":{"start":{"line":33,"column":22},"end":{"line":33,"column":23}},"loc":{"start":{"line":33,"column":37},"end":{"line":33,"column":93}},"line":33},"2":{"name":"(anonymous_2)","decl":{"start":{"line":40,"column":22},"end":{"line":40,"column":23}},"loc":{"start":{"line":40,"column":37},"end":{"line":40,"column":98}},"line":40}},"branchMap":{"0":{"loc":{"start":{"line":17,"column":38},"end":{"line":17,"column":60}},"type":"binary-expr","locations":[{"start":{"line":17,"column":38},"end":{"line":17,"column":49}},{"start":{"line":17,"column":53},"end":{"line":17,"column":60}}],"line":17}},"s":{"0":0,"1":0,"2":0,"3":0},"f":{"0":0,"1":0,"2":0},"b":{"0":[0,0]}}
,"/Users/vintvgx/Desktop/bandit.studios/COMMUNITE/VENT/app-example/app/(tabs)/explore.tsx": {"path":"/Users/vintvgx/Desktop/bandit.studios/COMMUNITE/VENT/app-example/app/(tabs)/explore.tsx","statementMap":{"0":{"start":{"line":11,"column":2},"end":{"line":95,"column":4}},"1":{"start":{"line":98,"column":15},"end":{"line":109,"column":2}}},"fnMap":{"0":{"name":"TabTwoScreen","decl":{"start":{"line":10,"column":24},"end":{"line":10,"column":36}},"loc":{"start":{"line":10,"column":39},"end":{"line":96,"column":1}},"line":10}},"branchMap":{},"s":{"0":0,"1":0},"f":{"0":0},"b":{}}
,"/Users/vintvgx/Desktop/bandit.studios/COMMUNITE/VENT/app-example/app/(tabs)/index.tsx": {"path":"/Users/vintvgx/Desktop/bandit.studios/COMMUNITE/VENT/app-example/app/(tabs)/index.tsx","statementMap":{"0":{"start":{"line":9,"column":2},"end":{"line":54,"column":4}},"1":{"start":{"line":57,"column":15},"end":{"line":74,"column":2}}},"fnMap":{"0":{"name":"HomeScreen","decl":{"start":{"line":8,"column":24},"end":{"line":8,"column":34}},"loc":{"start":{"line":8,"column":37},"end":{"line":55,"column":1}},"line":8}},"branchMap":{},"s":{"0":0,"1":0},"f":{"0":0},"b":{}}
,"/Users/vintvgx/Desktop/bandit.studios/COMMUNITE/VENT/app-example/components/Collapsible.tsx": {"path":"/Users/vintvgx/Desktop/bandit.studios/COMMUNITE/VENT/app-example/components/Collapsible.tsx","statementMap":{"0":{"start":{"line":11,"column":30},"end":{"line":11,"column":45}},"1":{"start":{"line":12,"column":16},"end":{"line":12,"column":43}},"2":{"start":{"line":14,"column":2},"end":{"line":32,"column":4}},"3":{"start":{"line":18,"column":23},"end":{"line":18,"column":51}},"4":{"start":{"line":18,"column":44},"end":{"line":18,"column":50}},"5":{"start":{"line":35,"column":15},"end":{"line":45,"column":2}}},"fnMap":{"0":{"name":"Collapsible","decl":{"start":{"line":10,"column":16},"end":{"line":10,"column":27}},"loc":{"start":{"line":10,"column":88},"end":{"line":33,"column":1}},"line":10},"1":{"name":"(anonymous_1)","decl":{"start":{"line":18,"column":17},"end":{"line":18,"column":18}},"loc":{"start":{"line":18,"column":23},"end":{"line":18,"column":51}},"line":18},"2":{"name":"(anonymous_2)","decl":{"start":{"line":18,"column":33},"end":{"line":18,"column":34}},"loc":{"start":{"line":18,"column":44},"end":{"line":18,"column":50}},"line":18}},"branchMap":{"0":{"loc":{"start":{"line":12,"column":16},"end":{"line":12,"column":43}},"type":"binary-expr","locations":[{"start":{"line":12,"column":16},"end":{"line":12,"column":32}},{"start":{"line":12,"column":36},"end":{"line":12,"column":43}}],"line":12},"1":{"loc":{"start":{"line":24,"column":17},"end":{"line":24,"column":73}},"type":"cond-expr","locations":[{"start":{"line":24,"column":37},"end":{"line":24,"column":54}},{"start":{"line":24,"column":57},"end":{"line":24,"column":73}}],"line":24},"2":{"loc":{"start":{"line":25,"column":41},"end":{"line":25,"column":66}},"type":"cond-expr","locations":[{"start":{"line":25,"column":50},"end":{"line":25,"column":57}},{"start":{"line":25,"column":60},"end":{"line":25,"column":66}}],"line":25},"3":{"loc":{"start":{"line":30,"column":7},"end":{"line":30,"column":75}},"type":"binary-expr","locations":[{"start":{"line":30,"column":7},"end":{"line":30,"column":13}},{"start":{"line":30,"column":17},"end":{"line":30,"column":75}}],"line":30}},"s":{"0":0,"1":0,"2":0,"3":0,"4":0,"5":0},"f":{"0":0,"1":0,"2":0},"b":{"0":[0,0],"1":[0,0],"2":[0,0],"3":[0,0]}}
,"/Users/vintvgx/Desktop/bandit.studios/COMMUNITE/VENT/app-example/components/ExternalLink.tsx": {"path":"/Users/vintvgx/Desktop/bandit.studios/COMMUNITE/VENT/app-example/components/ExternalLink.tsx","statementMap":{"0":{"start":{"line":9,"column":2},"end":{"line":23,"column":4}},"1":{"start":{"line":15,"column":8},"end":{"line":20,"column":9}},"2":{"start":{"line":17,"column":10},"end":{"line":17,"column":33}},"3":{"start":{"line":19,"column":10},"end":{"line":19,"column":39}}},"fnMap":{"0":{"name":"ExternalLink","decl":{"start":{"line":8,"column":16},"end":{"line":8,"column":28}},"loc":{"start":{"line":8,"column":55},"end":{"line":24,"column":1}},"line":8},"1":{"name":"(anonymous_1)","decl":{"start":{"line":14,"column":15},"end":{"line":14,"column":16}},"loc":{"start":{"line":14,"column":32},"end":{"line":21,"column":7}},"line":14}},"branchMap":{"0":{"loc":{"start":{"line":15,"column":8},"end":{"line":20,"column":9}},"type":"if","locations":[{"start":{"line":15,"column":8},"end":{"line":20,"column":9}},{"start":{},"end":{}}],"line":15}},"s":{"0":0,"1":0,"2":0,"3":0},"f":{"0":0,"1":0},"b":{"0":[0,0]}}
,"/Users/vintvgx/Desktop/bandit.studios/COMMUNITE/VENT/app-example/components/HapticTab.tsx": {"path":"/Users/vintvgx/Desktop/bandit.studios/COMMUNITE/VENT/app-example/components/HapticTab.tsx","statementMap":{"0":{"start":{"line":6,"column":2},"end":{"line":17,"column":4}},"1":{"start":{"line":10,"column":8},"end":{"line":13,"column":9}},"2":{"start":{"line":12,"column":10},"end":{"line":12,"column":65}},"3":{"start":{"line":14,"column":8},"end":{"line":14,"column":30}}},"fnMap":{"0":{"name":"HapticTab","decl":{"start":{"line":5,"column":16},"end":{"line":5,"column":25}},"loc":{"start":{"line":5,"column":58},"end":{"line":18,"column":1}},"line":5},"1":{"name":"(anonymous_1)","decl":{"start":{"line":9,"column":17},"end":{"line":9,"column":18}},"loc":{"start":{"line":9,"column":25},"end":{"line":15,"column":7}},"line":9}},"branchMap":{"0":{"loc":{"start":{"line":10,"column":8},"end":{"line":13,"column":9}},"type":"if","locations":[{"start":{"line":10,"column":8},"end":{"line":13,"column":9}},{"start":{},"end":{}}],"line":10}},"s":{"0":0,"1":0,"2":0,"3":0},"f":{"0":0,"1":0},"b":{"0":[0,0]}}
,"/Users/vintvgx/Desktop/bandit.studios/COMMUNITE/VENT/app-example/components/HelloWave.tsx": {"path":"/Users/vintvgx/Desktop/bandit.studios/COMMUNITE/VENT/app-example/components/HelloWave.tsx","statementMap":{"0":{"start":{"line":14,"column":28},"end":{"line":14,"column":45}},"1":{"start":{"line":16,"column":2},"end":{"line":21,"column":9}},"2":{"start":{"line":17,"column":4},"end":{"line":20,"column":6}},"3":{"start":{"line":23,"column":24},"end":{"line":25,"column":5}},"4":{"start":{"line":23,"column":48},"end":{"line":25,"column":3}},"5":{"start":{"line":27,"column":2},"end":{"line":31,"column":4}},"6":{"start":{"line":34,"column":15},"end":{"line":40,"column":2}}},"fnMap":{"0":{"name":"HelloWave","decl":{"start":{"line":13,"column":16},"end":{"line":13,"column":25}},"loc":{"start":{"line":13,"column":28},"end":{"line":32,"column":1}},"line":13},"1":{"name":"(anonymous_1)","decl":{"start":{"line":16,"column":12},"end":{"line":16,"column":13}},"loc":{"start":{"line":16,"column":18},"end":{"line":21,"column":3}},"line":16},"2":{"name":"(anonymous_2)","decl":{"start":{"line":23,"column":41},"end":{"line":23,"column":42}},"loc":{"start":{"line":23,"column":48},"end":{"line":25,"column":3}},"line":23}},"branchMap":{},"s":{"0":0,"1":0,"2":0,"3":0,"4":0,"5":0,"6":0},"f":{"0":0,"1":0,"2":0},"b":{}}
,"/Users/vintvgx/Desktop/bandit.studios/COMMUNITE/VENT/app-example/components/ParallaxScrollView.tsx": {"path":"/Users/vintvgx/Desktop/bandit.studios/COMMUNITE/VENT/app-example/components/ParallaxScrollView.tsx","statementMap":{"0":{"start":{"line":14,"column":22},"end":{"line":14,"column":25}},"1":{"start":{"line":26,"column":22},"end":{"line":26,"column":49}},"2":{"start":{"line":27,"column":20},"end":{"line":27,"column":57}},"3":{"start":{"line":28,"column":23},"end":{"line":28,"column":53}},"4":{"start":{"line":29,"column":17},"end":{"line":29,"column":39}},"5":{"start":{"line":30,"column":30},"end":{"line":45,"column":4}},"6":{"start":{"line":31,"column":4},"end":{"line":44,"column":6}},"7":{"start":{"line":47,"column":2},"end":{"line":65,"column":4}},"8":{"start":{"line":68,"column":15},"end":{"line":82,"column":2}}},"fnMap":{"0":{"name":"ParallaxScrollView","decl":{"start":{"line":21,"column":24},"end":{"line":21,"column":42}},"loc":{"start":{"line":25,"column":10},"end":{"line":66,"column":1}},"line":25},"1":{"name":"(anonymous_1)","decl":{"start":{"line":30,"column":47},"end":{"line":30,"column":48}},"loc":{"start":{"line":30,"column":53},"end":{"line":45,"column":3}},"line":30}},"branchMap":{"0":{"loc":{"start":{"line":26,"column":22},"end":{"line":26,"column":49}},"type":"binary-expr","locations":[{"start":{"line":26,"column":22},"end":{"line":26,"column":38}},{"start":{"line":26,"column":42},"end":{"line":26,"column":49}}],"line":26}},"s":{"0":0,"1":0,"2":0,"3":0,"4":0,"5":0,"6":0,"7":0,"8":0},"f":{"0":0,"1":0},"b":{"0":[0,0]}}
,"/Users/vintvgx/Desktop/bandit.studios/COMMUNITE/VENT/app-example/components/ThemedText.tsx": {"path":"/Users/vintvgx/Desktop/bandit.studios/COMMUNITE/VENT/app-example/components/ThemedText.tsx","statementMap":{"0":{"start":{"line":18,"column":16},"end":{"line":18,"column":77}},"1":{"start":{"line":20,"column":2},"end":{"line":33,"column":4}},"2":{"start":{"line":36,"column":15},"end":{"line":60,"column":2}}},"fnMap":{"0":{"name":"ThemedText","decl":{"start":{"line":11,"column":16},"end":{"line":11,"column":26}},"loc":{"start":{"line":17,"column":20},"end":{"line":34,"column":1}},"line":17}},"branchMap":{"0":{"loc":{"start":{"line":15,"column":2},"end":{"line":15,"column":18}},"type":"default-arg","locations":[{"start":{"line":15,"column":9},"end":{"line":15,"column":18}}],"line":15},"1":{"loc":{"start":{"line":24,"column":8},"end":{"line":24,"column":55}},"type":"cond-expr","locations":[{"start":{"line":24,"column":29},"end":{"line":24,"column":43}},{"start":{"line":24,"column":46},"end":{"line":24,"column":55}}],"line":24},"2":{"loc":{"start":{"line":25,"column":8},"end":{"line":25,"column":51}},"type":"cond-expr","locations":[{"start":{"line":25,"column":27},"end":{"line":25,"column":39}},{"start":{"line":25,"column":42},"end":{"line":25,"column":51}}],"line":25},"3":{"loc":{"start":{"line":26,"column":8},"end":{"line":26,"column":71}},"type":"cond-expr","locations":[{"start":{"line":26,"column":37},"end":{"line":26,"column":59}},{"start":{"line":26,"column":62},"end":{"line":26,"column":71}}],"line":26},"4":{"loc":{"start":{"line":27,"column":8},"end":{"line":27,"column":57}},"type":"cond-expr","locations":[{"start":{"line":27,"column":30},"end":{"line":27,"column":45}},{"start":{"line":27,"column":48},"end":{"line":27,"column":57}}],"line":27},"5":{"loc":{"start":{"line":28,"column":8},"end":{"line":28,"column":49}},"type":"cond-expr","locations":[{"start":{"line":28,"column":26},"end":{"line":28,"column":37}},{"start":{"line":28,"column":40},"end":{"line":28,"column":49}}],"line":28}},"s":{"0":1,"1":1,"2":1},"f":{"0":1},"b":{"0":[1],"1":[1,0],"2":[0,1],"3":[0,1],"4":[0,1],"5":[0,1]},"_coverageSchema":"1a1c01bbd47fc00a2c39e90264f33305004495a9","hash":"ad81134ed618856a630add0e3b2e83b30cae2646"}
,"/Users/vintvgx/Desktop/bandit.studios/COMMUNITE/VENT/app-example/components/ThemedView.tsx": {"path":"/Users/vintvgx/Desktop/bandit.studios/COMMUNITE/VENT/app-example/components/ThemedView.tsx","statementMap":{"0":{"start":{"line":11,"column":26},"end":{"line":11,"column":93}},"1":{"start":{"line":13,"column":2},"end":{"line":13,"column":71}}},"fnMap":{"0":{"name":"ThemedView","decl":{"start":{"line":10,"column":16},"end":{"line":10,"column":26}},"loc":{"start":{"line":10,"column":93},"end":{"line":14,"column":1}},"line":10}},"branchMap":{},"s":{"0":0,"1":0},"f":{"0":0},"b":{}}
,"/Users/vintvgx/Desktop/bandit.studios/COMMUNITE/VENT/app-example/components/auth/AppleAuth.tsx": {"path":"/Users/vintvgx/Desktop/bandit.studios/COMMUNITE/VENT/app-example/components/auth/AppleAuth.tsx","statementMap":{"0":{"start":{"line":6,"column":18},"end":{"line":47,"column":1}},"1":{"start":{"line":7,"column":2},"end":{"line":46,"column":3}},"2":{"start":{"line":14,"column":10},"end":{"line":43,"column":11}},"3":{"start":{"line":15,"column":31},"end":{"line":20,"column":14}},"4":{"start":{"line":22,"column":12},"end":{"line":36,"column":13}},"5":{"start":{"line":26,"column":18},"end":{"line":29,"column":16}},"6":{"start":{"line":30,"column":14},"end":{"line":30,"column":67}},"7":{"start":{"line":31,"column":14},"end":{"line":33,"column":15}},"8":{"start":{"line":35,"column":14},"end":{"line":35,"column":50}},"9":{"start":{"line":38,"column":12},"end":{"line":42,"column":13}},"10":{"start":{"line":39,"column":14},"end":{"line":39,"column":56}},"11":{"start":{"line":41,"column":14},"end":{"line":41,"column":54}},"12":{"start":{"line":51,"column":15},"end":{"line":51,"column":36}}},"fnMap":{"0":{"name":"(anonymous_0)","decl":{"start":{"line":6,"column":18},"end":{"line":6,"column":19}},"loc":{"start":{"line":6,"column":24},"end":{"line":47,"column":1}},"line":6},"1":{"name":"(anonymous_1)","decl":{"start":{"line":13,"column":17},"end":{"line":13,"column":18}},"loc":{"start":{"line":13,"column":29},"end":{"line":44,"column":9}},"line":13}},"branchMap":{"0":{"loc":{"start":{"line":22,"column":12},"end":{"line":36,"column":13}},"type":"if","locations":[{"start":{"line":22,"column":12},"end":{"line":36,"column":13}},{"start":{"line":34,"column":19},"end":{"line":36,"column":13}}],"line":22},"1":{"loc":{"start":{"line":31,"column":14},"end":{"line":33,"column":15}},"type":"if","locations":[{"start":{"line":31,"column":14},"end":{"line":33,"column":15}},{"start":{},"end":{}}],"line":31},"2":{"loc":{"start":{"line":38,"column":12},"end":{"line":42,"column":13}},"type":"if","locations":[{"start":{"line":38,"column":12},"end":{"line":42,"column":13}},{"start":{"line":40,"column":19},"end":{"line":42,"column":13}}],"line":38},"3":{"loc":{"start":{"line":38,"column":16},"end":{"line":38,"column":86}},"type":"binary-expr","locations":[{"start":{"line":38,"column":16},"end":{"line":38,"column":34}},{"start":{"line":38,"column":38},"end":{"line":38,"column":49}},{"start":{"line":38,"column":53},"end":{"line":38,"column":86}}],"line":38}},"s":{"0":0,"1":0,"2":0,"3":0,"4":0,"5":0,"6":0,"7":0,"8":0,"9":0,"10":0,"11":0,"12":0},"f":{"0":0,"1":0},"b":{"0":[0,0],"1":[0,0],"2":[0,0],"3":[0,0,0]}}
,"/Users/vintvgx/Desktop/bandit.studios/COMMUNITE/VENT/app-example/components/ui/IconSymbol.ios.tsx": {"path":"/Users/vintvgx/Desktop/bandit.studios/COMMUNITE/VENT/app-example/components/ui/IconSymbol.ios.tsx","statementMap":{"0":{"start":{"line":17,"column":2},"end":{"line":31,"column":4}}},"fnMap":{"0":{"name":"IconSymbol","decl":{"start":{"line":4,"column":16},"end":{"line":4,"column":26}},"loc":{"start":{"line":16,"column":3},"end":{"line":32,"column":1}},"line":16}},"branchMap":{"0":{"loc":{"start":{"line":6,"column":2},"end":{"line":6,"column":11}},"type":"default-arg","locations":[{"start":{"line":6,"column":9},"end":{"line":6,"column":11}}],"line":6},"1":{"loc":{"start":{"line":9,"column":2},"end":{"line":9,"column":20}},"type":"default-arg","locations":[{"start":{"line":9,"column":11},"end":{"line":9,"column":20}}],"line":9}},"s":{"0":0},"f":{"0":0},"b":{"0":[0],"1":[0]}}
,"/Users/vintvgx/Desktop/bandit.studios/COMMUNITE/VENT/app-example/components/ui/IconSymbol.tsx": {"path":"/Users/vintvgx/Desktop/bandit.studios/COMMUNITE/VENT/app-example/components/ui/IconSymbol.tsx","statementMap":{"0":{"start":{"line":9,"column":16},"end":{"line":21,"column":1}},"1":{"start":{"line":42,"column":2},"end":{"line":42,"column":88}}},"fnMap":{"0":{"name":"IconSymbol","decl":{"start":{"line":30,"column":16},"end":{"line":30,"column":26}},"loc":{"start":{"line":41,"column":3},"end":{"line":43,"column":1}},"line":41}},"branchMap":{"0":{"loc":{"start":{"line":32,"column":2},"end":{"line":32,"column":11}},"type":"default-arg","locations":[{"start":{"line":32,"column":9},"end":{"line":32,"column":11}}],"line":32}},"s":{"0":0,"1":0},"f":{"0":0},"b":{"0":[0]}}
,"/Users/vintvgx/Desktop/bandit.studios/COMMUNITE/VENT/app-example/components/ui/TabBarBackground.ios.tsx": {"path":"/Users/vintvgx/Desktop/bandit.studios/COMMUNITE/VENT/app-example/components/ui/TabBarBackground.ios.tsx","statementMap":{"0":{"start":{"line":7,"column":2},"end":{"line":15,"column":4}},"1":{"start":{"line":19,"column":20},"end":{"line":19,"column":43}},"2":{"start":{"line":20,"column":21},"end":{"line":20,"column":40}},"3":{"start":{"line":21,"column":2},"end":{"line":21,"column":28}}},"fnMap":{"0":{"name":"BlurTabBarBackground","decl":{"start":{"line":6,"column":24},"end":{"line":6,"column":44}},"loc":{"start":{"line":6,"column":47},"end":{"line":16,"column":1}},"line":6},"1":{"name":"useBottomTabOverflow","decl":{"start":{"line":18,"column":16},"end":{"line":18,"column":36}},"loc":{"start":{"line":18,"column":39},"end":{"line":22,"column":1}},"line":18}},"branchMap":{},"s":{"0":0,"1":0,"2":0,"3":0},"f":{"0":0,"1":0},"b":{}}
,"/Users/vintvgx/Desktop/bandit.studios/COMMUNITE/VENT/app-example/components/ui/TabBarBackground.tsx": {"path":"/Users/vintvgx/Desktop/bandit.studios/COMMUNITE/VENT/app-example/components/ui/TabBarBackground.tsx","statementMap":{"0":{"start":{"line":5,"column":2},"end":{"line":5,"column":11}}},"fnMap":{"0":{"name":"useBottomTabOverflow","decl":{"start":{"line":4,"column":16},"end":{"line":4,"column":36}},"loc":{"start":{"line":4,"column":39},"end":{"line":6,"column":1}},"line":4}},"branchMap":{},"s":{"0":0},"f":{"0":0},"b":{}}
,"/Users/vintvgx/Desktop/bandit.studios/COMMUNITE/VENT/app-example/components/ui/button/index.tsx": {"path":"/Users/vintvgx/Desktop/bandit.studios/COMMUNITE/VENT/app-example/components/ui/button/index.tsx","statementMap":{"0":{"start":{"line":14,"column":14},"end":{"line":14,"column":22}},"1":{"start":{"line":16,"column":13},"end":{"line":16,"column":47}},"2":{"start":{"line":18,"column":17},"end":{"line":24,"column":2}},"3":{"start":{"line":26,"column":0},"end":{"line":37,"column":3}},"4":{"start":{"line":39,"column":20},"end":{"line":119,"column":2}},"5":{"start":{"line":121,"column":24},"end":{"line":198,"column":2}},"6":{"start":{"line":200,"column":24},"end":{"line":254,"column":2}},"7":{"start":{"line":256,"column":25},"end":{"line":279,"column":2}},"8":{"start":{"line":287,"column":15},"end":{"line":302,"column":2}},"9":{"start":{"line":294,"column":2},"end":{"line":301,"column":4}},"10":{"start":{"line":307,"column":19},"end":{"line":334,"column":2}},"11":{"start":{"line":315,"column":6},"end":{"line":315,"column":28}},"12":{"start":{"line":317,"column":2},"end":{"line":333,"column":4}},"13":{"start":{"line":336,"column":22},"end":{"line":336,"column":38}},"14":{"start":{"line":346,"column":19},"end":{"line":392,"column":2}},"15":{"start":{"line":354,"column":6},"end":{"line":354,"column":28}},"16":{"start":{"line":356,"column":2},"end":{"line":376,"column":3}},"17":{"start":{"line":357,"column":4},"end":{"line":364,"column":6}},"18":{"start":{"line":365,"column":9},"end":{"line":376,"column":3}},"19":{"start":{"line":369,"column":4},"end":{"line":375,"column":6}},"20":{"start":{"line":377,"column":2},"end":{"line":391,"column":4}},"21":{"start":{"line":397,"column":20},"end":{"line":422,"column":2}},"22":{"start":{"line":410,"column":2},"end":{"line":421,"column":4}},"23":{"start":{"line":424,"column":0},"end":{"line":424,"column":30}},"24":{"start":{"line":425,"column":0},"end":{"line":425,"column":38}},"25":{"start":{"line":426,"column":0},"end":{"line":426,"column":44}},"26":{"start":{"line":427,"column":0},"end":{"line":427,"column":38}},"27":{"start":{"line":428,"column":0},"end":{"line":428,"column":40}}},"fnMap":{"0":{"name":"Button","decl":{"start":{"line":290,"column":11},"end":{"line":290,"column":17}},"loc":{"start":{"line":293,"column":2},"end":{"line":302,"column":1}},"line":293},"1":{"name":"ButtonText","decl":{"start":{"line":310,"column":11},"end":{"line":310,"column":21}},"loc":{"start":{"line":310,"column":75},"end":{"line":334,"column":1}},"line":310},"2":{"name":"ButtonIcon","decl":{"start":{"line":349,"column":11},"end":{"line":349,"column":21}},"loc":{"start":{"line":349,"column":58},"end":{"line":392,"column":1}},"line":349},"3":{"name":"ButtonGroup","decl":{"start":{"line":400,"column":11},"end":{"line":400,"column":22}},"loc":{"start":{"line":409,"column":2},"end":{"line":422,"column":1}},"line":409}},"branchMap":{"0":{"loc":{"start":{"line":291,"column":15},"end":{"line":291,"column":32}},"type":"default-arg","locations":[{"start":{"line":291,"column":25},"end":{"line":291,"column":32}}],"line":291},"1":{"loc":{"start":{"line":291,"column":34},"end":{"line":291,"column":45}},"type":"default-arg","locations":[{"start":{"line":291,"column":41},"end":{"line":291,"column":45}}],"line":291},"2":{"loc":{"start":{"line":291,"column":47},"end":{"line":291,"column":65}},"type":"default-arg","locations":[{"start":{"line":291,"column":56},"end":{"line":291,"column":65}}],"line":291},"3":{"loc":{"start":{"line":356,"column":2},"end":{"line":376,"column":3}},"type":"if","locations":[{"start":{"line":356,"column":2},"end":{"line":376,"column":3}},{"start":{"line":365,"column":9},"end":{"line":376,"column":3}}],"line":356},"4":{"loc":{"start":{"line":365,"column":9},"end":{"line":376,"column":3}},"type":"if","locations":[{"start":{"line":365,"column":9},"end":{"line":376,"column":3}},{"start":{},"end":{}}],"line":365},"5":{"loc":{"start":{"line":366,"column":4},"end":{"line":367,"column":22}},"type":"binary-expr","locations":[{"start":{"line":366,"column":5},"end":{"line":366,"column":31}},{"start":{"line":366,"column":35},"end":{"line":366,"column":60}},{"start":{"line":367,"column":4},"end":{"line":367,"column":22}}],"line":366},"6":{"loc":{"start":{"line":403,"column":4},"end":{"line":403,"column":16}},"type":"default-arg","locations":[{"start":{"line":403,"column":12},"end":{"line":403,"column":16}}],"line":403},"7":{"loc":{"start":{"line":404,"column":4},"end":{"line":404,"column":22}},"type":"default-arg","locations":[{"start":{"line":404,"column":17},"end":{"line":404,"column":22}}],"line":404},"8":{"loc":{"start":{"line":405,"column":4},"end":{"line":405,"column":28}},"type":"default-arg","locations":[{"start":{"line":405,"column":20},"end":{"line":405,"column":28}}],"line":405}},"s":{"0":0,"1":0,"2":0,"3":0,"4":0,"5":0,"6":0,"7":0,"8":0,"9":0,"10":0,"11":0,"12":0,"13":0,"14":0,"15":0,"16":0,"17":0,"18":0,"19":0,"20":0,"21":0,"22":0,"23":0,"24":0,"25":0,"26":0,"27":0},"f":{"0":0,"1":0,"2":0,"3":0},"b":{"0":[0],"1":[0],"2":[0],"3":[0,0],"4":[0,0],"5":[0,0,0],"6":[0],"7":[0],"8":[0]}}
,"/Users/vintvgx/Desktop/bandit.studios/COMMUNITE/VENT/app-example/components/ui/gluestack-ui-provider/config.ts": {"path":"/Users/vintvgx/Desktop/bandit.studios/COMMUNITE/VENT/app-example/components/ui/gluestack-ui-provider/config.ts","statementMap":{"0":{"start":{"line":4,"column":22},"end":{"line":309,"column":1}}},"fnMap":{},"branchMap":{},"s":{"0":0},"f":{},"b":{}}
,"/Users/vintvgx/Desktop/bandit.studios/COMMUNITE/VENT/app-example/components/ui/gluestack-ui-provider/index.tsx": {"path":"/Users/vintvgx/Desktop/bandit.studios/COMMUNITE/VENT/app-example/components/ui/gluestack-ui-provider/index.tsx","statementMap":{"0":{"start":{"line":17,"column":42},"end":{"line":17,"column":58}},"1":{"start":{"line":19,"column":2},"end":{"line":22,"column":13}},"2":{"start":{"line":20,"column":4},"end":{"line":20,"column":25}},"3":{"start":{"line":24,"column":2},"end":{"line":36,"column":4}}},"fnMap":{"0":{"name":"GluestackUIProvider","decl":{"start":{"line":9,"column":16},"end":{"line":9,"column":35}},"loc":{"start":{"line":16,"column":3},"end":{"line":37,"column":1}},"line":16},"1":{"name":"(anonymous_1)","decl":{"start":{"line":19,"column":12},"end":{"line":19,"column":13}},"loc":{"start":{"line":19,"column":18},"end":{"line":22,"column":3}},"line":19}},"branchMap":{"0":{"loc":{"start":{"line":10,"column":2},"end":{"line":10,"column":16}},"type":"default-arg","locations":[{"start":{"line":10,"column":9},"end":{"line":10,"column":16}}],"line":10}},"s":{"0":0,"1":0,"2":0,"3":0},"f":{"0":0,"1":0},"b":{"0":[0]}}
,"/Users/vintvgx/Desktop/bandit.studios/COMMUNITE/VENT/app-example/components/ui/gluestack-ui-provider/index.web.tsx": {"path":"/Users/vintvgx/Desktop/bandit.studios/COMMUNITE/VENT/app-example/components/ui/gluestack-ui-provider/index.web.tsx","statementMap":{"0":{"start":{"line":10,"column":27},"end":{"line":10,"column":45}},"1":{"start":{"line":11,"column":20},"end":{"line":16,"column":1}},"2":{"start":{"line":12,"column":16},"end":{"line":12,"column":47}},"3":{"start":{"line":13,"column":2},"end":{"line":13,"column":24}},"4":{"start":{"line":14,"column":2},"end":{"line":14,"column":49}},"5":{"start":{"line":15,"column":2},"end":{"line":15,"column":15}},"6":{"start":{"line":19,"column":2},"end":{"line":19,"column":61}},"7":{"start":{"line":28,"column":29},"end":{"line":28,"column":31}},"8":{"start":{"line":29,"column":2},"end":{"line":39,"column":5}},"9":{"start":{"line":30,"column":4},"end":{"line":31,"column":61}},"10":{"start":{"line":32,"column":25},"end":{"line":37,"column":10}},"11":{"start":{"line":35,"column":6},"end":{"line":35,"column":75}},"12":{"start":{"line":36,"column":6},"end":{"line":36,"column":17}},"13":{"start":{"line":38,"column":4},"end":{"line":38,"column":50}},"14":{"start":{"line":41,"column":2},"end":{"line":41,"column":39}},"15":{"start":{"line":43,"column":27},"end":{"line":45,"column":8}},"16":{"start":{"line":44,"column":4},"end":{"line":44,"column":41}},"17":{"start":{"line":47,"column":2},"end":{"line":56,"column":13}},"18":{"start":{"line":48,"column":4},"end":{"line":55,"column":5}},"19":{"start":{"line":49,"column":30},"end":{"line":49,"column":54}},"20":{"start":{"line":50,"column":6},"end":{"line":54,"column":7}},"21":{"start":{"line":51,"column":8},"end":{"line":51,"column":44}},"22":{"start":{"line":52,"column":8},"end":{"line":52,"column":78}},"23":{"start":{"line":53,"column":8},"end":{"line":53,"column":49}},"24":{"start":{"line":58,"column":2},"end":{"line":65,"column":25}},"25":{"start":{"line":59,"column":4},"end":{"line":59,"column":34}},"26":{"start":{"line":59,"column":27},"end":{"line":59,"column":34}},"27":{"start":{"line":60,"column":18},"end":{"line":60,"column":67}},"28":{"start":{"line":62,"column":4},"end":{"line":62,"column":40}},"29":{"start":{"line":64,"column":4},"end":{"line":64,"column":56}},"30":{"start":{"line":64,"column":17},"end":{"line":64,"column":55}},"31":{"start":{"line":67,"column":2},"end":{"line":80,"column":9}},"32":{"start":{"line":68,"column":4},"end":{"line":79,"column":5}},"33":{"start":{"line":69,"column":30},"end":{"line":69,"column":54}},"34":{"start":{"line":70,"column":6},"end":{"line":78,"column":7}},"35":{"start":{"line":71,"column":21},"end":{"line":71,"column":58}},"36":{"start":{"line":72,"column":20},"end":{"line":72,"column":71}},"37":{"start":{"line":73,"column":8},"end":{"line":77,"column":9}},"38":{"start":{"line":74,"column":10},"end":{"line":74,"column":50}},"39":{"start":{"line":75,"column":10},"end":{"line":75,"column":49}},"40":{"start":{"line":76,"column":10},"end":{"line":76,"column":44}},"41":{"start":{"line":76,"column":20},"end":{"line":76,"column":44}},"42":{"start":{"line":82,"column":2},"end":{"line":94,"column":4}}},"fnMap":{"0":{"name":"(anonymous_0)","decl":{"start":{"line":11,"column":20},"end":{"line":11,"column":21}},"loc":{"start":{"line":11,"column":44},"end":{"line":16,"column":1}},"line":11},"1":{"name":"GluestackUIProvider","decl":{"start":{"line":21,"column":16},"end":{"line":21,"column":35}},"loc":{"start":{"line":27,"column":3},"end":{"line":95,"column":1}},"line":27},"2":{"name":"(anonymous_2)","decl":{"start":{"line":29,"column":30},"end":{"line":29,"column":31}},"loc":{"start":{"line":29,"column":45},"end":{"line":39,"column":3}},"line":29},"3":{"name":"(anonymous_3)","decl":{"start":{"line":34,"column":13},"end":{"line":34,"column":14}},"loc":{"start":{"line":34,"column":44},"end":{"line":37,"column":5}},"line":34},"4":{"name":"(anonymous_4)","decl":{"start":{"line":43,"column":45},"end":{"line":43,"column":46}},"loc":{"start":{"line":43,"column":73},"end":{"line":45,"column":3}},"line":43},"5":{"name":"(anonymous_5)","decl":{"start":{"line":47,"column":22},"end":{"line":47,"column":23}},"loc":{"start":{"line":47,"column":28},"end":{"line":56,"column":3}},"line":47},"6":{"name":"(anonymous_6)","decl":{"start":{"line":58,"column":22},"end":{"line":58,"column":23}},"loc":{"start":{"line":58,"column":28},"end":{"line":65,"column":3}},"line":58},"7":{"name":"(anonymous_7)","decl":{"start":{"line":64,"column":11},"end":{"line":64,"column":12}},"loc":{"start":{"line":64,"column":17},"end":{"line":64,"column":55}},"line":64},"8":{"name":"(anonymous_8)","decl":{"start":{"line":67,"column":22},"end":{"line":67,"column":23}},"loc":{"start":{"line":67,"column":28},"end":{"line":80,"column":3}},"line":67}},"branchMap":{"0":{"loc":{"start":{"line":19,"column":2},"end":{"line":19,"column":61}},"type":"cond-expr","locations":[{"start":{"line":19,"column":34},"end":{"line":19,"column":49}},{"start":{"line":19,"column":52},"end":{"line":19,"column":61}}],"line":19},"1":{"loc":{"start":{"line":22,"column":2},"end":{"line":22,"column":16}},"type":"default-arg","locations":[{"start":{"line":22,"column":9},"end":{"line":22,"column":16}}],"line":22},"2":{"loc":{"start":{"line":31,"column":6},"end":{"line":31,"column":60}},"type":"cond-expr","locations":[{"start":{"line":31,"column":29},"end":{"line":31,"column":44}},{"start":{"line":31,"column":47},"end":{"line":31,"column":60}}],"line":31},"3":{"loc":{"start":{"line":44,"column":11},"end":{"line":44,"column":39}},"type":"cond-expr","locations":[{"start":{"line":44,"column":23},"end":{"line":44,"column":29}},{"start":{"line":44,"column":32},"end":{"line":44,"column":39}}],"line":44},"4":{"loc":{"start":{"line":48,"column":4},"end":{"line":55,"column":5}},"type":"if","locations":[{"start":{"line":48,"column":4},"end":{"line":55,"column":5}},{"start":{},"end":{}}],"line":48},"5":{"loc":{"start":{"line":50,"column":6},"end":{"line":54,"column":7}},"type":"if","locations":[{"start":{"line":50,"column":6},"end":{"line":54,"column":7}},{"start":{},"end":{}}],"line":50},"6":{"loc":{"start":{"line":52,"column":41},"end":{"line":52,"column":76}},"type":"cond-expr","locations":[{"start":{"line":52,"column":60},"end":{"line":52,"column":66}},{"start":{"line":52,"column":69},"end":{"line":52,"column":76}}],"line":52},"7":{"loc":{"start":{"line":59,"column":4},"end":{"line":59,"column":34}},"type":"if","locations":[{"start":{"line":59,"column":4},"end":{"line":59,"column":34}},{"start":{},"end":{}}],"line":59},"8":{"loc":{"start":{"line":68,"column":4},"end":{"line":79,"column":5}},"type":"if","locations":[{"start":{"line":68,"column":4},"end":{"line":79,"column":5}},{"start":{},"end":{}}],"line":68},"9":{"loc":{"start":{"line":70,"column":6},"end":{"line":78,"column":7}},"type":"if","locations":[{"start":{"line":70,"column":6},"end":{"line":78,"column":7}},{"start":{},"end":{}}],"line":70},"10":{"loc":{"start":{"line":73,"column":8},"end":{"line":77,"column":9}},"type":"if","locations":[{"start":{"line":73,"column":8},"end":{"line":77,"column":9}},{"start":{},"end":{}}],"line":73},"11":{"loc":{"start":{"line":76,"column":10},"end":{"line":76,"column":44}},"type":"if","locations":[{"start":{"line":76,"column":10},"end":{"line":76,"column":44}},{"start":{},"end":{}}],"line":76}},"s":{"0":0,"1":0,"2":0,"3":0,"4":0,"5":0,"6":0,"7":0,"8":0,"9":0,"10":0,"11":0,"12":0,"13":0,"14":0,"15":0,"16":0,"17":0,"18":0,"19":0,"20":0,"21":0,"22":0,"23":0,"24":0,"25":0,"26":0,"27":0,"28":0,"29":0,"30":0,"31":0,"32":0,"33":0,"34":0,"35":0,"36":0,"37":0,"38":0,"39":0,"40":0,"41":0,"42":0},"f":{"0":0,"1":0,"2":0,"3":0,"4":0,"5":0,"6":0,"7":0,"8":0},"b":{"0":[0,0],"1":[0],"2":[0,0],"3":[0,0],"4":[0,0],"5":[0,0],"6":[0,0],"7":[0,0],"8":[0,0],"9":[0,0],"10":[0,0],"11":[0,0]}}
,"/Users/vintvgx/Desktop/bandit.studios/COMMUNITE/VENT/app-example/components/ui/gluestack-ui-provider/script.ts": {"path":"/Users/vintvgx/Desktop/bandit.studios/COMMUNITE/VENT/app-example/components/ui/gluestack-ui-provider/script.ts","statementMap":{"0":{"start":{"line":1,"column":22},"end":{"line":19,"column":1}},"1":{"start":{"line":2,"column":26},"end":{"line":2,"column":50}},"2":{"start":{"line":5,"column":4},"end":{"line":7,"column":16}},"3":{"start":{"line":10,"column":2},"end":{"line":18,"column":3}},"4":{"start":{"line":11,"column":21},"end":{"line":11,"column":38}},"5":{"start":{"line":12,"column":18},"end":{"line":12,"column":56}},"6":{"start":{"line":13,"column":4},"end":{"line":13,"column":75}},"7":{"start":{"line":14,"column":4},"end":{"line":14,"column":41}},"8":{"start":{"line":15,"column":4},"end":{"line":15,"column":46}},"9":{"start":{"line":17,"column":4},"end":{"line":17,"column":21}}},"fnMap":{"0":{"name":"(anonymous_0)","decl":{"start":{"line":1,"column":22},"end":{"line":1,"column":23}},"loc":{"start":{"line":1,"column":40},"end":{"line":19,"column":1}},"line":1},"1":{"name":"getSystemColorMode","decl":{"start":{"line":4,"column":11},"end":{"line":4,"column":29}},"loc":{"start":{"line":4,"column":32},"end":{"line":8,"column":3}},"line":4}},"branchMap":{"0":{"loc":{"start":{"line":5,"column":11},"end":{"line":7,"column":15}},"type":"cond-expr","locations":[{"start":{"line":6,"column":8},"end":{"line":6,"column":14}},{"start":{"line":7,"column":8},"end":{"line":7,"column":15}}],"line":5},"1":{"loc":{"start":{"line":12,"column":18},"end":{"line":12,"column":56}},"type":"cond-expr","locations":[{"start":{"line":12,"column":29},"end":{"line":12,"column":49}},{"start":{"line":12,"column":52},"end":{"line":12,"column":56}}],"line":12},"2":{"loc":{"start":{"line":13,"column":37},"end":{"line":13,"column":73}},"type":"cond-expr","locations":[{"start":{"line":13,"column":57},"end":{"line":13,"column":63}},{"start":{"line":13,"column":66},"end":{"line":13,"column":73}}],"line":13}},"s":{"0":0,"1":0,"2":0,"3":0,"4":0,"5":0,"6":0,"7":0,"8":0,"9":0},"f":{"0":0,"1":0},"b":{"0":[0,0],"1":[0,0],"2":[0,0]}}
,"/Users/vintvgx/Desktop/bandit.studios/COMMUNITE/VENT/app-example/components/ui/gluestack-ui-provider/types.ts": {"path":"/Users/vintvgx/Desktop/bandit.studios/COMMUNITE/VENT/app-example/components/ui/gluestack-ui-provider/types.ts","statementMap":{},"fnMap":{},"branchMap":{},"s":{},"f":{},"b":{}}
,"/Users/vintvgx/Desktop/bandit.studios/COMMUNITE/VENT/app-example/constants/Colors.ts": {"path":"/Users/vintvgx/Desktop/bandit.studios/COMMUNITE/VENT/app-example/constants/Colors.ts","statementMap":{"0":{"start":{"line":6,"column":23},"end":{"line":6,"column":32}},"1":{"start":{"line":7,"column":22},"end":{"line":7,"column":28}},"2":{"start":{"line":9,"column":22},"end":{"line":26,"column":1}}},"fnMap":{},"branchMap":{},"s":{"0":0,"1":0,"2":0},"f":{},"b":{}}
,"/Users/vintvgx/Desktop/bandit.studios/COMMUNITE/VENT/app-example/hooks/useColorScheme.ts": {"path":"/Users/vintvgx/Desktop/bandit.studios/COMMUNITE/VENT/app-example/hooks/useColorScheme.ts","statementMap":{},"fnMap":{},"branchMap":{},"s":{},"f":{},"b":{}}
,"/Users/vintvgx/Desktop/bandit.studios/COMMUNITE/VENT/app-example/hooks/useColorScheme.web.ts": {"path":"/Users/vintvgx/Desktop/bandit.studios/COMMUNITE/VENT/app-example/hooks/useColorScheme.web.ts","statementMap":{"0":{"start":{"line":8,"column":40},"end":{"line":8,"column":55}},"1":{"start":{"line":10,"column":2},"end":{"line":12,"column":9}},"2":{"start":{"line":11,"column":4},"end":{"line":11,"column":25}},"3":{"start":{"line":14,"column":22},"end":{"line":14,"column":40}},"4":{"start":{"line":16,"column":2},"end":{"line":18,"column":3}},"5":{"start":{"line":17,"column":4},"end":{"line":17,"column":23}},"6":{"start":{"line":20,"column":2},"end":{"line":20,"column":17}}},"fnMap":{"0":{"name":"useColorScheme","decl":{"start":{"line":7,"column":16},"end":{"line":7,"column":30}},"loc":{"start":{"line":7,"column":33},"end":{"line":21,"column":1}},"line":7},"1":{"name":"(anonymous_1)","decl":{"start":{"line":10,"column":12},"end":{"line":10,"column":13}},"loc":{"start":{"line":10,"column":18},"end":{"line":12,"column":3}},"line":10}},"branchMap":{"0":{"loc":{"start":{"line":16,"column":2},"end":{"line":18,"column":3}},"type":"if","locations":[{"start":{"line":16,"column":2},"end":{"line":18,"column":3}},{"start":{},"end":{}}],"line":16}},"s":{"0":0,"1":0,"2":0,"3":0,"4":0,"5":0,"6":0},"f":{"0":0,"1":0},"b":{"0":[0,0]}}
,"/Users/vintvgx/Desktop/bandit.studios/COMMUNITE/VENT/app-example/hooks/useThemeColor.ts": {"path":"/Users/vintvgx/Desktop/bandit.studios/COMMUNITE/VENT/app-example/hooks/useThemeColor.ts","statementMap":{"0":{"start":{"line":13,"column":16},"end":{"line":13,"column":43}},"1":{"start":{"line":14,"column":25},"end":{"line":14,"column":37}},"2":{"start":{"line":16,"column":2},"end":{"line":20,"column":3}},"3":{"start":{"line":17,"column":4},"end":{"line":17,"column":26}},"4":{"start":{"line":19,"column":4},"end":{"line":19,"column":36}}},"fnMap":{"0":{"name":"useThemeColor","decl":{"start":{"line":9,"column":16},"end":{"line":9,"column":29}},"loc":{"start":{"line":12,"column":2},"end":{"line":21,"column":1}},"line":12}},"branchMap":{"0":{"loc":{"start":{"line":13,"column":16},"end":{"line":13,"column":43}},"type":"binary-expr","locations":[{"start":{"line":13,"column":16},"end":{"line":13,"column":32}},{"start":{"line":13,"column":36},"end":{"line":13,"column":43}}],"line":13},"1":{"loc":{"start":{"line":16,"column":2},"end":{"line":20,"column":3}},"type":"if","locations":[{"start":{"line":16,"column":2},"end":{"line":20,"column":3}},{"start":{"line":18,"column":9},"end":{"line":20,"column":3}}],"line":16}},"s":{"0":0,"1":0,"2":0,"3":0,"4":0},"f":{"0":0},"b":{"0":[0,0],"1":[0,0]}}
,"/Users/vintvgx/Desktop/bandit.studios/COMMUNITE/VENT/app-example/scripts/reset-project.js": {"path":"/Users/vintvgx/Desktop/bandit.studios/COMMUNITE/VENT/app-example/scripts/reset-project.js","statementMap":{"0":{"start":{"line":9,"column":11},"end":{"line":9,"column":24}},"1":{"start":{"line":10,"column":13},"end":{"line":10,"column":28}},"2":{"start":{"line":11,"column":17},"end":{"line":11,"column":36}},"3":{"start":{"line":13,"column":13},"end":{"line":13,"column":26}},"4":{"start":{"line":14,"column":16},"end":{"line":14,"column":70}},"5":{"start":{"line":15,"column":19},"end":{"line":15,"column":32}},"6":{"start":{"line":16,"column":18},"end":{"line":16,"column":23}},"7":{"start":{"line":17,"column":23},"end":{"line":17,"column":50}},"8":{"start":{"line":19,"column":21},"end":{"line":34,"column":1}},"9":{"start":{"line":36,"column":22},"end":{"line":41,"column":1}},"10":{"start":{"line":43,"column":11},"end":{"line":46,"column":2}},"11":{"start":{"line":48,"column":24},"end":{"line":99,"column":1}},"12":{"start":{"line":49,"column":2},"end":{"line":98,"column":3}},"13":{"start":{"line":50,"column":4},"end":{"line":54,"column":5}},"14":{"start":{"line":52,"column":6},"end":{"line":52,"column":67}},"15":{"start":{"line":53,"column":6},"end":{"line":53,"column":58}},"16":{"start":{"line":57,"column":4},"end":{"line":71,"column":5}},"17":{"start":{"line":58,"column":25},"end":{"line":58,"column":45}},"18":{"start":{"line":59,"column":6},"end":{"line":70,"column":7}},"19":{"start":{"line":60,"column":8},"end":{"line":67,"column":9}},"20":{"start":{"line":61,"column":29},"end":{"line":61,"column":61}},"21":{"start":{"line":62,"column":10},"end":{"line":62,"column":59}},"22":{"start":{"line":63,"column":10},"end":{"line":63,"column":68}},"23":{"start":{"line":65,"column":10},"end":{"line":65,"column":77}},"24":{"start":{"line":66,"column":10},"end":{"line":66,"column":44}},"25":{"start":{"line":69,"column":8},"end":{"line":69,"column":60}},"26":{"start":{"line":74,"column":26},"end":{"line":74,"column":52}},"27":{"start":{"line":75,"column":4},"end":{"line":75,"column":64}},"28":{"start":{"line":76,"column":4},"end":{"line":76,"column":52}},"29":{"start":{"line":79,"column":22},"end":{"line":79,"column":59}},"30":{"start":{"line":80,"column":4},"end":{"line":80,"column":57}},"31":{"start":{"line":81,"column":4},"end":{"line":81,"column":45}},"32":{"start":{"line":84,"column":23},"end":{"line":84,"column":62}},"33":{"start":{"line":85,"column":4},"end":{"line":85,"column":59}},"34":{"start":{"line":86,"column":4},"end":{"line":86,"column":47}},"35":{"start":{"line":88,"column":4},"end":{"line":88,"column":59}},"36":{"start":{"line":89,"column":4},"end":{"line":95,"column":6}},"37":{"start":{"line":97,"column":4},"end":{"line":97,"column":71}},"38":{"start":{"line":101,"column":0},"end":{"line":112,"column":2}},"39":{"start":{"line":104,"column":22},"end":{"line":104,"column":56}},"40":{"start":{"line":105,"column":4},"end":{"line":110,"column":5}},"41":{"start":{"line":106,"column":6},"end":{"line":106,"column":59}},"42":{"start":{"line":106,"column":47},"end":{"line":106,"column":57}},"43":{"start":{"line":108,"column":6},"end":{"line":108,"column":63}},"44":{"start":{"line":109,"column":6},"end":{"line":109,"column":17}}},"fnMap":{"0":{"name":"(anonymous_0)","decl":{"start":{"line":48,"column":24},"end":{"line":48,"column":25}},"loc":{"start":{"line":48,"column":45},"end":{"line":99,"column":1}},"line":48},"1":{"name":"(anonymous_1)","decl":{"start":{"line":103,"column":2},"end":{"line":103,"column":3}},"loc":{"start":{"line":103,"column":14},"end":{"line":111,"column":3}},"line":103},"2":{"name":"(anonymous_2)","decl":{"start":{"line":106,"column":41},"end":{"line":106,"column":42}},"loc":{"start":{"line":106,"column":47},"end":{"line":106,"column":57}},"line":106}},"branchMap":{"0":{"loc":{"start":{"line":50,"column":4},"end":{"line":54,"column":5}},"type":"if","locations":[{"start":{"line":50,"column":4},"end":{"line":54,"column":5}},{"start":{},"end":{}}],"line":50},"1":{"loc":{"start":{"line":59,"column":6},"end":{"line":70,"column":7}},"type":"if","locations":[{"start":{"line":59,"column":6},"end":{"line":70,"column":7}},{"start":{"line":68,"column":13},"end":{"line":70,"column":7}}],"line":59},"2":{"loc":{"start":{"line":60,"column":8},"end":{"line":67,"column":9}},"type":"if","locations":[{"start":{"line":60,"column":8},"end":{"line":67,"column":9}},{"start":{"line":64,"column":15},"end":{"line":67,"column":9}}],"line":60},"3":{"loc":{"start":{"line":91,"column":8},"end":{"line":93,"column":14}},"type":"cond-expr","locations":[{"start":{"line":92,"column":12},"end":{"line":92,"column":87}},{"start":{"line":93,"column":12},"end":{"line":93,"column":14}}],"line":91},"4":{"loc":{"start":{"line":104,"column":22},"end":{"line":104,"column":56}},"type":"binary-expr","locations":[{"start":{"line":104,"column":22},"end":{"line":104,"column":49}},{"start":{"line":104,"column":53},"end":{"line":104,"column":56}}],"line":104},"5":{"loc":{"start":{"line":105,"column":4},"end":{"line":110,"column":5}},"type":"if","locations":[{"start":{"line":105,"column":4},"end":{"line":110,"column":5}},{"start":{"line":107,"column":11},"end":{"line":110,"column":5}}],"line":105},"6":{"loc":{"start":{"line":105,"column":8},"end":{"line":105,"column":46}},"type":"binary-expr","locations":[{"start":{"line":105,"column":8},"end":{"line":105,"column":25}},{"start":{"line":105,"column":29},"end":{"line":105,"column":46}}],"line":105}},"s":{"0":0,"1":0,"2":0,"3":0,"4":0,"5":0,"6":0,"7":0,"8":0,"9":0,"10":0,"11":0,"12":0,"13":0,"14":0,"15":0,"16":0,"17":0,"18":0,"19":0,"20":0,"21":0,"22":0,"23":0,"24":0,"25":0,"26":0,"27":0,"28":0,"29":0,"30":0,"31":0,"32":0,"33":0,"34":0,"35":0,"36":0,"37":0,"38":0,"39":0,"40":0,"41":0,"42":0,"43":0,"44":0},"f":{"0":0,"1":0,"2":0},"b":{"0":[0,0],"1":[0,0],"2":[0,0],"3":[0,0],"4":[0,0],"5":[0,0],"6":[0,0]}}
,"/Users/vintvgx/Desktop/bandit.studios/COMMUNITE/VENT/app/(app)/_layout.tsx": {"path":"/Users/vintvgx/Desktop/bandit.studios/COMMUNITE/VENT/app/(app)/_layout.tsx","statementMap":{"0":{"start":{"line":8,"column":2},"end":{"line":13,"column":4}}},"fnMap":{"0":{"name":"AppLayout","decl":{"start":{"line":6,"column":24},"end":{"line":6,"column":33}},"loc":{"start":{"line":6,"column":36},"end":{"line":14,"column":1}},"line":6}},"branchMap":{},"s":{"0":0},"f":{"0":0},"b":{}}
,"/Users/vintvgx/Desktop/bandit.studios/COMMUNITE/VENT/app/(app)/home.tsx": {"path":"/Users/vintvgx/Desktop/bandit.studios/COMMUNITE/VENT/app/(app)/home.tsx","statementMap":{"0":{"start":{"line":14,"column":33},"end":{"line":20,"column":1}},"1":{"start":{"line":15,"column":2},"end":{"line":15,"column":40}},"2":{"start":{"line":15,"column":17},"end":{"line":15,"column":40}},"3":{"start":{"line":16,"column":2},"end":{"line":16,"column":42}},"4":{"start":{"line":16,"column":21},"end":{"line":16,"column":42}},"5":{"start":{"line":17,"column":2},"end":{"line":17,"column":91}},"6":{"start":{"line":17,"column":57},"end":{"line":17,"column":91}},"7":{"start":{"line":18,"column":2},"end":{"line":18,"column":44}},"8":{"start":{"line":18,"column":22},"end":{"line":18,"column":44}},"9":{"start":{"line":19,"column":2},"end":{"line":19,"column":34}},"10":{"start":{"line":22,"column":18},"end":{"line":22,"column":42}},"11":{"start":{"line":24,"column":19},"end":{"line":166,"column":1}},"12":{"start":{"line":25,"column":22},"end":{"line":25,"column":38}},"13":{"start":{"line":30,"column":6},"end":{"line":30,"column":15}},"14":{"start":{"line":32,"column":55},"end":{"line":32,"column":67}},"15":{"start":{"line":33,"column":62},"end":{"line":33,"column":77}},"16":{"start":{"line":36,"column":24},"end":{"line":43,"column":3}},"17":{"start":{"line":37,"column":4},"end":{"line":42,"column":5}},"18":{"start":{"line":38,"column":6},"end":{"line":38,"column":43}},"19":{"start":{"line":40,"column":6},"end":{"line":40,"column":49}},"20":{"start":{"line":41,"column":6},"end":{"line":41,"column":55}},"21":{"start":{"line":45,"column":2},"end":{"line":49,"column":9}},"22":{"start":{"line":46,"column":4},"end":{"line":48,"column":7}},"23":{"start":{"line":51,"column":2},"end":{"line":165,"column":4}},"24":{"start":{"line":125,"column":16},"end":{"line":144,"column":23}},"25":{"start":{"line":169,"column":16},"end":{"line":180,"column":1}},"26":{"start":{"line":176,"column":2},"end":{"line":179,"column":9}},"27":{"start":{"line":184,"column":15},"end":{"line":315,"column":2}}},"fnMap":{"0":{"name":"(anonymous_0)","decl":{"start":{"line":14,"column":33},"end":{"line":14,"column":34}},"loc":{"start":{"line":14,"column":101},"end":{"line":20,"column":1}},"line":14},"1":{"name":"(anonymous_1)","decl":{"start":{"line":24,"column":19},"end":{"line":24,"column":20}},"loc":{"start":{"line":24,"column":25},"end":{"line":166,"column":1}},"line":24},"2":{"name":"(anonymous_2)","decl":{"start":{"line":36,"column":24},"end":{"line":36,"column":25}},"loc":{"start":{"line":36,"column":36},"end":{"line":43,"column":3}},"line":36},"3":{"name":"(anonymous_3)","decl":{"start":{"line":45,"column":12},"end":{"line":45,"column":13}},"loc":{"start":{"line":45,"column":18},"end":{"line":49,"column":3}},"line":45},"4":{"name":"(anonymous_4)","decl":{"start":{"line":124,"column":30},"end":{"line":124,"column":31}},"loc":{"start":{"line":125,"column":16},"end":{"line":144,"column":23}},"line":125},"5":{"name":"(anonymous_5)","decl":{"start":{"line":169,"column":16},"end":{"line":169,"column":17}},"loc":{"start":{"line":176,"column":2},"end":{"line":179,"column":9}},"line":176}},"branchMap":{"0":{"loc":{"start":{"line":15,"column":2},"end":{"line":15,"column":40}},"type":"if","locations":[{"start":{"line":15,"column":2},"end":{"line":15,"column":40}},{"start":{},"end":{}}],"line":15},"1":{"loc":{"start":{"line":16,"column":2},"end":{"line":16,"column":42}},"type":"if","locations":[{"start":{"line":16,"column":2},"end":{"line":16,"column":42}},{"start":{},"end":{}}],"line":16},"2":{"loc":{"start":{"line":17,"column":2},"end":{"line":17,"column":91}},"type":"if","locations":[{"start":{"line":17,"column":2},"end":{"line":17,"column":91}},{"start":{},"end":{}}],"line":17},"3":{"loc":{"start":{"line":17,"column":6},"end":{"line":17,"column":55}},"type":"binary-expr","locations":[{"start":{"line":17,"column":6},"end":{"line":17,"column":21}},{"start":{"line":17,"column":25},"end":{"line":17,"column":55}}],"line":17},"4":{"loc":{"start":{"line":18,"column":2},"end":{"line":18,"column":44}},"type":"if","locations":[{"start":{"line":18,"column":2},"end":{"line":18,"column":44}},{"start":{},"end":{}}],"line":18},"5":{"loc":{"start":{"line":71,"column":14},"end":{"line":71,"column":45}},"type":"binary-expr","locations":[{"start":{"line":71,"column":14},"end":{"line":71,"column":31}},{"start":{"line":71,"column":35},"end":{"line":71,"column":45}}],"line":71},"6":{"loc":{"start":{"line":75,"column":31},"end":{"line":75,"column":86}},"type":"cond-expr","locations":[{"start":{"line":75,"column":65},"end":{"line":75,"column":74}},{"start":{"line":75,"column":77},"end":{"line":75,"column":86}}],"line":75},"7":{"loc":{"start":{"line":78,"column":15},"end":{"line":78,"column":46}},"type":"binary-expr","locations":[{"start":{"line":78,"column":15},"end":{"line":78,"column":28}},{"start":{"line":78,"column":32},"end":{"line":78,"column":46}}],"line":78},"8":{"loc":{"start":{"line":123,"column":13},"end":{"line":150,"column":13}},"type":"cond-expr","locations":[{"start":{"line":124,"column":14},"end":{"line":145,"column":16}},{"start":{"line":147,"column":14},"end":{"line":149,"column":21}}],"line":123},"9":{"loc":{"start":{"line":123,"column":13},"end":{"line":123,"column":50}},"type":"binary-expr","locations":[{"start":{"line":123,"column":13},"end":{"line":123,"column":24}},{"start":{"line":123,"column":28},"end":{"line":123,"column":50}}],"line":123},"10":{"loc":{"start":{"line":141,"column":19},"end":{"line":143,"column":19}},"type":"binary-expr","locations":[{"start":{"line":141,"column":19},"end":{"line":141,"column":49}},{"start":{"line":142,"column":20},"end":{"line":142,"column":61}}],"line":141},"11":{"loc":{"start":{"line":178,"column":36},"end":{"line":178,"column":60}},"type":"binary-expr","locations":[{"start":{"line":178,"column":36},"end":{"line":178,"column":41}},{"start":{"line":178,"column":45},"end":{"line":178,"column":60}}],"line":178}},"s":{"0":0,"1":0,"2":0,"3":0,"4":0,"5":0,"6":0,"7":0,"8":0,"9":0,"10":0,"11":0,"12":0,"13":0,"14":0,"15":0,"16":0,"17":0,"18":0,"19":0,"20":0,"21":0,"22":0,"23":0,"24":0,"25":0,"26":0,"27":0},"f":{"0":0,"1":0,"2":0,"3":0,"4":0,"5":0},"b":{"0":[0,0],"1":[0,0],"2":[0,0],"3":[0,0],"4":[0,0],"5":[0,0],"6":[0,0],"7":[0,0],"8":[0,0],"9":[0,0],"10":[0,0],"11":[0,0]}}
,"/Users/vintvgx/Desktop/bandit.studios/COMMUNITE/VENT/app/(auth)/_layout.tsx": {"path":"/Users/vintvgx/Desktop/bandit.studios/COMMUNITE/VENT/app/(auth)/_layout.tsx","statementMap":{"0":{"start":{"line":9,"column":70},"end":{"line":9,"column":79}},"1":{"start":{"line":13,"column":2},"end":{"line":19,"column":3}},"2":{"start":{"line":14,"column":4},"end":{"line":18,"column":6}},"3":{"start":{"line":22,"column":2},"end":{"line":24,"column":3}},"4":{"start":{"line":23,"column":4},"end":{"line":23,"column":46}},"5":{"start":{"line":27,"column":2},"end":{"line":30,"column":3}},"6":{"start":{"line":29,"column":4},"end":{"line":29,"column":71}},"7":{"start":{"line":32,"column":2},"end":{"line":37,"column":4}}},"fnMap":{"0":{"name":"AuthLayout","decl":{"start":{"line":8,"column":24},"end":{"line":8,"column":34}},"loc":{"start":{"line":8,"column":37},"end":{"line":38,"column":1}},"line":8}},"branchMap":{"0":{"loc":{"start":{"line":13,"column":2},"end":{"line":19,"column":3}},"type":"if","locations":[{"start":{"line":13,"column":2},"end":{"line":19,"column":3}},{"start":{},"end":{}}],"line":13},"1":{"loc":{"start":{"line":22,"column":2},"end":{"line":24,"column":3}},"type":"if","locations":[{"start":{"line":22,"column":2},"end":{"line":24,"column":3}},{"start":{},"end":{}}],"line":22},"2":{"loc":{"start":{"line":27,"column":2},"end":{"line":30,"column":3}},"type":"if","locations":[{"start":{"line":27,"column":2},"end":{"line":30,"column":3}},{"start":{},"end":{}}],"line":27},"3":{"loc":{"start":{"line":27,"column":6},"end":{"line":27,"column":54}},"type":"binary-expr","locations":[{"start":{"line":27,"column":6},"end":{"line":27,"column":20}},{"start":{"line":27,"column":24},"end":{"line":27,"column":54}}],"line":27}},"s":{"0":0,"1":0,"2":0,"3":0,"4":0,"5":0,"6":0,"7":0},"f":{"0":0},"b":{"0":[0,0],"1":[0,0],"2":[0,0],"3":[0,0]}}
,"/Users/vintvgx/Desktop/bandit.studios/COMMUNITE/VENT/app/(auth)/verify-mobile.tsx": {"path":"/Users/vintvgx/Desktop/bandit.studios/COMMUNITE/VENT/app/(auth)/verify-mobile.tsx","statementMap":{"0":{"start":{"line":9,"column":27},"end":{"line":46,"column":1}},"1":{"start":{"line":10,"column":24},"end":{"line":10,"column":33}},"2":{"start":{"line":15,"column":2},"end":{"line":23,"column":3}},"3":{"start":{"line":16,"column":4},"end":{"line":22,"column":6}},"4":{"start":{"line":25,"column":2},"end":{"line":45,"column":4}},"5":{"start":{"line":50,"column":15},"end":{"line":80,"column":2}}},"fnMap":{"0":{"name":"(anonymous_0)","decl":{"start":{"line":9,"column":27},"end":{"line":9,"column":28}},"loc":{"start":{"line":9,"column":33},"end":{"line":46,"column":1}},"line":9}},"branchMap":{"0":{"loc":{"start":{"line":15,"column":2},"end":{"line":23,"column":3}},"type":"if","locations":[{"start":{"line":15,"column":2},"end":{"line":23,"column":3}},{"start":{},"end":{}}],"line":15}},"s":{"0":0,"1":0,"2":0,"3":0,"4":0,"5":0},"f":{"0":0},"b":{"0":[0,0]}}
,"/Users/vintvgx/Desktop/bandit.studios/COMMUNITE/VENT/app/(onboard)/_layout.tsx": {"path":"/Users/vintvgx/Desktop/bandit.studios/COMMUNITE/VENT/app/(onboard)/_layout.tsx","statementMap":{"0":{"start":{"line":22,"column":18},"end":{"line":22,"column":42}},"1":{"start":{"line":25,"column":41},"end":{"line":25,"column":50}},"2":{"start":{"line":26,"column":17},"end":{"line":26,"column":28}},"3":{"start":{"line":27,"column":28},"end":{"line":27,"column":65}},"4":{"start":{"line":30,"column":2},"end":{"line":52,"column":53}},"5":{"start":{"line":31,"column":4},"end":{"line":51,"column":5}},"6":{"start":{"line":32,"column":22},"end":{"line":32,"column":23}},"7":{"start":{"line":34,"column":6},"end":{"line":44,"column":7}},"8":{"start":{"line":36,"column":10},"end":{"line":36,"column":23}},"9":{"start":{"line":37,"column":10},"end":{"line":37,"column":15}},"10":{"start":{"line":39,"column":10},"end":{"line":39,"column":23}},"11":{"start":{"line":40,"column":10},"end":{"line":40,"column":15}},"12":{"start":{"line":42,"column":10},"end":{"line":42,"column":23}},"13":{"start":{"line":43,"column":10},"end":{"line":43,"column":15}},"14":{"start":{"line":46,"column":6},"end":{"line":50,"column":16}},"15":{"start":{"line":55,"column":2},"end":{"line":64,"column":3}},"16":{"start":{"line":56,"column":4},"end":{"line":63,"column":5}},"17":{"start":{"line":67,"column":2},"end":{"line":69,"column":3}},"18":{"start":{"line":68,"column":4},"end":{"line":68,"column":45}},"19":{"start":{"line":72,"column":2},"end":{"line":74,"column":3}},"20":{"start":{"line":73,"column":4},"end":{"line":73,"column":42}},"21":{"start":{"line":77,"column":21},"end":{"line":77,"column":22}},"22":{"start":{"line":78,"column":22},"end":{"line":89,"column":6}},"23":{"start":{"line":79,"column":4},"end":{"line":88,"column":5}},"24":{"start":{"line":81,"column":8},"end":{"line":81,"column":16}},"25":{"start":{"line":83,"column":8},"end":{"line":83,"column":16}},"26":{"start":{"line":85,"column":8},"end":{"line":85,"column":16}},"27":{"start":{"line":87,"column":8},"end":{"line":87,"column":16}},"28":{"start":{"line":92,"column":23},"end":{"line":103,"column":3}},"29":{"start":{"line":93,"column":4},"end":{"line":102,"column":5}},"30":{"start":{"line":95,"column":8},"end":{"line":95,"column":30}},"31":{"start":{"line":97,"column":8},"end":{"line":97,"column":31}},"32":{"start":{"line":99,"column":8},"end":{"line":99,"column":27}},"33":{"start":{"line":101,"column":8},"end":{"line":101,"column":27}},"34":{"start":{"line":106,"column":24},"end":{"line":112,"column":3}},"35":{"start":{"line":107,"column":4},"end":{"line":111,"column":5}},"36":{"start":{"line":108,"column":6},"end":{"line":108,"column":43}},"37":{"start":{"line":110,"column":6},"end":{"line":110,"column":49}},"38":{"start":{"line":114,"column":2},"end":{"line":161,"column":3}},"39":{"start":{"line":164,"column":15},"end":{"line":251,"column":2}}},"fnMap":{"0":{"name":"OnboardingLayout","decl":{"start":{"line":24,"column":24},"end":{"line":24,"column":40}},"loc":{"start":{"line":24,"column":43},"end":{"line":162,"column":1}},"line":24},"1":{"name":"(anonymous_1)","decl":{"start":{"line":30,"column":12},"end":{"line":30,"column":13}},"loc":{"start":{"line":30,"column":18},"end":{"line":52,"column":3}},"line":30},"2":{"name":"(anonymous_2)","decl":{"start":{"line":78,"column":23},"end":{"line":78,"column":24}},"loc":{"start":{"line":78,"column":29},"end":{"line":89,"column":3}},"line":78},"3":{"name":"(anonymous_3)","decl":{"start":{"line":92,"column":23},"end":{"line":92,"column":24}},"loc":{"start":{"line":92,"column":29},"end":{"line":103,"column":3}},"line":92},"4":{"name":"(anonymous_4)","decl":{"start":{"line":106,"column":24},"end":{"line":106,"column":25}},"loc":{"start":{"line":106,"column":36},"end":{"line":112,"column":3}},"line":106}},"branchMap":{"0":{"loc":{"start":{"line":31,"column":4},"end":{"line":51,"column":5}},"type":"if","locations":[{"start":{"line":31,"column":4},"end":{"line":51,"column":5}},{"start":{},"end":{}}],"line":31},"1":{"loc":{"start":{"line":31,"column":8},"end":{"line":31,"column":56}},"type":"binary-expr","locations":[{"start":{"line":31,"column":8},"end":{"line":31,"column":28}},{"start":{"line":31,"column":32},"end":{"line":31,"column":56}}],"line":31},"2":{"loc":{"start":{"line":34,"column":6},"end":{"line":44,"column":7}},"type":"switch","locations":[{"start":{"line":35,"column":8},"end":{"line":37,"column":15}},{"start":{"line":38,"column":8},"end":{"line":40,"column":15}},{"start":{"line":41,"column":8},"end":{"line":43,"column":15}}],"line":34},"3":{"loc":{"start":{"line":55,"column":2},"end":{"line":64,"column":3}},"type":"if","locations":[{"start":{"line":55,"column":2},"end":{"line":64,"column":3}},{"start":{},"end":{}}],"line":55},"4":{"loc":{"start":{"line":67,"column":2},"end":{"line":69,"column":3}},"type":"if","locations":[{"start":{"line":67,"column":2},"end":{"line":69,"column":3}},{"start":{},"end":{}}],"line":67},"5":{"loc":{"start":{"line":72,"column":2},"end":{"line":74,"column":3}},"type":"if","locations":[{"start":{"line":72,"column":2},"end":{"line":74,"column":3}},{"start":{},"end":{}}],"line":72},"6":{"loc":{"start":{"line":72,"column":6},"end":{"line":72,"column":88}},"type":"binary-expr","locations":[{"start":{"line":72,"column":6},"end":{"line":72,"column":31}},{"start":{"line":72,"column":35},"end":{"line":72,"column":88}}],"line":72},"7":{"loc":{"start":{"line":79,"column":4},"end":{"line":88,"column":5}},"type":"switch","locations":[{"start":{"line":80,"column":6},"end":{"line":81,"column":16}},{"start":{"line":82,"column":6},"end":{"line":83,"column":16}},{"start":{"line":84,"column":6},"end":{"line":85,"column":16}},{"start":{"line":86,"column":6},"end":{"line":87,"column":16}}],"line":79},"8":{"loc":{"start":{"line":93,"column":4},"end":{"line":102,"column":5}},"type":"switch","locations":[{"start":{"line":94,"column":6},"end":{"line":95,"column":30}},{"start":{"line":96,"column":6},"end":{"line":97,"column":31}},{"start":{"line":98,"column":6},"end":{"line":99,"column":27}},{"start":{"line":100,"column":6},"end":{"line":101,"column":27}}],"line":93},"9":{"loc":{"start":{"line":117,"column":16},"end":{"line":117,"column":60}},"type":"cond-expr","locations":[{"start":{"line":117,"column":40},"end":{"line":117,"column":49}},{"start":{"line":117,"column":52},"end":{"line":117,"column":60}}],"line":117},"10":{"loc":{"start":{"line":118,"column":30},"end":{"line":118,"column":60}},"type":"cond-expr","locations":[{"start":{"line":118,"column":54},"end":{"line":118,"column":55}},{"start":{"line":118,"column":58},"end":{"line":118,"column":60}}],"line":118},"11":{"loc":{"start":{"line":195,"column":16},"end":{"line":195,"column":47}},"type":"cond-expr","locations":[{"start":{"line":195,"column":40},"end":{"line":195,"column":42}},{"start":{"line":195,"column":45},"end":{"line":195,"column":47}}],"line":195}},"s":{"0":0,"1":0,"2":0,"3":0,"4":0,"5":0,"6":0,"7":0,"8":0,"9":0,"10":0,"11":0,"12":0,"13":0,"14":0,"15":0,"16":0,"17":0,"18":0,"19":0,"20":0,"21":0,"22":0,"23":0,"24":0,"25":0,"26":0,"27":0,"28":0,"29":0,"30":0,"31":0,"32":0,"33":0,"34":0,"35":0,"36":0,"37":0,"38":0,"39":0},"f":{"0":0,"1":0,"2":0,"3":0,"4":0},"b":{"0":[0,0],"1":[0,0],"2":[0,0,0],"3":[0,0],"4":[0,0],"5":[0,0],"6":[0,0],"7":[0,0,0,0],"8":[0,0,0,0],"9":[0,0],"10":[0,0],"11":[0,0]}}
,"/Users/vintvgx/Desktop/bandit.studios/COMMUNITE/VENT/app/(onboard)/assessment.tsx": {"path":"/Users/vintvgx/Desktop/bandit.studios/COMMUNITE/VENT/app/(onboard)/assessment.tsx","statementMap":{"0":{"start":{"line":30,"column":25},"end":{"line":219,"column":1}},"1":{"start":{"line":31,"column":51},"end":{"line":31,"column":60}},"2":{"start":{"line":32,"column":53},"end":{"line":32,"column":65}},"3":{"start":{"line":34,"column":42},"end":{"line":34,"column":68}},"4":{"start":{"line":36,"column":17},"end":{"line":36,"column":28}},"5":{"start":{"line":38,"column":38},"end":{"line":42,"column":4}},"6":{"start":{"line":45,"column":15},"end":{"line":45,"column":28}},"7":{"start":{"line":46,"column":36},"end":{"line":46,"column":70}},"8":{"start":{"line":48,"column":2},"end":{"line":62,"column":13}},"9":{"start":{"line":50,"column":52},"end":{"line":50,"column":54}},"10":{"start":{"line":52,"column":4},"end":{"line":56,"column":5}},"11":{"start":{"line":53,"column":6},"end":{"line":53,"column":48}},"12":{"start":{"line":54,"column":11},"end":{"line":56,"column":5}},"13":{"start":{"line":55,"column":6},"end":{"line":55,"column":50}},"14":{"start":{"line":59,"column":4},"end":{"line":59,"column":72}},"15":{"start":{"line":61,"column":4},"end":{"line":61,"column":38}},"16":{"start":{"line":64,"column":26},"end":{"line":64,"column":68}},"17":{"start":{"line":66,"column":23},"end":{"line":82,"column":3}},"18":{"start":{"line":67,"column":4},"end":{"line":73,"column":8}},"19":{"start":{"line":67,"column":27},"end":{"line":73,"column":5}},"20":{"start":{"line":76,"column":4},"end":{"line":81,"column":5}},"21":{"start":{"line":77,"column":4},"end":{"line":77,"column":86}},"22":{"start":{"line":79,"column":6},"end":{"line":79,"column":56}},"23":{"start":{"line":80,"column":6},"end":{"line":80,"column":65}},"24":{"start":{"line":84,"column":27},"end":{"line":98,"column":3}},"25":{"start":{"line":86,"column":4},"end":{"line":97,"column":5}},"26":{"start":{"line":87,"column":6},"end":{"line":90,"column":10}},"27":{"start":{"line":87,"column":29},"end":{"line":90,"column":7}},"28":{"start":{"line":93,"column":6},"end":{"line":96,"column":10}},"29":{"start":{"line":93,"column":29},"end":{"line":96,"column":7}},"30":{"start":{"line":100,"column":31},"end":{"line":107,"column":3}},"31":{"start":{"line":101,"column":4},"end":{"line":106,"column":5}},"32":{"start":{"line":102,"column":6},"end":{"line":105,"column":10}},"33":{"start":{"line":102,"column":29},"end":{"line":105,"column":7}},"34":{"start":{"line":109,"column":29},"end":{"line":128,"column":3}},"35":{"start":{"line":110,"column":4},"end":{"line":127,"column":5}},"36":{"start":{"line":112,"column":7},"end":{"line":114,"column":9}},"37":{"start":{"line":117,"column":6},"end":{"line":117,"column":56}},"38":{"start":{"line":120,"column":6},"end":{"line":120,"column":54}},"39":{"start":{"line":123,"column":6},"end":{"line":123,"column":36}},"40":{"start":{"line":125,"column":6},"end":{"line":125,"column":60}},"41":{"start":{"line":131,"column":34},"end":{"line":152,"column":3}},"42":{"start":{"line":132,"column":4},"end":{"line":132,"column":38}},"43":{"start":{"line":132,"column":26},"end":{"line":132,"column":38}},"44":{"start":{"line":134,"column":26},"end":{"line":138,"column":5}},"45":{"start":{"line":137,"column":32},"end":{"line":137,"column":71}},"46":{"start":{"line":140,"column":4},"end":{"line":151,"column":5}},"47":{"start":{"line":142,"column":8},"end":{"line":142,"column":51}},"48":{"start":{"line":144,"column":8},"end":{"line":144,"column":61}},"49":{"start":{"line":146,"column":8},"end":{"line":146,"column":52}},"50":{"start":{"line":148,"column":8},"end":{"line":148,"column":55}},"51":{"start":{"line":150,"column":8},"end":{"line":150,"column":20}},"52":{"start":{"line":155,"column":2},"end":{"line":168,"column":3}},"53":{"start":{"line":156,"column":4},"end":{"line":167,"column":6}},"54":{"start":{"line":162,"column":25},"end":{"line":162,"column":45}},"55":{"start":{"line":170,"column":2},"end":{"line":218,"column":4}},"56":{"start":{"line":221,"column":15},"end":{"line":269,"column":2}}},"fnMap":{"0":{"name":"(anonymous_0)","decl":{"start":{"line":30,"column":25},"end":{"line":30,"column":26}},"loc":{"start":{"line":30,"column":31},"end":{"line":219,"column":1}},"line":30},"1":{"name":"(anonymous_1)","decl":{"start":{"line":48,"column":12},"end":{"line":48,"column":13}},"loc":{"start":{"line":48,"column":18},"end":{"line":62,"column":3}},"line":48},"2":{"name":"(anonymous_2)","decl":{"start":{"line":66,"column":23},"end":{"line":66,"column":24}},"loc":{"start":{"line":66,"column":66},"end":{"line":82,"column":3}},"line":66},"3":{"name":"(anonymous_3)","decl":{"start":{"line":67,"column":18},"end":{"line":67,"column":19}},"loc":{"start":{"line":67,"column":27},"end":{"line":73,"column":5}},"line":67},"4":{"name":"(anonymous_4)","decl":{"start":{"line":84,"column":27},"end":{"line":84,"column":28}},"loc":{"start":{"line":84,"column":33},"end":{"line":98,"column":3}},"line":84},"5":{"name":"(anonymous_5)","decl":{"start":{"line":87,"column":20},"end":{"line":87,"column":21}},"loc":{"start":{"line":87,"column":29},"end":{"line":90,"column":7}},"line":87},"6":{"name":"(anonymous_6)","decl":{"start":{"line":93,"column":20},"end":{"line":93,"column":21}},"loc":{"start":{"line":93,"column":29},"end":{"line":96,"column":7}},"line":93},"7":{"name":"(anonymous_7)","decl":{"start":{"line":100,"column":31},"end":{"line":100,"column":32}},"loc":{"start":{"line":100,"column":37},"end":{"line":107,"column":3}},"line":100},"8":{"name":"(anonymous_8)","decl":{"start":{"line":102,"column":20},"end":{"line":102,"column":21}},"loc":{"start":{"line":102,"column":29},"end":{"line":105,"column":7}},"line":102},"9":{"name":"(anonymous_9)","decl":{"start":{"line":109,"column":29},"end":{"line":109,"column":30}},"loc":{"start":{"line":109,"column":41},"end":{"line":128,"column":3}},"line":109},"10":{"name":"(anonymous_10)","decl":{"start":{"line":131,"column":34},"end":{"line":131,"column":35}},"loc":{"start":{"line":131,"column":40},"end":{"line":152,"column":3}},"line":131},"11":{"name":"(anonymous_11)","decl":{"start":{"line":137,"column":16},"end":{"line":137,"column":17}},"loc":{"start":{"line":137,"column":32},"end":{"line":137,"column":71}},"line":137},"12":{"name":"(anonymous_12)","decl":{"start":{"line":162,"column":19},"end":{"line":162,"column":20}},"loc":{"start":{"line":162,"column":25},"end":{"line":162,"column":45}},"line":162}},"branchMap":{"0":{"loc":{"start":{"line":52,"column":4},"end":{"line":56,"column":5}},"type":"if","locations":[{"start":{"line":52,"column":4},"end":{"line":56,"column":5}},{"start":{"line":54,"column":11},"end":{"line":56,"column":5}}],"line":52},"1":{"loc":{"start":{"line":54,"column":11},"end":{"line":56,"column":5}},"type":"if","locations":[{"start":{"line":54,"column":11},"end":{"line":56,"column":5}},{"start":{},"end":{}}],"line":54},"2":{"loc":{"start":{"line":86,"column":4},"end":{"line":97,"column":5}},"type":"if","locations":[{"start":{"line":86,"column":4},"end":{"line":97,"column":5}},{"start":{"line":91,"column":11},"end":{"line":97,"column":5}}],"line":86},"3":{"loc":{"start":{"line":101,"column":4},"end":{"line":106,"column":5}},"type":"if","locations":[{"start":{"line":101,"column":4},"end":{"line":106,"column":5}},{"start":{},"end":{}}],"line":101},"4":{"loc":{"start":{"line":132,"column":4},"end":{"line":132,"column":38}},"type":"if","locations":[{"start":{"line":132,"column":4},"end":{"line":132,"column":38}},{"start":{},"end":{}}],"line":132},"5":{"loc":{"start":{"line":136,"column":13},"end":{"line":136,"column":59}},"type":"binary-expr","locations":[{"start":{"line":136,"column":13},"end":{"line":136,"column":51}},{"start":{"line":136,"column":55},"end":{"line":136,"column":59}}],"line":136},"6":{"loc":{"start":{"line":140,"column":4},"end":{"line":151,"column":5}},"type":"switch","locations":[{"start":{"line":141,"column":6},"end":{"line":142,"column":51}},{"start":{"line":143,"column":6},"end":{"line":144,"column":61}},{"start":{"line":145,"column":6},"end":{"line":146,"column":52}},{"start":{"line":147,"column":6},"end":{"line":148,"column":55}},{"start":{"line":149,"column":6},"end":{"line":150,"column":20}}],"line":140},"7":{"loc":{"start":{"line":155,"column":2},"end":{"line":168,"column":3}},"type":"if","locations":[{"start":{"line":155,"column":2},"end":{"line":168,"column":3}},{"start":{},"end":{}}],"line":155},"8":{"loc":{"start":{"line":173,"column":16},"end":{"line":173,"column":60}},"type":"cond-expr","locations":[{"start":{"line":173,"column":40},"end":{"line":173,"column":49}},{"start":{"line":173,"column":52},"end":{"line":173,"column":60}}],"line":173},"9":{"loc":{"start":{"line":177,"column":11},"end":{"line":214,"column":11}},"type":"binary-expr","locations":[{"start":{"line":177,"column":11},"end":{"line":177,"column":26}},{"start":{"line":178,"column":12},"end":{"line":213,"column":15}}],"line":177},"10":{"loc":{"start":{"line":181,"column":15},"end":{"line":183,"column":15}},"type":"binary-expr","locations":[{"start":{"line":181,"column":15},"end":{"line":181,"column":42}},{"start":{"line":182,"column":16},"end":{"line":182,"column":97}}],"line":181},"11":{"loc":{"start":{"line":192,"column":44},"end":{"line":192,"column":106}},"type":"binary-expr","locations":[{"start":{"line":192,"column":44},"end":{"line":192,"column":81}},{"start":{"line":192,"column":85},"end":{"line":192,"column":106}}],"line":192},"12":{"loc":{"start":{"line":205,"column":21},"end":{"line":205,"column":97}},"type":"cond-expr","locations":[{"start":{"line":205,"column":80},"end":{"line":205,"column":88}},{"start":{"line":205,"column":91},"end":{"line":205
[...]
,"/Users/vintvgx/Desktop/bandit.studios/COMMUNITE/VENT/types/auth.ts": {"path":"/Users/vintvgx/Desktop/bandit.studios/COMMUNITE/VENT/types/auth.ts","statementMap":{},"fnMap":{},"branchMap":{},"s":{},"f":{},"b":{},"_coverageSchema":"1a1c01bbd47fc00a2c39e90264f33305004495a9","hash":"6a96b3c494a2edc1a95ed8eef9779278ccba8728"}
,"/Users/vintvgx/Desktop/bandit.studios/COMMUNITE/VENT/types/user/client.ts": {"path":"/Users/vintvgx/Desktop/bandit.studios/COMMUNITE/VENT/types/user/client.ts","statementMap":{"0":{"start":{"line":70,"column":4},"end":{"line":100,"column":6}}},"fnMap":{"0":{"name":"createClientUser","decl":{"start":{"line":69,"column":16},"end":{"line":69,"column":32}},"loc":{"start":{"line":69,"column":78},"end":{"line":101,"column":3}},"line":69}},"branchMap":{"0":{"loc":{"start":{"line":76,"column":19},"end":{"line":76,"column":45}},"type":"binary-expr","locations":[{"start":{"line":76,"column":19},"end":{"line":76,"column":36}},{"start":{"line":76,"column":40},"end":{"line":76,"column":45}}],"line":76}},"s":{"0":0},"f":{"0":0},"b":{"0":[0,0]}}
,"/Users/vintvgx/Desktop/bandit.studios/COMMUNITE/VENT/types/user/host.ts": {"path":"/Users/vintvgx/Desktop/bandit.studios/COMMUNITE/VENT/types/user/host.ts","statementMap":{"0":{"start":{"line":61,"column":4},"end":{"line":98,"column":6}}},"fnMap":{"0":{"name":"createHostUser","decl":{"start":{"line":60,"column":16},"end":{"line":60,"column":30}},"loc":{"start":{"line":60,"column":74},"end":{"line":99,"column":3}},"line":60}},"branchMap":{"0":{"loc":{"start":{"line":67,"column":19},"end":{"line":67,"column":45}},"type":"binary-expr","locations":[{"start":{"line":67,"column":19},"end":{"line":67,"column":36}},{"start":{"line":67,"column":40},"end":{"line":67,"column":45}}],"line":67}},"s":{"0":0},"f":{"0":0},"b":{"0":[0,0]}}
,"/Users/vintvgx/Desktop/bandit.studios/COMMUNITE/VENT/types/user/onboard.ts": {"path":"/Users/vintvgx/Desktop/bandit.studios/COMMUNITE/VENT/types/user/onboard.ts","statementMap":{},"fnMap":{},"branchMap":{},"s":{},"f":{},"b":{}}
,"/Users/vintvgx/Desktop/bandit.studios/COMMUNITE/VENT/types/user/profile.ts": {"path":"/Users/vintvgx/Desktop/bandit.studios/COMMUNITE/VENT/types/user/profile.ts","statementMap":{"0":{"start":{"line":9,"column":30},"end":{"line":17,"column":3}}},"fnMap":{},"branchMap":{},"s":{"0":1},"f":{},"b":{},"_coverageSchema":"1a1c01bbd47fc00a2c39e90264f33305004495a9","hash":"a8acd2cdad962193463329950d30d099ee20841e"}
,"/Users/vintvgx/Desktop/bandit.studios/COMMUNITE/VENT/types/user/user.ts": {"path":"/Users/vintvgx/Desktop/bandit.studios/COMMUNITE/VENT/types/user/user.ts","statementMap":{},"fnMap":{},"branchMap":{},"s":{},"f":{},"b":{},"_coverageSchema":"1a1c01bbd47fc00a2c39e90264f33305004495a9","hash":"92e74a8c51cc07bf1e6fce8e051d1e998ac8e218"}
,"/Users/vintvgx/Desktop/bandit.studios/COMMUNITE/VENT/utils/auth/assessment_questions.ts": {"path":"/Users/vintvgx/Desktop/bandit.studios/COMMUNITE/VENT/utils/auth/assessment_questions.ts","statementMap":{"0":{"start":{"line":5,"column":52},"end":{"line":56,"column":1}},"1":{"start":{"line":59,"column":54},"end":{"line":115,"column":1}},"2":{"start":{"line":117,"column":54},"end":{"line":132,"column":1}}},"fnMap":{},"branchMap":{},"s":{"0":0,"1":0,"2":0},"f":{},"b":{}}
,"/Users/vintvgx/Desktop/bandit.studios/COMMUNITE/VENT/utils/auth/function.ts": {"path":"/Users/vintvgx/Desktop/bandit.studios/COMMUNITE/VENT/utils/auth/function.ts","statementMap":{"0":{"start":{"line":11,"column":25},"end":{"line":13,"column":1}},"1":{"start":{"line":12,"column":2},"end":{"line":12,"column":29}},"2":{"start":{"line":21,"column":34},"end":{"line":50,"column":1}},"3":{"start":{"line":22,"column":2},"end":{"line":49,"column":3}},"4":{"start":{"line":26,"column":29},"end":{"line":33,"column":5}},"5":{"start":{"line":36,"column":28},"end":{"line":38,"column":6}},"6":{"start":{"line":40,"column":4},"end":{"line":43,"column":5}},"7":{"start":{"line":41,"column":6},"end":{"line":41,"column":61}},"8":{"start":{"line":42,"column":6},"end":{"line":42,"column":39}},"9":{"start":{"line":45,"column":4},"end":{"line":45,"column":59}},"10":{"start":{"line":47,"column":4},"end":{"line":47,"column":58}},"11":{"start":{"line":48,"column":4},"end":{"line":48,"column":37}},"12":{"start":{"line":57,"column":29},"end":{"line":76,"column":1}},"13":{"start":{"line":58,"column":2},"end":{"line":75,"column":3}},"14":{"start":{"line":59,"column":4},"end":{"line":59,"column":52}},"15":{"start":{"line":60,"column":28},"end":{"line":62,"column":6}},"16":{"start":{"line":64,"column":4},"end":{"line":67,"column":5}},"17":{"start":{"line":65,"column":6},"end":{"line":65,"column":41}},"18":{"start":{"line":66,"column":6},"end":{"line":66,"column":39}},"19":{"start":{"line":70,"column":4},"end":{"line":70,"column":59}},"20":{"start":{"line":71,"column":4},"end":{"line":71,"column":35}},"21":{"start":{"line":73,"column":4},"end":{"line":73,"column":39}},"22":{"start":{"line":74,"column":4},"end":{"line":74,"column":55}},"23":{"start":{"line":85,"column":25},"end":{"line":111,"column":1}},"24":{"start":{"line":90,"column":2},"end":{"line":110,"column":3}},"25":{"start":{"line":91,"column":28},"end":{"line":95,"column":6}},"26":{"start":{"line":97,"column":4},"end":{"line":100,"column":5}},"27":{"start":{"line":98,"column":6},"end":{"line":98,"column":50}},"28":{"start":{"line":99,"column":6},"end":{"line":99,"column":39}},"29":{"start":{"line":102,"column":4},"end":{"line":104,"column":5}},"30":{"start":{"line":103,"column":6},"end":{"line":103,"column":38}},"31":{"start":{"line":106,"column":4},"end":{"line":106,"column":35}},"32":{"start":{"line":108,"column":4},"end":{"line":108,"column":48}},"33":{"start":{"line":109,"column":4},"end":{"line":109,"column":71}},"34":{"start":{"line":118,"column":31},"end":{"line":134,"column":1}},"35":{"start":{"line":119,"column":2},"end":{"line":133,"column":3}},"36":{"start":{"line":120,"column":28},"end":{"line":122,"column":6}},"37":{"start":{"line":124,"column":4},"end":{"line":127,"column":5}},"38":{"start":{"line":125,"column":6},"end":{"line":125,"column":51}},"39":{"start":{"line":126,"column":6},"end":{"line":126,"column":39}},"40":{"start":{"line":129,"column":4},"end":{"line":129,"column":35}},"41":{"start":{"line":131,"column":4},"end":{"line":131,"column":49}},"42":{"start":{"line":132,"column":4},"end":{"line":132,"column":71}},"43":{"start":{"line":140,"column":33},"end":{"line":149,"column":1}},"44":{"start":{"line":141,"column":26},"end":{"line":141,"column":58}},"45":{"start":{"line":143,"column":2},"end":{"line":146,"column":3}},"46":{"start":{"line":144,"column":4},"end":{"line":144,"column":47}},"47":{"start":{"line":145,"column":4},"end":{"line":145,"column":16}},"48":{"start":{"line":148,"column":2},"end":{"line":148,"column":23}},"49":{"start":{"line":155,"column":23},"end":{"line":169,"column":1}},"50":{"start":{"line":156,"column":2},"end":{"line":168,"column":3}},"51":{"start":{"line":157,"column":22},"end":{"line":157,"column":51}},"52":{"start":{"line":159,"column":4},"end":{"line":162,"column":5}},"53":{"start":{"line":160,"column":6},"end":{"line":160,"column":46}},"54":{"start":{"line":161,"column":6},"end":{"line":161,"column":39}},"55":{"start":{"line":164,"column":4},"end":{"line":164,"column":29}},"56":{"start":{"line":166,"column":4},"end":{"line":166,"column":44}},"57":{"start":{"line":167,"column":4},"end":{"line":167,"column":71}},"58":{"start":{"line":176,"column":31},"end":{"line":202,"column":1}},"59":{"start":{"line":177,"column":2},"end":{"line":177,"column":41}},"60":{"start":{"line":177,"column":28},"end":{"line":177,"column":41}},"61":{"start":{"line":179,"column":2},"end":{"line":201,"column":3}},"62":{"start":{"line":181,"column":28},"end":{"line":185,"column":15}},"63":{"start":{"line":187,"column":4},"end":{"line":190,"column":5}},"64":{"start":{"line":188,"column":6},"end":{"line":188,"column":51}},"65":{"start":{"line":189,"column":6},"end":{"line":189,"column":19}},"66":{"start":{"line":193,"column":4},"end":{"line":197,"column":6}},"67":{"start":{"line":199,"column":4},"end":{"line":199,"column":49}},"68":{"start":{"line":200,"column":4},"end":{"line":200,"column":17}},"69":{"start":{"line":209,"column":34},"end":{"line":231,"column":1}},"70":{"start":{"line":210,"column":2},"end":{"line":210,"column":41}},"71":{"start":{"line":210,"column":28},"end":{"line":210,"column":41}},"72":{"start":{"line":212,"column":2},"end":{"line":230,"column":3}},"73":{"start":{"line":214,"column":28},"end":{"line":218,"column":15}},"74":{"start":{"line":220,"column":4},"end":{"line":223,"column":5}},"75":{"start":{"line":221,"column":6},"end":{"line":221,"column":54}},"76":{"start":{"line":222,"column":6},"end":{"line":222,"column":19}},"77":{"start":{"line":226,"column":4},"end":{"line":226,"column":46}},"78":{"start":{"line":228,"column":4},"end":{"line":228,"column":52}},"79":{"start":{"line":229,"column":4},"end":{"line":229,"column":17}},"80":{"start":{"line":239,"column":37},"end":{"line":255,"column":1}},"81":{"start":{"line":240,"column":2},"end":{"line":240,"column":41}},"82":{"start":{"line":240,"column":28},"end":{"line":240,"column":41}},"83":{"start":{"line":242,"column":2},"end":{"line":254,"column":3}},"84":{"start":{"line":244,"column":20},"end":{"line":248,"column":15}},"85":{"start":{"line":250,"column":4},"end":{"line":250,"column":56}},"86":{"start":{"line":252,"column":4},"end":{"line":252,"column":55}},"87":{"start":{"line":253,"column":4},"end":{"line":253,"column":17}}},"fnMap":{"0":{"name":"(anonymous_0)","decl":{"start":{"line":11,"column":25},"end":{"line":11,"column":26}},"loc":{"start":{"line":11,"column":31},"end":{"line":13,"column":1}},"line":11},"1":{"name":"(anonymous_1)","decl":{"start":{"line":21,"column":34},"end":{"line":21,"column":35}},"loc":{"start":{"line":21,"column":69},"end":{"line":50,"column":1}},"line":21},"2":{"name":"(anonymous_2)","decl":{"start":{"line":57,"column":29},"end":{"line":57,"column":30}},"loc":{"start":{"line":57,"column":55},"end":{"line":76,"column":1}},"line":57},"3":{"name":"(anonymous_3)","decl":{"start":{"line":85,"column":25},"end":{"line":85,"column":26}},"loc":{"start":{"line":89,"column":5},"end":{"line":111,"column":1}},"line":89},"4":{"name":"(anonymous_4)","decl":{"start":{"line":118,"column":31},"end":{"line":118,"column":32}},"loc":{"start":{"line":118,"column":62},"end":{"line":134,"column":1}},"line":118},"5":{"name":"(anonymous_5)","decl":{"start":{"line":140,"column":33},"end":{"line":140,"column":34}},"loc":{"start":{"line":140,"column":45},"end":{"line":149,"column":1}},"line":140},"6":{"name":"(anonymous_6)","decl":{"start":{"line":155,"column":23},"end":{"line":155,"column":24}},"loc":{"start":{"line":155,"column":35},"end":{"line":169,"column":1}},"line":155},"7":{"name":"(anonymous_7)","decl":{"start":{"line":176,"column":31},"end":{"line":176,"column":32}},"loc":{"start":{"line":176,"column":69},"end":{"line":202,"column":1}},"line":176},"8":{"name":"(anonymous_8)","decl":{"start":{"line":209,"column":34},"end":{"line":209,"column":35}},"loc":{"start":{"line":209,"column":72},"end":{"line":231,"column":1}},"line":209},"9":{"name":"(anonymous_9)","decl":{"start":{"line":239,"column":37},"end":{"line":239,"column":38}},"loc":{"start":{"line":239,"column":75},"end":{"line":255,"column":1}},"line":239}},"branchMap":{"0":{"loc":{"start":{"line":27,"column":18},"end":{"line":27,"column":43}},"type":"binary-expr","locations":[{"start":{"line":27,"column":18},"end":{"line":27,"column":37}},{"start":{"line":27,"column":41},"end":{"line":27,"column":43}}],"line":27},"1":{"loc":{"start":{"line":28,"column":17},"end":{"line":28,"column":41}},"type":"binary-expr","locations":[{"start":{"line":28,"column":17},"end":{"line":28,"column":35}},{"start":{"line":28,"column":39},"end":{"line":28,"column":41}}],"line":28},"2":{"loc":{"start":{"line":29,"column":16},"end":{"line":29,"column":64}},"type":"binary-expr","locations":[{"start":{"line":29,"column":16},"end":{"line":29,"column":34}},{"start":{"line":29,"column":39},"end":{"line":29,"column":63}}],"line":29},"3":{"loc":{"start":{"line":30,"column":18},"end":{"line":30,"column":40}},"type":"binary-expr","locations":[{"start":{"line":30,"column":18},"end":{"line":30,"column":34}},{"start":{"line":30,"column":38},"end":{"line":30,"column":40}}],"line":30},"4":{"loc":{"start":{"line":31,"column":14},"end":{"line":31,"column":41}},"type":"binary-expr","locations":[{"start":{"line":31,"column":14},"end":{"line":31,"column":35}},{"start":{"line":31,"column":39},"end":{"line":31,"column":41}}],"line":31},"5":{"loc":{"start":{"line":32,"column":13},"end":{"line":32,"column":34}},"type":"binary-expr","locations":[{"start":{"line":32,"column":13},"end":{"line":32,"column":28}},{"start":{"line":32,"column":32},"end":{"line":32,"column":34}}],"line":32},"6":{"loc":{"start":{"line":40,"column":4},"end":{"line":43,"column":5}},"type":"if","locations":[{"start":{"line":40,"column":4},"end":{"line":43,"column":5}},{"start":{},"end":{}}],"line":40},"7":{"loc":{"start":{"line":64,"column":4},"end":{"line":67,"column":5}},"type":"if","locations":[{"start":{"line":64,"column":4},"end":{"line":67,"column":5}},{"start":{},"end":{}}],"line":64},"8":{"loc":{"start":{"line":88,"column":2},"end":{"line":88,"column":38}},"type":"default-arg","locations":[{"start":{"line":88,"column":33},"end":{"line":88,"column":38}}],"line":88},"9":{"loc":{"start":{"line":97,"column":4},"end":{"line":100,"column":5}},"type":"if","locations":[{"start":{"line":97,"column":4},"end":{"line":100,"column":5}},{"start":{},"end":{}}],"line":97},"10":{"loc":{"start":{"line":102,"column":4},"end":{"line":104,"column":5}},"type":"if","locations":[{"start":{"line":102,"column":4},"end":{"line":104,"column":5}},{"start":{},"end":{}}],"line":102},"11":{"loc":{"start":{"line":124,"column":4},"end":{"line":127,"column":5}},"type":"if","locations":[{"start":{"line":124,"column":4},"end":{"line":127,"column":5}},{"start":{},"end":{}}],"line":124},"12":{"loc":{"start":{"line":143,"column":2},"end":{"line":146,"column":3}},"type":"if","locations":[{"start":{"line":143,"column":2},"end":{"line":146,"column":3}},{"start":{},"end":{}}],"line":143},"13":{"loc":{"start":{"line":159,"column":4},"end":{"line":162,"column":5}},"type":"if","locations":[{"start":{"line":159,"column":4},"end":{"line":162,"column":5}},{"start":{},"end":{}}],"line":159},"14":{"loc":{"start":{"line":177,"column":2},"end":{"line":177,"column":41}},"type":"if","locations":[{"start":{"line":177,"column":2},"end":{"line":177,"column":41}},{"start":{},"end":{}}],"line":177},"15":{"loc":{"start":{"line":187,"column":4},"end":{"line":190,"column":5}},"type":"if","locations":[{"start":{"line":187,"column":4},"end":{"line":190,"column":5}},{"start":{},"end":{}}],"line":187},"16":{"loc":{"start":{"line":194,"column":6},"end":{"line":196,"column":69}},"type":"binary-expr","locations":[{"start":{"line":194,"column":6},"end":{"line":194,"column":10}},{"start":{"line":195,"column":6},"end":{"line":195,"column":16}},{"start":{"line":196,"column":7},"end":{"line":196,"column":35}},{"start":{"line":196,"column":39},"end":{"line":196,"column":68}}],"line":194},"17":{"loc":{"start":{"line":210,"column":2},"end":{"line":210,"column":41}},"type":"if","locations":[{"start":{"line":210,"column":2},"end":{"line":210,"column":41}},{"start":{},"end":{}}],"line":210},"18":{"loc":{"start":{"line":220,"column":4},"end":{"line":223,"column":5}},"type":"if","locations":[{"start":{"line":220,"column":4},"end":{"line":223,"column":5}},{"start":{},"end":{}}],"line":220},"19":{"loc":{"start":{"line":226,"column":11},"end":{"line":226,"column":45}},"type":"binary-expr","locations":[{"start":{"line":226,"column":11},"end":{"line":226,"column":15}},{"start":{"line":226,"column":19},"end":{"line":226,"column":27}},{"start":{"line":226,"column":31},"end":{"line":226,"column":45}}],"line":226},"20":{"loc":{"start":{"line":240,"column":2},"end":{"line":240,"column":41}},"type":"if","locations":[{"start":{"line":240,"column":2},"end":{"line":240,"column":41}},{"start":{},"end":{}}],"line":240},"21":{"loc":{"start":{"line":250,"column":11},"end":{"line":250,"column":55}},"type":"binary-expr","locations":[{"start":{"line":250,"column":11},"end":{"line":250,"column":46}},{"start":{"line":250,"column":50},"end":{"line":250,"column":55}}],"line":250}},"s":{"0":1,"1":0,"2":1,"3":0,"4":0,"5":0,"6":0,"7":0,"8":0,"9":0,"10":0,"11":0,"12":1,"13":0,"14":0,"15":0,"16":0,"17":0,"18":0,"19":0,"20":0,"21":0,"22":0,"23":1,"24":0,"25":0,"26":0,"27":0,"28":0,"29":0,"30":0,"31":0,"32":0,"33":0,"34":1,"35":0,"36":0,"37":0,"38":0,"39":0,"40":0,"41":0,"42":0,"43":1,"44":0,"45":0,"46":0,"47":0,"48":0,"49":1,"50":0,"51":0,"52":0,"53":0,"54":0,"55":0,"56":0,"57":0,"58":1,"59":0,"60":0,"61":0,"62":0,"63":0,"64":0,"65":0,"66":0,"67":0,"68":0,"69":1,"70":0,"71":0,"72":0,"73":0,"74":0,"75":0,"76":0,"77":0,"78":0,"79":0,"80":1,"81":0,"82":0,"83":0,"84":0,"85":0,"86":0,"87":0},"f":{"0":0,"1":0,"2":0,"3":0,"4":0,"5":0,"6":0,"7":0,"8":0,"9":0},"b":{"0":[0,0],"1":[0,0],"2":[0,0],"3":[0,0],"4":[0,0],"5":[0,0],"6":[0,0],"7":[0,0],"8":[0],"9":[0,0],"10":[0,0],"11":[0,0],"12":[0,0],"13":[0,0],"14":[0,0],"15":[0,0],"16":[0,0,0,0],"17":[0,0],"18":[0,0],"19":[0,0,0],"20":[0,0],"21":[0,0]},"_coverageSchema":"1a1c01bbd47fc00a2c39e90264f33305004495a9","hash":"82afc340673fa17010484a3177f2377325683ee5"}
,"/Users/vintvgx/Desktop/bandit.studios/COMMUNITE/VENT/utils/strings/function.ts": {"path":"/Users/vintvgx/Desktop/bandit.studios/COMMUNITE/VENT/utils/strings/function.ts","statementMap":{"0":{"start":{"line":8,"column":26},"end":{"line":10,"column":1}},"1":{"start":{"line":9,"column":4},"end":{"line":9,"column":40}},"2":{"start":{"line":17,"column":24},"end":{"line":19,"column":3}},"3":{"start":{"line":18,"column":4},"end":{"line":18,"column":40}},"4":{"start":{"line":18,"column":17},"end":{"line":18,"column":40}}},"fnMap":{"0":{"name":"(anonymous_0)","decl":{"start":{"line":8,"column":26},"end":{"line":8,"column":27}},"loc":{"start":{"line":8,"column":41},"end":{"line":10,"column":1}},"line":8},"1":{"name":"(anonymous_1)","decl":{"start":{"line":17,"column":24},"end":{"line":17,"column":25}},"loc":{"start":{"line":17,"column":44},"end":{"line":19,"column":3}},"line":17}},"branchMap":{"0":{"loc":{"start":{"line":18,"column":4},"end":{"line":18,"column":40}},"type":"if","locations":[{"start":{"line":18,"column":4},"end":{"line":18,"column":40}},{"start":{},"end":{}}],"line":18}},"s":{"0":2,"1":0,"2":2,"3":23,"4":23},"f":{"0":0,"1":23},"b":{"0":[23,0]},"_coverageSchema":"1a1c01bbd47fc00a2c39e90264f33305004495a9","hash":"d90f6976eeaebf242caf62c4a6c1031acdad4ce3"}
}
