TN:
SF:expo-env.d.ts
FNF:0
FNH:0
LF:0
LH:0
BRF:0
BRH:0
end_of_record
TN:
SF:metro.config.js
FNF:0
FNH:0
DA:1,0
DA:2,0
DA:4,0
DA:6,0
LF:4
LH:0
BRF:0
BRH:0
end_of_record
TN:
SF:nativewind-env.d.ts
FNF:0
FNH:0
LF:0
LH:0
BRF:0
BRH:0
end_of_record
TN:
SF:tailwind.config.js
FNF:0
FNH:0
DA:4,0
LF:1
LH:0
BRF:0
BRH:0
end_of_record
TN:
SF:.expo/types/router.d.ts
FNF:0
FNH:0
LF:0
LH:0
BRF:0
BRH:0
end_of_record
TN:
SF:app/+not-found.tsx
FN:7,NotFoundScreen
FNF:1
FNH:0
FNDA:0,NotFoundScreen
DA:8,0
DA:21,0
LF:2
LH:0
BRF:0
BRH:0
end_of_record
TN:
SF:app/_layout.tsx
FN:29,RootLayout
FN:47,(anonymous_1)
FN:52,(anonymous_2)
FN:57,(anonymous_3)
FN:78,AppContent
FNF:5
FNH:0
FNDA:0,RootLayout
FNDA:0,(anonymous_1)
FNDA:0,(anonymous_2)
FNDA:0,(anonymous_3)
FNDA:0,AppContent
DA:27,0
DA:30,0
DA:39,0
DA:41,0
DA:43,0
DA:47,0
DA:49,0
DA:52,0
DA:53,0
DA:57,0
DA:58,0
DA:59,0
DA:63,0
DA:64,0
DA:68,0
DA:79,0
DA:80,0
DA:82,0
DA:83,0
DA:86,0
LF:20
LH:0
BRDA:58,0,0,0
BRDA:58,0,1,0
BRDA:63,1,0,0
BRDA:63,1,1,0
BRDA:82,2,0,0
BRDA:82,2,1,0
BRDA:90,3,0,0
BRDA:90,3,1,0
BRF:8
BRH:0
end_of_record
TN:
SF:app/index.tsx
FN:3,Index
FNF:1
FNH:0
FNDA:0,Index
DA:4,0
LF:1
LH:0
BRF:0
BRH:0
end_of_record
TN:
SF:app-example/app/+not-found.tsx
FN:7,NotFoundScreen
FNF:1
FNH:0
FNDA:0,NotFoundScreen
DA:8,0
DA:21,0
LF:2
LH:0
BRF:0
BRH:0
end_of_record
TN:
SF:app-example/app/_layout.tsx
FN:16,RootLayout
FN:22,(anonymous_1)
FNF:2
FNH:0
FNDA:0,RootLayout
FNDA:0,(anonymous_1)
DA:14,0
DA:17,0
DA:18,0
DA:22,0
DA:23,0
DA:24,0
DA:28,0
DA:29,0
DA:32,0
LF:9
LH:0
BRDA:23,0,0,0
BRDA:23,0,1,0
BRDA:28,1,0,0
BRDA:28,1,1,0
BRDA:34,2,0,0
BRDA:34,2,1,0
BRF:6
BRH:0
end_of_record
TN:
SF:app-example/app/(tabs)/_layout.tsx
FN:11,TabLayout
FN:33,(anonymous_1)
FN:40,(anonymous_2)
FNF:3
FNH:0
FNDA:0,TabLayout
FNDA:0,(anonymous_1)
FNDA:0,(anonymous_2)
DA:12,0
DA:14,0
DA:33,0
DA:40,0
LF:4
LH:0
BRDA:17,0,0,0
BRDA:17,0,1,0
BRF:2
BRH:0
end_of_record
TN:
SF:app-example/app/(tabs)/explore.tsx
FN:10,TabTwoScreen
FNF:1
FNH:0
FNDA:0,TabTwoScreen
DA:11,0
DA:98,0
LF:2
LH:0
BRF:0
BRH:0
end_of_record
TN:
SF:app-example/app/(tabs)/index.tsx
FN:8,HomeScreen
FNF:1
FNH:0
FNDA:0,HomeScreen
DA:9,0
DA:57,0
LF:2
LH:0
BRF:0
BRH:0
end_of_record
TN:
SF:app-example/components/Collapsible.tsx
FN:10,Collapsible
FN:18,(anonymous_1)
FN:18,(anonymous_2)
FNF:3
FNH:0
FNDA:0,Collapsible
FNDA:0,(anonymous_1)
FNDA:0,(anonymous_2)
DA:11,0
DA:12,0
DA:14,0
DA:18,0
DA:35,0
LF:5
LH:0
BRDA:12,0,0,0
BRDA:12,0,1,0
BRDA:24,1,0,0
BRDA:24,1,1,0
BRDA:25,2,0,0
BRDA:25,2,1,0
BRDA:30,3,0,0
BRDA:30,3,1,0
BRF:8
BRH:0
end_of_record
TN:
SF:app-example/components/ExternalLink.tsx
FN:8,ExternalLink
FN:14,(anonymous_1)
FNF:2
FNH:0
FNDA:0,ExternalLink
FNDA:0,(anonymous_1)
DA:9,0
DA:15,0
DA:17,0
DA:19,0
LF:4
LH:0
BRDA:15,0,0,0
BRDA:15,0,1,0
BRF:2
BRH:0
end_of_record
TN:
SF:app-example/components/HapticTab.tsx
FN:5,HapticTab
FN:9,(anonymous_1)
FNF:2
FNH:0
FNDA:0,HapticTab
FNDA:0,(anonymous_1)
DA:6,0
DA:10,0
DA:12,0
DA:14,0
LF:4
LH:0
BRDA:10,0,0,0
BRDA:10,0,1,0
BRF:2
BRH:0
end_of_record
TN:
SF:app-example/components/HelloWave.tsx
FN:13,HelloWave
FN:16,(anonymous_1)
FN:23,(anonymous_2)
FNF:3
FNH:0
FNDA:0,HelloWave
FNDA:0,(anonymous_1)
FNDA:0,(anonymous_2)
DA:14,0
DA:16,0
DA:17,0
DA:23,0
DA:27,0
DA:34,0
LF:6
LH:0
BRF:0
BRH:0
end_of_record
TN:
SF:app-example/components/ParallaxScrollView.tsx
FN:21,ParallaxScrollView
FN:30,(anonymous_1)
FNF:2
FNH:0
FNDA:0,ParallaxScrollView
FNDA:0,(anonymous_1)
DA:14,0
DA:26,0
DA:27,0
DA:28,0
DA:29,0
DA:30,0
DA:31,0
DA:47,0
DA:68,0
LF:9
LH:0
BRDA:26,0,0,0
BRDA:26,0,1,0
BRF:2
BRH:0
end_of_record
TN:
SF:app-example/components/ThemedText.tsx
FN:11,ThemedText
FNF:1
FNH:1
FNDA:1,ThemedText
DA:18,1
DA:20,1
DA:36,1
LF:3
LH:3
BRDA:15,0,0,1
BRDA:24,1,0,1
BRDA:24,1,1,0
BRDA:25,2,0,0
BRDA:25,2,1,1
BRDA:26,3,0,0
BRDA:26,3,1,1
BRDA:27,4,0,0
BRDA:27,4,1,1
BRDA:28,5,0,0
BRDA:28,5,1,1
BRF:11
BRH:6
end_of_record
TN:
SF:app-example/components/ThemedView.tsx
FN:10,ThemedView
FNF:1
FNH:0
FNDA:0,ThemedView
DA:11,0
DA:13,0
LF:2
LH:0
BRF:0
BRH:0
end_of_record
TN:
SF:app-example/components/auth/AppleAuth.tsx
FN:6,(anonymous_0)
FN:13,(anonymous_1)
FNF:2
FNH:0
FNDA:0,(anonymous_0)
FNDA:0,(anonymous_1)
DA:6,0
DA:7,0
DA:14,0
DA:15,0
DA:22,0
DA:26,0
DA:30,0
DA:31,0
DA:35,0
DA:38,0
DA:39,0
DA:41,0
DA:51,0
LF:13
LH:0
BRDA:22,0,0,0
BRDA:22,0,1,0
BRDA:31,1,0,0
BRDA:31,1,1,0
BRDA:38,2,0,0
BRDA:38,2,1,0
BRDA:38,3,0,0
BRDA:38,3,1,0
BRDA:38,3,2,0
BRF:9
BRH:0
end_of_record
TN:
SF:app-example/components/ui/IconSymbol.ios.tsx
FN:4,IconSymbol
FNF:1
FNH:0
FNDA:0,IconSymbol
DA:17,0
LF:1
LH:0
BRDA:6,0,0,0
BRDA:9,1,0,0
BRF:2
BRH:0
end_of_record
TN:
SF:app-example/components/ui/IconSymbol.tsx
FN:30,IconSymbol
FNF:1
FNH:0
FNDA:0,IconSymbol
DA:9,0
DA:42,0
LF:2
LH:0
BRDA:32,0,0,0
BRF:1
BRH:0
end_of_record
TN:
SF:app-example/components/ui/TabBarBackground.ios.tsx
FN:6,BlurTabBarBackground
FN:18,useBottomTabOverflow
FNF:2
FNH:0
FNDA:0,BlurTabBarBackground
FNDA:0,useBottomTabOverflow
DA:7,0
DA:19,0
DA:20,0
DA:21,0
LF:4
LH:0
BRF:0
BRH:0
end_of_record
TN:
SF:app-example/components/ui/TabBarBackground.tsx
FN:4,useBottomTabOverflow
FNF:1
FNH:0
FNDA:0,useBottomTabOverflow
DA:5,0
LF:1
LH:0
BRF:0
BRH:0
end_of_record
TN:
SF:app-example/components/ui/button/index.tsx
FN:290,Button
FN:310,ButtonText
FN:349,ButtonIcon
FN:400,ButtonGroup
FNF:4
FNH:0
FNDA:0,Button
FNDA:0,ButtonText
FNDA:0,ButtonIcon
FNDA:0,ButtonGroup
DA:14,0
DA:16,0
DA:18,0
DA:26,0
DA:39,0
DA:121,0
DA:200,0
DA:256,0
DA:287,0
DA:294,0
DA:307,0
DA:315,0
DA:317,0
DA:336,0
DA:346,0
DA:354,0
DA:356,0
DA:357,0
DA:365,0
DA:369,0
DA:377,0
DA:397,0
DA:410,0
DA:424,0
DA:425,0
DA:426,0
DA:427,0
DA:428,0
LF:28
LH:0
BRDA:291,0,0,0
BRDA:291,1,0,0
BRDA:291,2,0,0
BRDA:356,3,0,0
BRDA:356,3,1,0
BRDA:365,4,0,0
BRDA:365,4,1,0
BRDA:366,5,0,0
BRDA:366,5,1,0
BRDA:366,5,2,0
BRDA:403,6,0,0
BRDA:404,7,0,0
BRDA:405,8,0,0
BRF:13
BRH:0
end_of_record
TN:
SF:app-example/components/ui/gluestack-ui-provider/config.ts
FNF:0
FNH:0
DA:4,0
LF:1
LH:0
BRF:0
BRH:0
end_of_record
TN:
SF:app-example/components/ui/gluestack-ui-provider/index.tsx
FN:9,GluestackUIProvider
FN:19,(anonymous_1)
FNF:2
FNH:0
FNDA:0,GluestackUIProvider
FNDA:0,(anonymous_1)
DA:17,0
DA:19,0
DA:20,0
DA:24,0
LF:4
LH:0
BRDA:10,0,0,0
BRF:1
BRH:0
end_of_record
TN:
SF:app-example/components/ui/gluestack-ui-provider/index.web.tsx
FN:11,(anonymous_0)
FN:21,GluestackUIProvider
FN:29,(anonymous_2)
FN:34,(anonymous_3)
FN:43,(anonymous_4)
FN:47,(anonymous_5)
FN:58,(anonymous_6)
FN:64,(anonymous_7)
FN:67,(anonymous_8)
FNF:9
FNH:0
FNDA:0,(anonymous_0)
FNDA:0,GluestackUIProvider
FNDA:0,(anonymous_2)
FNDA:0,(anonymous_3)
FNDA:0,(anonymous_4)
FNDA:0,(anonymous_5)
FNDA:0,(anonymous_6)
FNDA:0,(anonymous_7)
FNDA:0,(anonymous_8)
DA:10,0
DA:11,0
DA:12,0
DA:13,0
DA:14,0
DA:15,0
DA:19,0
DA:28,0
DA:29,0
DA:30,0
DA:32,0
DA:35,0
DA:36,0
DA:38,0
DA:41,0
DA:43,0
DA:44,0
DA:47,0
DA:48,0
DA:49,0
DA:50,0
DA:51,0
DA:52,0
DA:53,0
DA:58,0
DA:59,0
DA:60,0
DA:62,0
DA:64,0
DA:67,0
DA:68,0
DA:69,0
DA:70,0
DA:71,0
DA:72,0
DA:73,0
DA:74,0
DA:75,0
DA:76,0
DA:82,0
LF:40
LH:0
BRDA:19,0,0,0
BRDA:19,0,1,0
BRDA:22,1,0,0
BRDA:31,2,0,0
BRDA:31,2,1,0
BRDA:44,3,0,0
BRDA:44,3,1,0
BRDA:48,4,0,0
BRDA:48,4,1,0
BRDA:50,5,0,0
BRDA:50,5,1,0
BRDA:52,6,0,0
BRDA:52,6,1,0
BRDA:59,7,0,0
BRDA:59,7,1,0
BRDA:68,8,0,0
BRDA:68,8,1,0
BRDA:70,9,0,0
BRDA:70,9,1,0
BRDA:73,10,0,0
BRDA:73,10,1,0
BRDA:76,11,0,0
BRDA:76,11,1,0
BRF:23
BRH:0
end_of_record
TN:
SF:app-example/components/ui/gluestack-ui-provider/script.ts
FN:1,(anonymous_0)
FN:4,getSystemColorMode
FNF:2
FNH:0
FNDA:0,(anonymous_0)
FNDA:0,getSystemColorMode
DA:1,0
DA:2,0
DA:5,0
DA:10,0
DA:11,0
DA:12,0
DA:13,0
DA:14,0
DA:15,0
DA:17,0
LF:10
LH:0
BRDA:5,0,0,0
BRDA:5,0,1,0
BRDA:12,1,0,0
BRDA:12,1,1,0
BRDA:13,2,0,0
BRDA:13,2,1,0
BRF:6
BRH:0
end_of_record
TN:
SF:app-example/components/ui/gluestack-ui-provider/types.ts
FNF:0
FNH:0
LF:0
LH:0
BRF:0
BRH:0
end_of_record
TN:
SF:app-example/constants/Colors.ts
FNF:0
FNH:0
DA:6,0
DA:7,0
DA:9,0
LF:3
LH:0
BRF:0
BRH:0
end_of_record
TN:
SF:app-example/hooks/useColorScheme.ts
FNF:0
FNH:0
LF:0
LH:0
BRF:0
BRH:0
end_of_record
TN:
SF:app-example/hooks/useColorScheme.web.ts
FN:7,useColorScheme
FN:10,(anonymous_1)
FNF:2
FNH:0
FNDA:0,useColorScheme
FNDA:0,(anonymous_1)
DA:8,0
DA:10,0
DA:11,0
DA:14,0
DA:16,0
DA:17,0
DA:20,0
LF:7
LH:0
BRDA:16,0,0,0
BRDA:16,0,1,0
BRF:2
BRH:0
end_of_record
TN:
SF:app-example/hooks/useThemeColor.ts
FN:9,useThemeColor
FNF:1
FNH:0
FNDA:0,useThemeColor
DA:13,0
DA:14,0
DA:16,0
DA:17,0
DA:19,0
LF:5
LH:0
BRDA:13,0,0,0
BRDA:13,0,1,0
BRDA:16,1,0,0
BRDA:16,1,1,0
BRF:4
BRH:0
end_of_record
TN:
SF:app-example/scripts/reset-project.js
FN:48,(anonymous_0)
FN:103,(anonymous_1)
FN:106,(anonymous_2)
FNF:3
FNH:0
FNDA:0,(anonymous_0)
FNDA:0,(anonymous_1)
FNDA:0,(anonymous_2)
DA:9,0
DA:10,0
DA:11,0
DA:13,0
DA:14,0
DA:15,0
DA:16,0
DA:17,0
DA:19,0
DA:36,0
DA:43,0
DA:48,0
DA:49,0
DA:50,0
DA:52,0
DA:53,0
DA:57,0
DA:58,0
DA:59,0
DA:60,0
DA:61,0
DA:62,0
DA:63,0
DA:65,0
DA:66,0
DA:69,0
DA:74,0
DA:75,0
DA:76,0
DA:79,0
DA:80,0
DA:81,0
DA:84,0
DA:85,0
DA:86,0
DA:88,0
DA:89,0
DA:97,0
DA:101,0
DA:104,0
DA:105,0
DA:106,0
DA:108,0
DA:109,0
LF:44
LH:0
BRDA:50,0,0,0
BRDA:50,0,1,0
BRDA:59,1,0,0
BRDA:59,1,1,0
BRDA:60,2,0,0
BRDA:60,2,1,0
BRDA:91,3,0,0
BRDA:91,3,1,0
BRDA:104,4,0,0
BRDA:104,4,1,0
BRDA:105,5,0,0
BRDA:105,5,1,0
BRDA:105,6,0,0
BRDA:105,6,1,0
BRF:14
BRH:0
end_of_record
TN:
SF:app/(app)/_layout.tsx
FN:6,AppLayout
FNF:1
FNH:0
FNDA:0,AppLayout
DA:8,0
LF:1
LH:0
BRF:0
BRH:0
end_of_record
TN:
SF:app/(app)/home.tsx
FN:14,(anonymous_0)
FN:24,(anonymous_1)
FN:36,(anonymous_2)
FN:45,(anonymous_3)
FN:124,(anonymous_4)
FN:169,(anonymous_5)
FNF:6
FNH:0
FNDA:0,(anonymous_0)
FNDA:0,(anonymous_1)
FNDA:0,(anonymous_2)
FNDA:0,(anonymous_3)
FNDA:0,(anonymous_4)
FNDA:0,(anonymous_5)
DA:14,0
DA:15,0
DA:16,0
DA:17,0
DA:18,0
DA:19,0
DA:22,0
DA:24,0
DA:25,0
DA:30,0
DA:32,0
DA:33,0
DA:36,0
DA:37,0
DA:38,0
DA:40,0
DA:41,0
DA:45,0
DA:46,0
DA:51,0
DA:125,0
DA:169,0
DA:176,0
DA:184,0
LF:24
LH:0
BRDA:15,0,0,0
BRDA:15,0,1,0
BRDA:16,1,0,0
BRDA:16,1,1,0
BRDA:17,2,0,0
BRDA:17,2,1,0
BRDA:17,3,0,0
BRDA:17,3,1,0
BRDA:18,4,0,0
BRDA:18,4,1,0
BRDA:71,5,0,0
BRDA:71,5,1,0
BRDA:75,6,0,0
BRDA:75,6,1,0
BRDA:78,7,0,0
BRDA:78,7,1,0
BRDA:123,8,0,0
BRDA:123,8,1,0
BRDA:123,9,0,0
BRDA:123,9,1,0
BRDA:141,10,0,0
BRDA:141,10,1,0
BRDA:178,11,0,0
BRDA:178,11,1,0
BRF:24
BRH:0
end_of_record
TN:
SF:app/(auth)/_layout.tsx
FN:8,AuthLayout
FNF:1
FNH:0
FNDA:0,AuthLayout
DA:9,0
DA:13,0
DA:14,0
DA:22,0
DA:23,0
DA:27,0
DA:29,0
DA:32,0
LF:8
LH:0
BRDA:13,0,0,0
BRDA:13,0,1,0
BRDA:22,1,0,0
BRDA:22,1,1,0
BRDA:27,2,0,0
BRDA:27,2,1,0
BRDA:27,3,0,0
BRDA:27,3,1,0
BRF:8
BRH:0
end_of_record
TN:
SF:app/(auth)/verify-mobile.tsx
FN:9,(anonymous_0)
FNF:1
FNH:0
FNDA:0,(anonymous_0)
DA:9,0
DA:10,0
DA:15,0
DA:16,0
DA:25,0
DA:50,0
LF:6
LH:0
BRDA:15,0,0,0
BRDA:15,0,1,0
BRF:2
BRH:0
end_of_record
TN:
SF:app/(onboard)/_layout.tsx
FN:24,OnboardingLayout
FN:30,(anonymous_1)
FN:78,(anonymous_2)
FN:92,(anonymous_3)
FN:106,(anonymous_4)
FNF:5
FNH:0
FNDA:0,OnboardingLayout
FNDA:0,(anonymous_1)
FNDA:0,(anonymous_2)
FNDA:0,(anonymous_3)
FNDA:0,(anonymous_4)
DA:22,0
DA:25,0
DA:26,0
DA:27,0
DA:30,0
DA:31,0
DA:32,0
DA:34,0
DA:36,0
DA:37,0
DA:39,0
DA:40,0
DA:42,0
DA:43,0
DA:46,0
DA:55,0
DA:56,0
DA:67,0
DA:68,0
DA:72,0
DA:73,0
DA:77,0
DA:78,0
DA:79,0
DA:81,0
DA:83,0
DA:85,0
DA:87,0
DA:92,0
DA:93,0
DA:95,0
DA:97,0
DA:99,0
DA:101,0
DA:106,0
DA:107,0
DA:108,0
DA:110,0
DA:114,0
DA:164,0
LF:40
LH:0
BRDA:31,0,0,0
BRDA:31,0,1,0
BRDA:31,1,0,0
BRDA:31,1,1,0
BRDA:34,2,0,0
BRDA:34,2,1,0
BRDA:34,2,2,0
BRDA:55,3,0,0
BRDA:55,3,1,0
BRDA:67,4,0,0
BRDA:67,4,1,0
BRDA:72,5,0,0
BRDA:72,5,1,0
BRDA:72,6,0,0
BRDA:72,6,1,0
BRDA:79,7,0,0
BRDA:79,7,1,0
BRDA:79,7,2,0
BRDA:79,7,3,0
BRDA:93,8,0,0
BRDA:93,8,1,0
BRDA:93,8,2,0
BRDA:93,8,3,0
BRDA:117,9,0,0
BRDA:117,9,1,0
BRDA:118,10,0,0
BRDA:118,10,1,0
BRDA:195,11,0,0
BRDA:195,11,1,0
BRF:29
BRH:0
end_of_record
TN:
SF:app/(onboard)/assessment.tsx
FN:30,(anonymous_0)
FN:48,(anonymous_1)
FN:66,(anonymous_2)
FN:67,(anonymous_3)
FN:84,(anonymous_4)
FN:87,(anonymous_5)
FN:93,(anonymous_6)
FN:100,(anonymous_7)
FN:102,(anonymous_8)
FN:109,(anonymous_9)
FN:131,(anonymous_10)
FN:137,(anonymous_11)
FN:162,(anonymous_12)
FNF:13
FNH:0
FNDA:0,(anonymous_0)
FNDA:0,(anonymous_1)
FNDA:0,(anonymous_2)
FNDA:0,(anonymous_3)
FNDA:0,(anonymous_4)
FNDA:0,(anonymous_5)
FNDA:0,(anonymous_6)
FNDA:0,(anonymous_7)
FNDA:0,(anonymous_8)
FNDA:0,(anonymous_9)
FNDA:0,(anonymous_10)
FNDA:0,(anonymous_11)
FNDA:0,(anonymous_12)
DA:30,0
DA:31,0
DA:32,0
DA:34,0
DA:36,0
DA:38,0
DA:45,0
DA:46,0
DA:48,0
DA:50,0
DA:52,0
DA:53,0
DA:54,0
DA:55,0
DA:59,0
DA:61,0
DA:64,0
DA:66,0
DA:67,0
DA:76,0
DA:77,0
DA:79,0
DA:80,0
DA:84,0
DA:86,0
DA:87,0
DA:93,0
DA:100,0
DA:101,0
DA:102,0
DA:109,0
DA:110,0
DA:112,0
DA:117,0
DA:120,0
DA:123,0
DA:125,0
DA:131,0
DA:132,0
DA:134,0
DA:137,0
DA:140,0
DA:142,0
DA:144,0
DA:146,0
DA:148,0
DA:150,0
DA:155,0
DA:156,0
DA:162,0
DA:170,0
DA:221,0
LF:52
LH:0
BRDA:52,0,0,0
BRDA:52,0,1,0
BRDA:54,1,0,0
BRDA:54,1,1,0
BRDA:86,2,0,0
BRDA:86,2,1,0
BRDA:101,3,0,0
BRDA:101,3,1,0
BRDA:132,4,0,0
BRDA:132,4,1,0
BRDA:136,5,0,0
BRDA:136,5,1,0
BRDA:140,6,0,0
BRDA:140,6,1,0
BRDA:140,6,2,0
BRDA:140,6,3,0
BRDA:140,6,4,0
BRDA:155,7,0,0
BRDA:155,7,1,0
BRDA:173,8,0,0
BRDA:173,8,1,0
BRDA:177,9,0,0
BRDA:177,9,1,0
BRDA:181,10,0,0
BRDA:181,10,1,0
BRDA:192,11,0,0
BRDA:192,11,1,0
BRDA:205,12,0,0
BRDA:205,12,1,0
BRF:29
BRH:0
end_of_record
TN:
SF:app/(onboard)/profile.tsx
FN:33,ProfileScreen
FN:73,(anonymous_1)
FN:78,(anonymous_2)
FN:81,(anonymous_3)
FN:87,(anonymous_4)
FN:92,(anonymous_5)
FN:99,(anonymous_6)
FN:122,(anonymous_7)
FN:185,(anonymous_8)
FN:194,(anonymous_9)
FN:213,(anonymous_10)
FN:220,(anonymous_11)
FN:224,(anonymous_12)
FN:240,(anonymous_13)
FN:242,(anonymous_14)
FN:252,(anonymous_15)
FN:264,(anonymous_16)
FN:271,(anonymous_17)
FN:289,(anonymous_18)
FN:296,(anonymous_19)
FN:312,(anonymous_20)
FN:319,(anonymous_21)
FN:336,(anonymous_22)
FN:354,(anonymous_23)
FN:413,(anonymous_24)
FN:421,(anonymous_25)
FN:461,(anonymous_26)
FN:480,(anonymous_27)
FN:483,(anonymous_28)
FN:497,(anonymous_29)
FN:501,(anonymous_30)
FN:517,(anonymous_31)
FN:613,(anonymous_32)
FN:648,(anonymous_33)
FNF:34
FNH:26
FNDA:13,ProfileScreen
FNDA:3,(anonymous_1)
FNDA:3,(anonymous_2)
FNDA:0,(anonymous_3)
FNDA:0,(anonymous_4)
FNDA:3,(anonymous_5)
FNDA:3,(anonymous_6)
FNDA:3,(anonymous_7)
FNDA:4,(anonymous_8)
FNDA:1,(anonymous_9)
FNDA:1,(anonymous_10)
FNDA:13,(anonymous_11)
FNDA:1300,(anonymous_12)
FNDA:403,(anonymous_13)
FNDA:1,(anonymous_14)
FNDA:0,(anonymous_15)
FNDA:156,(anonymous_16)
FNDA:1,(anonymous_17)
FNDA:403,(anonymous_18)
FNDA:1,(anonymous_19)
FNDA:1300,(anonymous_20)
FNDA:1,(anonymous_21)
FNDA:0,(anonymous_22)
FNDA:4,(anonymous_23)
FNDA:0,(anonymous_24)
FNDA:0,(anonymous_25)
FNDA:0,(anonymous_26)
FNDA:13,(anonymous_27)
FNDA:39,(anonymous_28)
FNDA:13,(anonymous_29)
FNDA:0,(anonymous_30)
FNDA:26,(anonymous_31)
FNDA:1,(anonymous_32)
FNDA:1,(anonymous_33)
DA:34,13
DA:36,13
DA:41,13
DA:44,13
DA:45,13
DA:46,13
DA:47,13
DA:48,13
DA:49,13
DA:52,13
DA:53,13
DA:54,13
DA:55,13
DA:56,13
DA:57,13
DA:60,13
DA:63,13
DA:66,13
DA:69,13
DA:70,13
DA:73,13
DA:74,3
DA:78,13
DA:79,3
DA:82,0
DA:85,3
DA:88,0
DA:92,3
DA:93,3
DA:94,3
DA:99,13
DA:100,3
DA:101,0
DA:102,0
DA:103,0
DA:104,0
DA:105,0
DA:106,0
DA:107,0
DA:108,0
DA:109,0
DA:110,0
DA:111,0
DA:112,0
DA:113,0
DA:115,0
DA:122,13
DA:123,3
DA:133,3
DA:144,3
DA:145,3
DA:146,3
DA:147,3
DA:148,3
DA:151,3
DA:152,0
DA:153,0
DA:154,0
DA:155,0
DA:156,0
DA:157,0
DA:161,3
DA:162,0
DA:163,0
DA:165,0
DA:168,0
DA:169,0
DA:172,0
DA:173,0
DA:176,0
DA:180,0
DA:185,13
DA:186,4
DA:191,0
DA:194,13
DA:195,1
DA:196,0
DA:197,0
DA:202,1
DA:203,0
DA:206,0
DA:209,1
DA:210,1
DA:213,13
DA:214,1
DA:215,1
DA:216,1
DA:220,13
DA:222,13
DA:224,1300
DA:226,13
DA:240,403
DA:242,13
DA:243,1
DA:244,1
DA:247,13
DA:252,0
DA:265,156
DA:271,1
DA:290,403
DA:296,1
DA:313,1300
DA:319,1
DA:336,0
DA:354,13
DA:355,4
DA:357,4
DA:358,0
DA:359,0
DA:363,4
DA:364,0
DA:368,0
DA:372,4
DA:381,4
DA:382,0
DA:384,0
DA:385,0
DA:389,0
DA:397,0
DA:400,0
DA:409,0
DA:413,13
DA:414,0
DA:415,0
DA:416,0
DA:417,0
DA:421,13
DA:423,0
DA:426,0
DA:427,0
DA:428,0
DA:431,0
DA:432,0
DA:434,0
DA:435,0
DA:437,0
DA:440,0
DA:451,0
DA:452,0
DA:455,0
DA:458,0
DA:460,0
DA:461,0
DA:465,0
DA:467,0
DA:468,0
DA:471,0
DA:472,0
DA:473,0
DA:475,0
DA:480,13
DA:481,13
DA:484,39
DA:497,13
DA:498,13
DA:501,0
DA:517,13
DA:518,26
DA:520,26
DA:522,26
DA:525,0
DA:527,0
DA:530,0
DA:533,13
DA:614,1
DA:615,1
DA:649,1
DA:650,1
DA:731,1
LF:169
LH:89
BRDA:67,0,0,13
BRDA:67,0,1,10
BRDA:69,1,0,13
BRDA:69,1,1,13
BRDA:70,2,0,13
BRDA:70,2,1,10
BRDA:100,3,0,0
BRDA:100,3,1,3
BRDA:102,4,0,0
BRDA:102,4,1,0
BRDA:103,5,0,0
BRDA:103,5,1,0
BRDA:104,6,0,0
BRDA:104,6,1,0
BRDA:105,7,0,0
BRDA:105,7,1,0
BRDA:106,8,0,0
BRDA:106,8,1,0
BRDA:144,9,0,0
BRDA:144,9,1,3
BRDA:145,10,0,0
BRDA:145,10,1,3
BRDA:146,11,0,0
BRDA:146,11,1,3
BRDA:147,12,0,0
BRDA:147,12,1,3
BRDA:148,13,0,0
BRDA:148,13,1,3
BRDA:151,14,0,0
BRDA:151,14,1,3
BRDA:161,15,0,0
BRDA:161,15,1,3
BRDA:163,16,0,0
BRDA:163,16,1,0
BRDA:168,17,0,0
BRDA:168,17,1,0
BRDA:168,18,0,0
BRDA:168,18,1,0
BRDA:172,19,0,0
BRDA:172,19,1,0
BRDA:172,20,0,0
BRDA:172,20,1,0
BRDA:195,21,0,0
BRDA:195,21,1,1
BRDA:202,22,0,0
BRDA:202,22,1,1
BRDA:269,23,0,156
BRDA:269,23,1,13
BRDA:274,24,0,13
BRDA:274,24,1,143
BRDA:294,25,0,403
BRDA:294,25,1,13
BRDA:299,26,0,13
BRDA:299,26,1,390
BRDA:317,27,0,1300
BRDA:317,27,1,13
BRDA:322,28,0,13
BRDA:322,28,1,1287
BRDA:355,29,0,4
BRDA:355,29,1,0
BRDA:357,30,0,0
BRDA:357,30,1,4
BRDA:357,31,0,4
BRDA:357,31,1,0
BRDA:363,32,0,0
BRDA:363,32,1,4
BRDA:363,33,0,4
BRDA:363,33,1,4
BRDA:382,34,0,0
BRDA:382,34,1,0
BRDA:384,35,0,0
BRDA:384,35,1,0
BRDA:414,36,0,0
BRDA:414,36,1,0
BRDA:416,37,0,0
BRDA:416,37,1,0
BRDA:426,38,0,0
BRDA:426,38,1,0
BRDA:435,39,0,0
BRDA:435,39,1,0
BRDA:442,40,0,0
BRDA:442,40,1,0
BRDA:443,41,0,0
BRDA:443,41,1,0
BRDA:446,42,0,0
BRDA:446,42,1,0
BRDA:451,43,0,0
BRDA:451,43,1,0
BRDA:488,44,0,13
BRDA:488,44,1,26
BRDA:505,45,0,0
BRDA:505,45,1,13
BRDA:507,46,0,13
BRDA:507,46,1,0
BRDA:518,47,0,0
BRDA:518,47,1,26
BRDA:520,48,0,26
BRDA:520,48,1,0
BRDA:522,49,0,26
BRDA:522,49,1,26
BRDA:522,49,2,26
BRDA:525,50,0,0
BRDA:525,50,1,0
BRDA:527,51,0,0
BRDA:527,51,1,0
BRDA:536,52,0,13
BRDA:536,52,1,0
BRDA:538,53,0,13
BRDA:538,53,1,0
BRDA:542,54,0,13
BRDA:542,54,1,0
BRDA:570,55,0,13
BRDA:570,55,1,13
BRDA:618,56,0,3
BRDA:618,56,1,10
BRDA:624,57,0,13
BRDA:624,57,1,0
BRDA:643,58,0,13
BRDA:643,58,1,0
BRDA:656,59,0,13
BRDA:656,59,1,0
BRDA:686,60,0,13
BRDA:686,60,1,0
BRDA:689,61,0,13
BRDA:689,61,1,0
BRDA:705,62,0,0
BRDA:705,62,1,13
BRDA:706,63,0,13
BRDA:706,63,1,0
BRDA:707,64,0,13
BRDA:707,64,1,10
BRDA:711,65,0,0
BRDA:711,65,1,13
BRDA:715,66,0,0
BRDA:715,66,1,13
BRDA:735,67,0,1
BRDA:735,67,1,0
BRDA:738,68,0,1
BRDA:738,68,1,0
BRF:139
BRH:63
end_of_record
TN:
SF:app/(onboard)/role.tsx
FN:26,RoleSelectionScreen
FN:66,(anonymous_1)
FN:72,(anonymous_2)
FN:139,(anonymous_3)
FN:146,(anonymous_4)
FN:162,(anonymous_5)
FN:169,(anonymous_6)
FN:197,(anonymous_7)
FN:214,(anonymous_8)
FNF:9
FNH:0
FNDA:0,RoleSelectionScreen
FNDA:0,(anonymous_1)
FNDA:0,(anonymous_2)
FNDA:0,(anonymous_3)
FNDA:0,(anonymous_4)
FNDA:0,(anonymous_5)
FNDA:0,(anonymous_6)
FNDA:0,(anonymous_7)
FNDA:0,(anonymous_8)
DA:27,0
DA:29,0
DA:34,0
DA:36,0
DA:38,0
DA:39,0
DA:40,0
DA:41,0
DA:42,0
DA:50,0
DA:52,0
DA:54,0
DA:60,0
DA:66,0
DA:67,0
DA:68,0
DA:69,0
DA:72,0
DA:73,0
DA:74,0
DA:75,0
DA:76,0
DA:79,0
DA:80,0
DA:82,0
DA:83,0
DA:86,0
DA:93,0
DA:94,0
DA:97,0
DA:100,0
DA:102,0
DA:104,0
DA:105,0
DA:108,0
DA:109,0
DA:111,0
DA:115,0
DA:116,0
DA:123,0
DA:139,0
DA:146,0
DA:162,0
DA:169,0
DA:197,0
DA:214,0
DA:224,0
LF:47
LH:0
BRDA:50,0,0,0
BRDA:50,0,1,0
BRDA:52,1,0,0
BRDA:52,1,1,0
BRDA:67,2,0,0
BRDA:67,2,1,0
BRDA:73,3,0,0
BRDA:73,3,1,0
BRDA:83,4,0,0
BRDA:83,4,1,0
BRDA:93,5,0,0
BRDA:93,5,1,0
BRDA:115,6,0,0
BRDA:115,6,1,0
BRDA:137,7,0,0
BRDA:137,7,1,0
BRDA:160,8,0,0
BRDA:160,8,1,0
BRDA:181,9,0,0
BRDA:181,9,1,0
BRDA:188,10,0,0
BRDA:188,10,1,0
BRF:22
BRH:0
end_of_record
TN:
SF:app/(public)/_layout.tsx
FN:6,PublicLayout
FNF:1
FNH:0
FNDA:0,PublicLayout
DA:8,0
LF:1
LH:0
BRF:0
BRH:0
end_of_record
TN:
SF:app/(public)/auth.tsx
FN:17,(anonymous_0)
FNF:1
FNH:0
FNDA:0,(anonymous_0)
DA:17,0
DA:19,0
DA:21,0
DA:92,0
LF:4
LH:0
BRDA:47,0,0,0
BRDA:47,0,1,0
BRF:2
BRH:0
end_of_record
TN:
SF:app/components/LoadingScreen.tsx
FN:4,LoadingScreen
FNF:1
FNH:0
FNDA:0,LoadingScreen
DA:5,0
DA:6,0
DA:13,0
LF:3
LH:0
BRF:0
BRH:0
end_of_record
TN:
SF:app/components/assessment/CheckboxQuestion.tsx
FN:15,(anonymous_0)
FN:18,(anonymous_1)
FN:20,(anonymous_2)
FN:28,(anonymous_3)
FN:38,(anonymous_4)
FNF:5
FNH:0
FNDA:0,(anonymous_0)
FNDA:0,(anonymous_1)
FNDA:0,(anonymous_2)
FNDA:0,(anonymous_3)
FNDA:0,(anonymous_4)
DA:15,0
DA:16,0
DA:18,0
DA:19,0
DA:20,0
DA:22,0
DA:26,0
DA:29,0
DA:31,0
DA:38,0
DA:59,0
LF:11
LH:0
BRDA:16,0,0,0
BRDA:16,0,1,0
BRDA:19,1,0,0
BRDA:19,1,1,0
BRDA:36,2,0,0
BRDA:36,2,1,0
BRDA:45,3,0,0
BRDA:45,3,1,0
BRDA:48,4,0,0
BRDA:48,4,1,0
BRF:10
BRH:0
end_of_record
TN:
SF:app/components/assessment/MultipleChoiceQuestion.tsx
FN:15,(anonymous_0)
FN:22,(anonymous_1)
FN:29,(anonymous_2)
FNF:3
FNH:0
FNDA:0,(anonymous_0)
FNDA:0,(anonymous_1)
FNDA:0,(anonymous_2)
DA:15,0
DA:20,0
DA:23,0
DA:29,0
DA:49,0
LF:5
LH:0
BRDA:27,0,0,0
BRDA:27,0,1,0
BRDA:36,1,0,0
BRDA:36,1,1,0
BRDA:39,2,0,0
BRDA:39,2,1,0
BRF:6
BRH:0
end_of_record
TN:
SF:app/components/assessment/ScaleQuestion.tsx
FN:15,(anonymous_0)
FN:19,(anonymous_1)
FN:26,(anonymous_2)
FNF:3
FNH:0
FNDA:0,(anonymous_0)
FNDA:0,(anonymous_1)
FNDA:0,(anonymous_2)
DA:15,0
DA:16,0
DA:20,0
DA:26,0
DA:44,0
LF:5
LH:0
BRDA:24,0,0,0
BRDA:24,0,1,0
BRDA:32,1,0,0
BRDA:32,1,1,0
BRF:4
BRH:0
end_of_record
TN:
SF:app/components/assessment/TextQuestion.tsx
FN:12,(anonymous_0)
FNF:1
FNH:0
FNDA:0,(anonymous_0)
DA:12,0
DA:13,0
DA:31,0
LF:3
LH:0
BRDA:17,0,0,0
BRDA:17,0,1,0
BRF:2
BRH:0
end_of_record
TN:
SF:components/Collapsible.tsx
FN:10,Collapsible
FN:18,(anonymous_1)
FN:18,(anonymous_2)
FNF:3
FNH:0
FNDA:0,Collapsible
FNDA:0,(anonymous_1)
FNDA:0,(anonymous_2)
DA:11,0
DA:12,0
DA:14,0
DA:18,0
DA:35,0
LF:5
LH:0
BRDA:12,0,0,0
BRDA:12,0,1,0
BRDA:24,1,0,0
BRDA:24,1,1,0
BRDA:25,2,0,0
BRDA:25,2,1,0
BRDA:30,3,0,0
BRDA:30,3,1,0
BRF:8
BRH:0
end_of_record
TN:
SF:components/ExternalLink.tsx
FN:8,ExternalLink
FN:14,(anonymous_1)
FNF:2
FNH:0
FNDA:0,ExternalLink
FNDA:0,(anonymous_1)
DA:9,0
DA:15,0
DA:17,0
DA:19,0
LF:4
LH:0
BRDA:15,0,0,0
BRDA:15,0,1,0
BRF:2
BRH:0
end_of_record
TN:
SF:components/HapticTab.tsx
FN:5,HapticTab
FN:9,(anonymous_1)
FNF:2
FNH:0
FNDA:0,HapticTab
FNDA:0,(anonymous_1)
DA:6,0
DA:10,0
DA:12,0
DA:14,0
LF:4
LH:0
BRDA:10,0,0,0
BRDA:10,0,1,0
BRF:2
BRH:0
end_of_record
TN:
SF:components/HelloWave.tsx
FN:13,HelloWave
FN:16,(anonymous_1)
FN:23,(anonymous_2)
FNF:3
FNH:0
FNDA:0,HelloWave
FNDA:0,(anonymous_1)
FNDA:0,(anonymous_2)
DA:14,0
DA:16,0
DA:17,0
DA:23,0
DA:27,0
DA:34,0
LF:6
LH:0
BRF:0
BRH:0
end_of_record
TN:
SF:components/ParallaxScrollView.tsx
FN:21,ParallaxScrollView
FN:30,(anonymous_1)
FNF:2
FNH:0
FNDA:0,ParallaxScrollView
FNDA:0,(anonymous_1)
DA:14,0
DA:26,0
DA:27,0
DA:28,0
DA:29,0
DA:30,0
DA:31,0
DA:47,0
DA:68,0
LF:9
LH:0
BRDA:26,0,0,0
BRDA:26,0,1,0
BRF:2
BRH:0
end_of_record
TN:
SF:components/ThemedText.tsx
FN:11,ThemedText
FNF:1
FNH:1
FNDA:427,ThemedText
DA:18,427
DA:20,427
DA:36,2
LF:3
LH:3
BRDA:15,0,0,415
BRDA:24,1,0,415
BRDA:24,1,1,12
BRDA:25,2,0,0
BRDA:25,2,1,427
BRDA:26,3,0,0
BRDA:26,3,1,427
BRDA:27,4,0,12
BRDA:27,4,1,415
BRDA:28,5,0,0
BRDA:28,5,1,427
BRF:11
BRH:8
end_of_record
TN:
SF:components/ThemedView.tsx
FN:10,ThemedView
FNF:1
FNH:0
FNDA:0,ThemedView
DA:11,0
DA:13,0
LF:2
LH:0
BRF:0
BRH:0
end_of_record
TN:
SF:components/auth/AppleAuth.tsx
FN:8,(anonymous_0)
FN:17,(anonymous_1)
FNF:2
FNH:0
FNDA:0,(anonymous_0)
FNDA:0,(anonymous_1)
DA:8,0
DA:9,0
DA:11,0
DA:18,0
DA:19,0
DA:26,0
DA:27,0
DA:32,0
DA:33,0
DA:37,0
DA:38,0
DA:44,0
DA:45,0
DA:49,0
DA:53,0
DA:56,0
DA:60,0
DA:61,0
DA:63,0
DA:66,0
DA:67,0
DA:72,0
DA:74,0
DA:84,0
LF:24
LH:0
BRDA:26,0,0,0
BRDA:26,0,1,0
BRDA:32,1,0,0
BRDA:32,1,1,0
BRDA:37,2,0,0
BRDA:37,2,1,0
BRDA:44,3,0,0
BRDA:44,3,1,0
BRDA:67,4,0,0
BRDA:67,4,1,0
BRDA:68,5,0,0
BRDA:68,5,1,0
BRDA:68,5,2,0
BRF:13
BRH:0
end_of_record
TN:
SF:components/auth/GoogleAuth.tsx
FN:12,(anonymous_0)
FN:28,(anonymous_1)
FNF:2
FNH:0
FNDA:0,(anonymous_0)
FNDA:0,(anonymous_1)
DA:13,0
DA:15,0
DA:24,0
DA:29,0
DA:30,0
DA:31,0
DA:32,0
DA:33,0
DA:35,0
DA:40,0
DA:41,0
DA:43,0
DA:47,0
DA:48,0
DA:54,0
DA:55,0
DA:59,0
DA:63,0
DA:65,0
DA:68,0
DA:69,0
DA:72,0
DA:74,0
DA:75,0
DA:77,0
DA:78,0
DA:80,0
DA:83,0
LF:28
LH:0
BRDA:32,0,0,0
BRDA:32,0,1,0
BRDA:40,1,0,0
BRDA:40,1,1,0
BRDA:47,2,0,0
BRDA:47,2,1,0
BRDA:54,3,0,0
BRDA:54,3,1,0
BRDA:72,4,0,0
BRDA:72,4,1,0
BRDA:75,5,0,0
BRDA:75,5,1,0
BRDA:78,6,0,0
BRDA:78,6,1,0
BRF:14
BRH:0
end_of_record
TN:
SF:components/auth/MobileOTPVerification.tsx
FN:16,(anonymous_0)
FN:34,(anonymous_1)
FN:66,(anonymous_2)
FN:172,(anonymous_3)
FNF:4
FNH:0
FNDA:0,(anonymous_0)
FNDA:0,(anonymous_1)
FNDA:0,(anonymous_2)
FNDA:0,(anonymous_3)
DA:16,0
DA:21,0
DA:26,0
DA:28,0
DA:29,0
DA:30,0
DA:31,0
DA:32,0
DA:34,0
DA:35,0
DA:36,0
DA:37,0
DA:40,0
DA:43,0
DA:44,0
DA:47,0
DA:49,0
DA:50,0
DA:51,0
DA:54,0
DA:55,0
DA:58,0
DA:59,0
DA:60,0
DA:62,0
DA:66,0
DA:67,0
DA:68,0
DA:69,0
DA:71,0
DA:72,0
DA:75,0
DA:81,0
DA:82,0
DA:83,0
DA:87,0
DA:89,0
DA:90,0
DA:91,0
DA:93,0
DA:97,0
DA:172,0
DA:185,0
LF:43
LH:0
BRDA:17,0,0,0
BRDA:43,1,0,0
BRDA:43,1,1,0
BRDA:49,2,0,0
BRDA:49,2,1,0
BRDA:49,3,0,0
BRDA:49,3,1,0
BRDA:58,4,0,0
BRDA:58,4,1,0
BRDA:71,5,0,0
BRDA:71,5,1,0
BRDA:71,6,0,0
BRDA:71,6,1,0
BRDA:78,7,0,0
BRDA:78,7,1,0
BRDA:81,8,0,0
BRDA:81,8,1,0
BRDA:89,9,0,0
BRDA:89,9,1,0
BRDA:99,10,0,0
BRDA:99,10,1,0
BRDA:102,11,0,0
BRDA:102,11,1,0
BRDA:116,12,0,0
BRDA:116,12,1,0
BRDA:121,13,0,0
BRDA:121,13,1,0
BRDA:125,14,0,0
BRDA:125,14,1,0
BRDA:152,15,0,0
BRDA:152,15,1,0
BRDA:157,16,0,0
BRDA:157,16,1,0
BRDA:161,17,0,0
BRDA:161,17,1,0
BRF:35
BRH:0
end_of_record
TN:
SF:components/ui/IconSymbol.ios.tsx
FN:4,IconSymbol
FNF:1
FNH:0
FNDA:0,IconSymbol
DA:17,0
LF:1
LH:0
BRDA:6,0,0,0
BRDA:9,1,0,0
BRF:2
BRH:0
end_of_record
TN:
SF:components/ui/IconSymbol.tsx
FN:30,IconSymbol
FNF:1
FNH:0
FNDA:0,IconSymbol
DA:9,0
DA:42,0
LF:2
LH:0
BRDA:32,0,0,0
BRF:1
BRH:0
end_of_record
TN:
SF:components/ui/TabBarBackground.ios.tsx
FN:6,BlurTabBarBackground
FN:18,useBottomTabOverflow
FNF:2
FNH:0
FNDA:0,BlurTabBarBackground
FNDA:0,useBottomTabOverflow
DA:7,0
DA:19,0
DA:20,0
DA:21,0
LF:4
LH:0
BRF:0
BRH:0
end_of_record
TN:
SF:components/ui/TabBarBackground.tsx
FN:4,useBottomTabOverflow
FNF:1
FNH:0
FNDA:0,useBottomTabOverflow
DA:5,0
LF:1
LH:0
BRF:0
BRH:0
end_of_record
TN:
SF:components/ui/avatar/index.tsx
FN:83,Avatar
FN:100,AvatarBadge
FN:125,AvatarFallbackText
FN:149,AvatarImage
FN:173,AvatarGroup
FNF:5
FNH:0
FNDA:0,Avatar
FNDA:0,AvatarBadge
FNDA:0,AvatarFallbackText
FNDA:0,AvatarImage
FNDA:0,AvatarGroup
DA:12,0
DA:15,0
DA:23,0
DA:37,0
DA:52,0
DA:56,0
DA:70,0
DA:80,0
DA:84,0
DA:97,0
DA:101,0
DA:103,0
DA:122,0
DA:126,0
DA:128,0
DA:146,0
DA:150,0
DA:170,0
DA:174,0
LF:19
LH:0
BRDA:83,0,0,0
BRDA:159,1,0,0
BRDA:159,1,1,0
BRF:3
BRH:0
end_of_record
TN:
SF:components/ui/button/index.tsx
FN:290,Button
FN:310,ButtonText
FN:349,ButtonIcon
FN:400,ButtonGroup
FNF:4
FNH:1
FNDA:16,Button
FNDA:0,ButtonText
FNDA:0,ButtonIcon
FNDA:0,ButtonGroup
DA:14,1
DA:16,1
DA:18,1
DA:26,1
DA:39,1
DA:121,1
DA:200,1
DA:256,1
DA:287,1
DA:294,16
DA:307,1
DA:315,0
DA:317,0
DA:336,1
DA:346,1
DA:354,0
DA:356,0
DA:357,0
DA:365,0
DA:369,0
DA:377,0
DA:397,1
DA:410,0
DA:424,1
DA:425,1
DA:426,1
DA:427,1
DA:428,1
LF:28
LH:19
BRDA:291,0,0,16
BRDA:291,1,0,0
BRDA:291,2,0,0
BRDA:356,3,0,0
BRDA:356,3,1,0
BRDA:365,4,0,0
BRDA:365,4,1,0
BRDA:366,5,0,0
BRDA:366,5,1,0
BRDA:366,5,2,0
BRDA:403,6,0,0
BRDA:404,7,0,0
BRDA:405,8,0,0
BRF:13
BRH:1
end_of_record
TN:
SF:components/ui/divider/index.tsx
FN:23,Divider
FNF:1
FNH:0
FNDA:0,Divider
DA:7,0
DA:20,0
DA:24,0
DA:38,0
LF:4
LH:0
BRDA:23,0,0,0
BRDA:29,1,0,0
BRDA:29,1,1,0
BRF:3
BRH:0
end_of_record
TN:
SF:components/ui/gluestack-ui-provider/config.ts
FNF:0
FNH:0
DA:4,0
LF:1
LH:0
BRF:0
BRH:0
end_of_record
TN:
SF:components/ui/gluestack-ui-provider/index.tsx
FN:9,GluestackUIProvider
FN:19,(anonymous_1)
FNF:2
FNH:0
FNDA:0,GluestackUIProvider
FNDA:0,(anonymous_1)
DA:17,0
DA:19,0
DA:20,0
DA:24,0
LF:4
LH:0
BRDA:10,0,0,0
BRF:1
BRH:0
end_of_record
TN:
SF:components/ui/gluestack-ui-provider/index.web.tsx
FN:11,(anonymous_0)
FN:21,GluestackUIProvider
FN:29,(anonymous_2)
FN:34,(anonymous_3)
FN:43,(anonymous_4)
FN:47,(anonymous_5)
FN:58,(anonymous_6)
FN:64,(anonymous_7)
FN:67,(anonymous_8)
FNF:9
FNH:0
FNDA:0,(anonymous_0)
FNDA:0,GluestackUIProvider
FNDA:0,(anonymous_2)
FNDA:0,(anonymous_3)
FNDA:0,(anonymous_4)
FNDA:0,(anonymous_5)
FNDA:0,(anonymous_6)
FNDA:0,(anonymous_7)
FNDA:0,(anonymous_8)
DA:10,0
DA:11,0
DA:12,0
DA:13,0
DA:14,0
DA:15,0
DA:19,0
DA:28,0
DA:29,0
DA:30,0
DA:32,0
DA:35,0
DA:36,0
DA:38,0
DA:41,0
DA:43,0
DA:44,0
DA:47,0
DA:48,0
DA:49,0
DA:50,0
DA:51,0
DA:52,0
DA:53,0
DA:58,0
DA:59,0
DA:60,0
DA:62,0
DA:64,0
DA:67,0
DA:68,0
DA:69,0
DA:70,0
DA:71,0
DA:72,0
DA:73,0
DA:74,0
DA:75,0
DA:76,0
DA:82,0
LF:40
LH:0
BRDA:19,0,0,0
BRDA:19,0,1,0
BRDA:22,1,0,0
BRDA:31,2,0,0
BRDA:31,2,1,0
BRDA:44,3,0,0
BRDA:44,3,1,0
BRDA:48,4,0,0
BRDA:48,4,1,0
BRDA:50,5,0,0
BRDA:50,5,1,0
BRDA:52,6,0,0
BRDA:52,6,1,0
BRDA:59,7,0,0
BRDA:59,7,1,0
BRDA:68,8,0,0
BRDA:68,8,1,0
BRDA:70,9,0,0
BRDA:70,9,1,0
BRDA:73,10,0,0
BRDA:73,10,1,0
BRDA:76,11,0,0
BRDA:76,11,1,0
BRF:23
BRH:0
end_of_record
TN:
SF:components/ui/gluestack-ui-provider/script.ts
FN:1,(anonymous_0)
FN:4,getSystemColorMode
FNF:2
FNH:0
FNDA:0,(anonymous_0)
FNDA:0,getSystemColorMode
DA:1,0
DA:2,0
DA:5,0
DA:10,0
DA:11,0
DA:12,0
DA:13,0
DA:14,0
DA:15,0
DA:17,0
LF:10
LH:0
BRDA:5,0,0,0
BRDA:5,0,1,0
BRDA:12,1,0,0
BRDA:12,1,1,0
BRDA:13,2,0,0
BRDA:13,2,1,0
BRF:6
BRH:0
end_of_record
TN:
SF:components/ui/gluestack-ui-provider/types.ts
FNF:0
FNH:0
LF:0
LH:0
BRF:0
BRH:0
end_of_record
TN:
SF:components/ui/heading/index.tsx
FN:21,MappedHeading
FN:179,Heading
FNF:2
FNH:0
FNDA:0,MappedHeading
FNDA:0,Heading
DA:12,0
DA:13,0
DA:14,0
DA:15,0
DA:16,0
DA:17,0
DA:19,0
DA:36,0
DA:40,0
DA:59,0
DA:78,0
DA:97,0
DA:116,0
DA:136,0
DA:155,0
DA:178,0
DA:191,0
DA:193,0
DA:194,0
DA:212,0
DA:218,0
LF:21
LH:0
BRDA:36,0,0,0
BRDA:36,0,1,0
BRDA:36,0,2,0
BRDA:36,0,3,0
BRDA:36,0,4,0
BRDA:36,0,5,0
BRDA:36,0,6,0
BRDA:36,0,7,0
BRDA:36,0,8,0
BRDA:36,0,9,0
BRDA:180,1,0,0
BRDA:193,2,0,0
BRDA:193,2,1,0
BRF:13
BRH:0
end_of_record
TN:
SF:components/ui/heading/index.web.tsx
FN:10,MappedHeading
FN:160,Heading
FNF:2
FNH:0
FNDA:0,MappedHeading
FNDA:0,Heading
DA:9,0
DA:25,0
DA:29,0
DA:47,0
DA:65,0
DA:83,0
DA:101,0
DA:120,0
DA:138,0
DA:159,0
DA:172,0
DA:174,0
DA:175,0
DA:194,0
DA:200,0
LF:15
LH:0
BRDA:25,0,0,0
BRDA:25,0,1,0
BRDA:25,0,2,0
BRDA:25,0,3,0
BRDA:25,0,4,0
BRDA:25,0,5,0
BRDA:25,0,6,0
BRDA:25,0,7,0
BRDA:25,0,8,0
BRDA:25,0,9,0
BRDA:161,1,0,0
BRDA:174,2,0,0
BRDA:174,2,1,0
BRF:13
BRH:0
end_of_record
TN:
SF:components/ui/heading/styles.tsx
FNF:0
FNH:0
DA:3,0
DA:7,0
LF:2
LH:0
BRDA:3,0,0,0
BRDA:3,0,1,0
BRF:2
BRH:0
end_of_record
TN:
SF:components/ui/hstack/index.tsx
FN:10,HStack
FNF:1
FNH:0
FNDA:0,HStack
DA:9,0
DA:11,0
DA:21,0
LF:3
LH:0
BRF:0
BRH:0
end_of_record
TN:
SF:components/ui/hstack/index.web.tsx
FN:9,HStack
FNF:1
FNH:0
FNDA:0,HStack
DA:8,0
DA:10,0
DA:20,0
LF:3
LH:0
BRF:0
BRH:0
end_of_record
TN:
SF:components/ui/hstack/styles.tsx
FNF:0
FNH:0
DA:4,0
DA:8,0
LF:2
LH:0
BRDA:4,0,0,0
BRDA:4,0,1,0
BRF:2
BRH:0
end_of_record
TN:
SF:components/ui/icon/index.tsx
FN:49,Icon
FN:85,(anonymous_1)
FN:94,UIIcon
FNF:3
FNH:0
FNDA:0,Icon
FNDA:0,(anonymous_1)
FNDA:0,UIIcon
DA:10,0
DA:17,0
DA:31,0
DA:48,0
DA:50,0
DA:51,0
DA:59,0
DA:63,0
DA:71,0
DA:85,0
DA:86,0
DA:94,0
DA:103,0
DA:114,0
DA:135,0
DA:138,0
DA:165,0
DA:168,0
DA:189,0
DA:211,0
DA:233,0
DA:254,0
DA:255,0
DA:256,0
DA:257,0
DA:261,0
DA:284,0
DA:288,0
DA:309,0
DA:313,0
DA:382,0
DA:386,0
DA:401,0
DA:422,0
DA:423,0
DA:427,0
DA:443,0
DA:458,0
DA:473,0
DA:489,0
DA:511,0
DA:533,0
DA:555,0
DA:556,0
DA:557,0
DA:558,0
DA:559,0
DA:560,0
DA:561,0
DA:573,0
DA:588,0
DA:592,0
DA:613,0
DA:617,0
DA:638,0
DA:665,0
DA:666,0
DA:670,0
DA:691,0
DA:695,0
DA:722,0
DA:725,0
DA:746,0
DA:749,0
DA:770,0
DA:772,0
DA:805,0
DA:808,0
DA:823,0
DA:826,0
DA:853,0
DA:856,0
DA:901,0
DA:904,0
DA:931,0
DA:934,0
DA:961,0
DA:964,0
DA:985,0
DA:987,0
DA:1014,0
DA:1017,0
DA:1032,0
DA:1035,0
DA:1056,0
DA:1059,0
DA:1080,0
DA:1083,0
DA:1110,0
DA:1113,0
DA:1128,0
DA:1132,0
DA:1147,0
DA:1150,0
DA:1165,0
DA:1168,0
DA:1183,0
DA:1186,0
DA:1207,0
DA:1210,0
DA:1225,0
DA:1228,0
DA:1261,0
DA:1263,0
DA:1302,0
DA:1305,0
DA:1326,0
DA:1329,0
DA:1350,0
DA:1353,0
DA:1392,0
DA:1395,0
DA:1416,0
DA:1419,0
DA:1434,0
DA:1437,0
DA:1500,0
DA:1503,0
DA:1530,0
DA:1533,0
DA:1560,0
DA:1563,0
DA:1584,0
LF:123
LH:0
BRDA:49,0,0,0
BRDA:50,1,0,0
BRDA:50,1,1,0
BRDA:59,2,0,0
BRDA:59,2,1,0
BRDA:60,3,0,0
BRDA:60,3,1,0
BRDA:60,3,2,0
BRF:8
BRH:0
end_of_record
TN:
SF:components/ui/icon/index.web.tsx
FN:33,Icon
FN:69,(anonymous_1)
FN:75,(anonymous_2)
FN:84,UIIcon
FN:85,(anonymous_4)
FNF:5
FNH:0
FNDA:0,Icon
FNDA:0,(anonymous_1)
FNDA:0,(anonymous_2)
FNDA:0,UIIcon
FNDA:0,(anonymous_4)
DA:8,0
DA:12,0
DA:26,0
DA:34,0
DA:35,0
DA:44,0
DA:48,0
DA:57,0
DA:69,0
DA:70,0
DA:71,0
DA:72,0
DA:75,0
DA:76,0
DA:77,0
DA:85,0
DA:86,0
DA:90,0
DA:104,0
DA:125,0
DA:128,0
DA:155,0
DA:158,0
DA:179,0
DA:201,0
DA:223,0
DA:244,0
DA:245,0
DA:246,0
DA:247,0
DA:251,0
DA:274,0
DA:278,0
DA:299,0
DA:303,0
DA:372,0
DA:376,0
DA:391,0
DA:412,0
DA:413,0
DA:417,0
DA:433,0
DA:448,0
DA:463,0
DA:479,0
DA:501,0
DA:523,0
DA:545,0
DA:546,0
DA:547,0
DA:548,0
DA:549,0
DA:550,0
DA:551,0
DA:563,0
DA:578,0
DA:581,0
DA:602,0
DA:606,0
DA:627,0
DA:654,0
DA:655,0
DA:659,0
DA:680,0
DA:684,0
DA:711,0
DA:714,0
DA:735,0
DA:738,0
DA:759,0
DA:761,0
DA:794,0
DA:797,0
DA:812,0
DA:815,0
DA:842,0
DA:845,0
DA:890,0
DA:893,0
DA:920,0
DA:923,0
DA:950,0
DA:953,0
DA:974,0
DA:976,0
DA:1003,0
DA:1006,0
DA:1021,0
DA:1024,0
DA:1045,0
DA:1048,0
DA:1069,0
DA:1072,0
DA:1099,0
DA:1102,0
DA:1117,0
DA:1121,0
DA:1136,0
DA:1139,0
DA:1154,0
DA:1157,0
DA:1172,0
DA:1175,0
DA:1196,0
DA:1199,0
DA:1214,0
DA:1217,0
DA:1250,0
DA:1252,0
DA:1291,0
DA:1294,0
DA:1315,0
DA:1318,0
DA:1339,0
DA:1342,0
DA:1381,0
DA:1384,0
DA:1405,0
DA:1408,0
DA:1423,0
DA:1426,0
DA:1489,0
DA:1492,0
DA:1519,0
DA:1522,0
DA:1549,0
DA:1552,0
DA:1573,0
LF:128
LH:0
BRDA:33,0,0,0
BRDA:34,1,0,0
BRDA:34,1,1,0
BRDA:44,2,0,0
BRDA:44,2,1,0
BRDA:45,3,0,0
BRDA:45,3,1,0
BRDA:45,3,2,0
BRDA:70,4,0,0
BRDA:70,4,1,0
BRDA:86,5,0,0
BRDA:86,5,1,0
BRF:12
BRH:0
end_of_record
TN:
SF:components/ui/pressable/index.tsx
FN:26,Pressable
FNF:1
FNH:0
FNDA:0,Pressable
DA:10,0
DA:14,0
DA:23,0
DA:27,0
DA:38,0
LF:5
LH:0
BRF:0
BRH:0
end_of_record
TN:
SF:components/ui/text/index.tsx
FN:11,Text
FNF:1
FNH:0
FNDA:0,Text
DA:10,0
DA:26,0
DA:46,0
LF:3
LH:0
BRDA:18,0,0,0
BRF:1
BRH:0
end_of_record
TN:
SF:components/ui/text/index.web.tsx
FN:8,Text
FNF:1
FNH:0
FNDA:0,Text
DA:7,0
DA:23,0
DA:43,0
LF:3
LH:0
BRDA:15,0,0,0
BRF:1
BRH:0
end_of_record
TN:
SF:components/ui/text/styles.tsx
FNF:0
FNH:0
DA:4,0
DA:8,0
LF:2
LH:0
BRDA:4,0,0,0
BRDA:4,0,1,0
BRF:2
BRH:0
end_of_record
TN:
SF:components/ui/toast/index.tsx
FN:160,Toast
FN:182,ToastTitle
FN:185,(anonymous_2)
FN:219,ToastDescription
FNF:4
FNH:0
FNDA:0,Toast
FNDA:0,ToastTitle
FNDA:0,(anonymous_2)
FNDA:0,ToastDescription
DA:21,0
DA:23,0
DA:24,0
DA:26,0
DA:28,0
DA:46,0
DA:117,0
DA:154,0
DA:159,0
DA:164,0
DA:179,0
DA:184,0
DA:185,0
DA:188,0
DA:191,0
DA:216,0
DA:220,0
DA:221,0
DA:236,0
DA:237,0
DA:238,0
LF:21
LH:0
BRDA:161,0,0,0
BRDA:161,1,0,0
BRDA:182,2,0,0
BRDA:219,3,0,0
BRF:4
BRH:0
end_of_record
TN:
SF:components/ui/toast/useToast.tsx
FN:24,(anonymous_0)
FN:27,(anonymous_1)
FN:30,(anonymous_2)
FNF:3
FNH:0
FNDA:0,(anonymous_0)
FNDA:0,(anonymous_1)
FNDA:0,(anonymous_2)
DA:24,0
DA:25,0
DA:27,0
DA:28,0
DA:31,0
DA:33,0
DA:35,0
DA:54,0
DA:87,0
DA:105,0
DA:127,0
LF:11
LH:0
BRDA:33,0,0,0
BRDA:33,0,1,0
BRDA:33,0,2,0
BRDA:33,0,3,0
BRDA:33,0,4,0
BRDA:103,1,0,0
BRDA:103,1,1,0
BRF:7
BRH:0
end_of_record
TN:
SF:components/ui/vstack/index.tsx
FN:11,VStack
FNF:1
FNH:0
FNDA:0,VStack
DA:10,0
DA:12,0
DA:22,0
LF:3
LH:0
BRF:0
BRH:0
end_of_record
TN:
SF:components/ui/vstack/index.web.tsx
FN:10,VStack
FNF:1
FNH:0
FNDA:0,VStack
DA:9,0
DA:11,0
DA:21,0
LF:3
LH:0
BRF:0
BRH:0
end_of_record
TN:
SF:components/ui/vstack/styles.tsx
FNF:0
FNH:0
DA:4,0
DA:8,0
LF:2
LH:0
BRDA:4,0,0,0
BRDA:4,0,1,0
BRF:2
BRH:0
end_of_record
TN:
SF:constants/Colors.ts
FNF:0
FNH:0
DA:6,3
DA:7,3
DA:9,3
LF:3
LH:3
BRF:0
BRH:0
end_of_record
TN:
SF:context/auth/AuthContext.tsx
FN:19,AuthProvider
FN:34,(anonymous_1)
FN:35,(anonymous_2)
FN:56,(anonymous_3)
FN:60,(anonymous_4)
FN:78,(anonymous_5)
FN:89,(anonymous_6)
FN:101,(anonymous_7)
FN:127,(anonymous_8)
FN:133,(anonymous_9)
FN:171,(anonymous_10)
FN:176,(anonymous_11)
FN:193,(anonymous_12)
FN:214,(anonymous_13)
FN:228,(anonymous_14)
FN:249,(anonymous_15)
FN:257,(anonymous_16)
FN:271,(anonymous_17)
FN:287,(anonymous_18)
FN:296,(anonymous_19)
FN:317,(anonymous_20)
FN:320,(anonymous_21)
FN:347,(anonymous_22)
FN:372,(anonymous_23)
FN:374,(anonymous_24)
FN:402,(anonymous_25)
FNF:26
FNH:17
FNDA:20,AuthProvider
FNDA:11,(anonymous_1)
FNDA:11,(anonymous_2)
FNDA:0,(anonymous_3)
FNDA:0,(anonymous_4)
FNDA:1,(anonymous_5)
FNDA:1,(anonymous_6)
FNDA:0,(anonymous_7)
FNDA:11,(anonymous_8)
FNDA:20,(anonymous_9)
FNDA:0,(anonymous_10)
FNDA:0,(anonymous_11)
FNDA:0,(anonymous_12)
FNDA:0,(anonymous_13)
FNDA:0,(anonymous_14)
FNDA:7,(anonymous_15)
FNDA:4,(anonymous_16)
FNDA:1,(anonymous_17)
FNDA:1,(anonymous_18)
FNDA:0,(anonymous_19)
FNDA:10,(anonymous_20)
FNDA:10,(anonymous_21)
FNDA:7,(anonymous_22)
FNDA:1,(anonymous_23)
FNDA:1,(anonymous_24)
FNDA:18,(anonymous_25)
DA:17,2
DA:20,20
DA:22,20
DA:31,20
DA:34,20
DA:35,11
DA:36,11
DA:37,11
DA:39,11
DA:40,11
DA:41,11
DA:43,11
DA:48,11
DA:50,11
DA:51,0
DA:52,0
DA:55,0
DA:56,0
DA:57,0
DA:59,0
DA:60,0
DA:65,0
DA:68,11
DA:69,11
DA:72,11
DA:74,10
DA:77,1
DA:78,1
DA:86,8
DA:88,3
DA:89,3
DA:94,3
DA:101,11
DA:102,0
DA:103,0
DA:106,0
DA:107,0
DA:110,0
DA:114,0
DA:117,0
DA:124,11
DA:127,11
DA:128,11
DA:133,20
DA:134,20
DA:135,20
DA:137,8
DA:139,8
DA:140,0
DA:141,0
DA:145,8
DA:150,3
DA:151,3
DA:155,5
DA:161,5
DA:170,20
DA:172,0
DA:173,0
DA:174,0
DA:177,0
DA:186,0
DA:187,0
DA:191,0
DA:194,0
DA:196,0
DA:204,0
DA:205,0
DA:214,20
DA:215,0
DA:216,0
DA:218,0
DA:219,0
DA:220,0
DA:223,0
DA:224,0
DA:225,0
DA:227,0
DA:228,0
DA:249,20
DA:250,7
DA:251,7
DA:254,7
DA:255,7
DA:256,4
DA:257,4
DA:261,4
DA:264,3
DA:268,3
DA:269,3
DA:270,1
DA:271,1
DA:275,1
DA:279,2
DA:280,2
DA:281,1
DA:282,1
DA:283,1
DA:287,1
DA:291,1
DA:294,0
DA:296,0
DA:317,20
DA:318,10
DA:319,10
DA:320,10
DA:330,10
DA:332,10
DA:337,7
DA:344,7
DA:347,7
DA:352,0
DA:360,0
DA:372,20
DA:373,1
DA:374,1
DA:379,1
DA:380,1
DA:383,0
DA:388,20
DA:402,2
DA:403,18
DA:404,18
DA:405,0
DA:407,18
LF:124
LH:80
BRDA:43,0,0,22
BRDA:43,0,1,22
BRDA:50,1,0,0
BRDA:50,1,1,11
BRDA:51,2,0,0
BRDA:51,2,1,0
BRDA:51,3,0,0
BRDA:51,3,1,0
BRDA:72,4,0,10
BRDA:72,4,1,1
BRDA:106,5,0,0
BRDA:106,5,1,0
BRDA:135,6,0,12
BRDA:135,6,1,8
BRDA:137,7,0,8
BRDA:137,7,1,0
BRDA:139,8,0,0
BRDA:139,8,1,8
BRDA:145,9,0,3
BRDA:145,9,1,5
BRDA:146,10,0,8
BRDA:146,10,1,8
BRDA:155,11,0,5
BRDA:155,11,1,0
BRDA:156,12,0,5
BRDA:156,12,1,5
BRDA:156,12,2,5
BRDA:156,12,3,5
BRDA:174,13,0,0
BRDA:174,13,1,0
BRDA:186,14,0,0
BRDA:186,14,1,0
BRDA:204,15,0,0
BRDA:204,15,1,0
BRDA:218,16,0,0
BRDA:218,16,1,0
BRDA:223,17,0,0
BRDA:223,17,1,0
BRDA:255,18,0,4
BRDA:255,18,1,3
BRDA:264,19,0,3
BRDA:264,19,1,0
BRDA:269,20,0,1
BRDA:269,20,1,2
BRDA:280,21,0,1
BRDA:280,21,1,1
BRDA:319,22,0,10
BRDA:319,22,1,0
BRDA:330,23,0,10
BRDA:330,23,1,0
BRDA:373,24,0,1
BRDA:373,24,1,0
BRDA:404,25,0,0
BRDA:404,25,1,18
BRF:54
BRH:29
end_of_record
TN:
SF:controller/onboard/AssessmentController.tsx
FN:7,(anonymous_0)
FN:18,(anonymous_1)
FN:62,(anonymous_2)
FNF:3
FNH:0
FNDA:0,(anonymous_0)
FNDA:0,(anonymous_1)
FNDA:0,(anonymous_2)
DA:7,0
DA:13,0
DA:14,0
DA:18,0
DA:20,0
DA:22,0
DA:24,0
DA:25,0
DA:27,0
DA:28,0
DA:30,0
DA:31,0
DA:33,0
DA:34,0
DA:36,0
DA:40,0
DA:53,0
DA:54,0
DA:56,0
DA:57,0
DA:62,0
DA:63,0
DA:66,0
DA:68,0
DA:70,0
DA:73,0
LF:26
LH:0
BRDA:14,0,0,0
BRDA:14,0,1,0
BRDA:20,1,0,0
BRDA:20,1,1,0
BRDA:22,2,0,0
BRDA:22,2,1,0
BRDA:22,2,2,0
BRDA:22,2,3,0
BRDA:22,2,4,0
BRDA:53,3,0,0
BRDA:53,3,1,0
BRDA:63,4,0,0
BRDA:63,4,1,0
BRDA:63,5,0,0
BRDA:63,5,1,0
BRDA:66,6,0,0
BRDA:66,6,1,0
BRDA:66,6,2,0
BRDA:68,7,0,0
BRDA:68,7,1,0
BRDA:70,8,0,0
BRDA:70,8,1,0
BRF:22
BRH:0
end_of_record
TN:
SF:controller/onboard/ProfileController.tsx
FN:23,(anonymous_0)
FN:41,(anonymous_1)
FN:69,(anonymous_2)
FN:83,(anonymous_3)
FN:117,(anonymous_4)
FN:126,(anonymous_5)
FN:142,(anonymous_6)
FNF:7
FNH:4
FNDA:5,(anonymous_0)
FNDA:4,(anonymous_1)
FNDA:20,(anonymous_2)
FNDA:0,(anonymous_3)
FNDA:3,(anonymous_4)
FNDA:0,(anonymous_5)
FNDA:0,(anonymous_6)
DA:24,5
DA:25,5
DA:26,5
DA:28,5
DA:29,0
DA:32,5
DA:49,4
DA:50,4
DA:57,4
DA:58,4
DA:61,4
DA:62,0
DA:65,4
DA:66,0
DA:69,20
DA:71,0
DA:72,0
DA:84,0
DA:86,0
DA:96,0
DA:106,0
DA:107,0
DA:118,3
DA:119,3
DA:127,0
DA:128,0
DA:139,0
DA:142,0
DA:144,0
DA:145,0
LF:30
LH:14
BRDA:28,0,0,0
BRDA:28,0,1,5
BRDA:28,1,0,5
BRDA:28,1,1,5
BRDA:28,1,2,0
BRDA:57,2,0,4
BRDA:57,2,1,0
BRDA:61,3,0,0
BRDA:61,3,1,4
BRDA:65,4,0,0
BRDA:65,4,1,4
BRDA:97,5,0,0
BRDA:97,5,1,0
BRDA:98,6,0,0
BRDA:98,6,1,0
BRDA:99,7,0,0
BRDA:99,7,1,0
BRDA:100,8,0,0
BRDA:100,8,1,0
BRDA:102,9,0,0
BRDA:102,9,1,0
BRDA:103,10,0,0
BRDA:103,10,1,0
BRDA:118,11,0,0
BRDA:118,11,1,3
BRDA:130,12,0,0
BRDA:130,12,1,0
BRDA:131,13,0,0
BRDA:131,13,1,0
BRDA:134,14,0,0
BRDA:134,14,1,0
BRDA:139,15,0,0
BRDA:139,15,1,0
BRF:33
BRH:7
end_of_record
TN:
SF:hooks/useAuthHook.ts
FN:10,useAuthGuard
FN:17,(anonymous_1)
FNF:2
FNH:0
FNDA:0,useAuthGuard
FNDA:0,(anonymous_1)
DA:14,0
DA:15,0
DA:17,0
DA:19,0
DA:22,0
DA:23,0
DA:24,0
DA:28,0
DA:34,0
DA:35,0
DA:39,0
DA:40,0
DA:41,0
DA:45,0
DA:46,0
DA:50,0
LF:16
LH:0
BRDA:11,0,0,0
BRDA:12,1,0,0
BRDA:19,2,0,0
BRDA:19,2,1,0
BRDA:22,3,0,0
BRDA:22,3,1,0
BRDA:22,4,0,0
BRDA:22,4,1,0
BRDA:28,5,0,0
BRDA:28,5,1,0
BRDA:29,6,0,0
BRDA:29,6,1,0
BRDA:29,6,2,0
BRDA:29,6,3,0
BRDA:39,7,0,0
BRDA:39,7,1,0
BRDA:39,8,0,0
BRDA:39,8,1,0
BRDA:39,8,2,0
BRDA:45,9,0,0
BRDA:45,9,1,0
BRDA:45,10,0,0
BRDA:45,10,1,0
BRDA:45,10,2,0
BRF:24
BRH:0
end_of_record
TN:
SF:hooks/useColorScheme.ts
FNF:0
FNH:0
LF:0
LH:0
BRF:0
BRH:0
end_of_record
TN:
SF:hooks/useColorScheme.web.ts
FN:7,useColorScheme
FN:10,(anonymous_1)
FNF:2
FNH:0
FNDA:0,useColorScheme
FNDA:0,(anonymous_1)
DA:8,0
DA:10,0
DA:11,0
DA:14,0
DA:16,0
DA:17,0
DA:20,0
LF:7
LH:0
BRDA:16,0,0,0
BRDA:16,0,1,0
BRF:2
BRH:0
end_of_record
TN:
SF:hooks/useThemeColor.ts
FN:9,useThemeColor
FNF:1
FNH:1
FNDA:428,useThemeColor
DA:13,428
DA:14,428
DA:16,428
DA:17,0
DA:19,428
LF:5
LH:4
BRDA:13,0,0,428
BRDA:13,0,1,0
BRDA:16,1,0,0
BRDA:16,1,1,428
BRF:4
BRH:2
end_of_record
TN:
SF:hooks/mutations/auth/useSignInWithOTPMutation.ts
FN:9,(anonymous_0)
FN:11,(anonymous_1)
FN:16,(anonymous_2)
FNF:3
FNH:0
FNDA:0,(anonymous_0)
FNDA:0,(anonymous_1)
FNDA:0,(anonymous_2)
DA:9,0
DA:10,0
DA:12,0
DA:13,0
DA:14,0
DA:17,0
DA:18,0
LF:7
LH:0
BRDA:13,0,0,0
BRDA:13,0,1,0
BRF:2
BRH:0
end_of_record
TN:
SF:hooks/mutations/auth/useUpdateAssessmentMutation.ts
FN:11,(anonymous_0)
FN:18,(anonymous_1)
FN:36,(anonymous_2)
FN:40,(anonymous_3)
FNF:4
FNH:0
FNDA:0,(anonymous_0)
FNDA:0,(anonymous_1)
FNDA:0,(anonymous_2)
FNDA:0,(anonymous_3)
DA:11,0
DA:14,0
DA:15,0
DA:17,0
DA:19,0
DA:22,0
DA:27,0
DA:33,0
DA:34,0
DA:37,0
DA:38,0
DA:42,0
LF:12
LH:0
BRDA:19,0,0,0
BRDA:19,0,1,0
BRDA:33,1,0,0
BRDA:33,1,1,0
BRF:4
BRH:0
end_of_record
TN:
SF:hooks/mutations/auth/useUpdateProfileMutation.ts
FN:12,(anonymous_0)
FN:20,(anonymous_1)
FN:38,(anonymous_2)
FN:42,(anonymous_3)
FNF:4
FNH:0
FNDA:0,(anonymous_0)
FNDA:0,(anonymous_1)
FNDA:0,(anonymous_2)
FNDA:0,(anonymous_3)
DA:12,0
DA:15,0
DA:16,0
DA:17,0
DA:19,0
DA:21,0
DA:23,0
DA:34,0
DA:35,0
DA:36,0
DA:39,0
DA:40,0
DA:44,0
LF:13
LH:0
BRDA:21,0,0,0
BRDA:21,0,1,0
BRDA:34,1,0,0
BRDA:34,1,1,0
BRF:4
BRH:0
end_of_record
TN:
SF:hooks/mutations/auth/useVerifyOTPMutation.ts
FN:10,(anonymous_0)
FN:15,(anonymous_1)
FN:24,(anonymous_2)
FN:28,(anonymous_3)
FNF:4
FNH:0
FNDA:0,(anonymous_0)
FNDA:0,(anonymous_1)
FNDA:0,(anonymous_2)
FNDA:0,(anonymous_3)
DA:10,0
DA:11,0
DA:12,0
DA:14,0
DA:16,0
DA:21,0
DA:22,0
DA:25,0
DA:26,0
DA:30,0
DA:31,0
LF:11
LH:0
BRDA:21,0,0,0
BRDA:21,0,1,0
BRF:2
BRH:0
end_of_record
TN:
SF:hooks/queries/auth/useAssessmentQuery.ts
FN:7,useAssessment
FN:12,(anonymous_1)
FNF:2
FNH:0
FNDA:0,useAssessment
FNDA:0,(anonymous_1)
DA:8,0
DA:10,0
DA:13,0
DA:15,0
DA:20,0
DA:22,0
DA:23,0
DA:26,0
DA:27,0
LF:9
LH:0
BRDA:13,0,0,0
BRDA:13,0,1,0
BRDA:20,1,0,0
BRDA:20,1,1,0
BRDA:22,2,0,0
BRDA:22,2,1,0
BRF:6
BRH:0
end_of_record
TN:
SF:hooks/queries/auth/useProfileQuery.ts
FN:7,useProfile
FN:12,(anonymous_1)
FNF:2
FNH:0
FNDA:0,useProfile
FNDA:0,(anonymous_1)
DA:8,0
DA:10,0
DA:13,0
DA:15,0
DA:21,0
DA:23,0
DA:24,0
LF:7
LH:0
BRDA:13,0,0,0
BRDA:13,0,1,0
BRDA:21,1,0,0
BRDA:21,1,1,0
BRF:4
BRH:0
end_of_record
TN:
SF:lib/supabase/supabase.ts
FN:25,(anonymous_0)
FNF:1
FNH:0
FNDA:0,(anonymous_0)
DA:9,0
DA:10,0
DA:12,0
DA:25,0
DA:26,0
DA:27,0
DA:29,0
LF:7
LH:0
BRDA:26,0,0,0
BRDA:26,0,1,0
BRF:2
BRH:0
end_of_record
TN:
SF:services/ToastService.ts
FN:10,(anonymous_0)
FN:14,(anonymous_1)
FN:18,(anonymous_2)
FN:26,(anonymous_3)
FN:30,(anonymous_4)
FN:34,(anonymous_5)
FN:38,(anonymous_6)
FNF:7
FNH:0
FNDA:0,(anonymous_0)
FNDA:0,(anonymous_1)
FNDA:0,(anonymous_2)
FNDA:0,(anonymous_3)
FNDA:0,(anonymous_4)
FNDA:0,(anonymous_5)
FNDA:0,(anonymous_6)
DA:8,0
DA:11,0
DA:15,0
DA:19,0
DA:20,0
DA:22,0
DA:27,0
DA:31,0
DA:35,0
DA:39,0
LF:10
LH:0
BRDA:19,0,0,0
BRDA:19,0,1,0
BRF:2
BRH:0
end_of_record
TN:
SF:tests/test-utils.tsx
FN:9,(anonymous_0)
FN:16,(anonymous_1)
FN:29,(anonymous_2)
FNF:3
FNH:0
FNDA:0,(anonymous_0)
FNDA:0,(anonymous_1)
FNDA:0,(anonymous_2)
DA:9,0
DA:12,0
DA:16,0
DA:17,0
DA:19,0
DA:29,0
DA:32,0
LF:7
LH:0
BRF:0
BRH:0
end_of_record
TN:
SF:tests/mocks/handlers.ts
FN:13,(anonymous_0)
FN:37,(anonymous_1)
FN:73,(anonymous_2)
FN:128,(anonymous_3)
FNF:4
FNH:0
FNDA:0,(anonymous_0)
FNDA:0,(anonymous_1)
FNDA:0,(anonymous_2)
FNDA:0,(anonymous_3)
DA:4,0
DA:7,0
DA:8,0
DA:9,0
DA:11,0
DA:14,0
DA:17,0
DA:18,0
DA:28,0
DA:38,0
DA:45,0
DA:46,0
DA:64,0
DA:74,0
DA:79,0
DA:80,0
DA:99,0
DA:100,0
DA:118,0
DA:129,0
DA:134,0
DA:135,0
DA:152,0
LF:23
LH:0
BRDA:17,0,0,0
BRDA:17,0,1,0
BRDA:17,1,0,0
BRDA:17,1,1,0
BRDA:45,2,0,0
BRDA:45,2,1,0
BRDA:45,3,0,0
BRDA:45,3,1,0
BRDA:45,3,2,0
BRDA:79,4,0,0
BRDA:79,4,1,0
BRDA:79,5,0,0
BRDA:79,5,1,0
BRDA:99,6,0,0
BRDA:99,6,1,0
BRDA:99,7,0,0
BRDA:99,7,1,0
BRDA:134,8,0,0
BRDA:134,8,1,0
BRDA:134,9,0,0
BRDA:134,9,1,0
BRF:21
BRH:0
end_of_record
TN:
SF:tests/mocks/server.ts
FNF:0
FNH:0
LF:0
LH:0
BRF:0
BRH:0
end_of_record
TN:
SF:tests/utils/auth-mock.tsx
FN:22,(anonymous_0)
FN:27,(anonymous_1)
FN:35,(anonymous_2)
FN:47,(anonymous_3)
FN:56,(anonymous_4)
FN:58,(anonymous_5)
FNF:6
FNH:0
FNDA:0,(anonymous_0)
FNDA:0,(anonymous_1)
FNDA:0,(anonymous_2)
FNDA:0,(anonymous_3)
FNDA:0,(anonymous_4)
FNDA:0,(anonymous_5)
DA:6,1
DA:19,1
DA:22,1
DA:23,0
DA:27,1
DA:28,0
DA:35,1
DA:36,0
DA:47,1
DA:48,0
DA:56,1
DA:58,0
LF:12
LH:7
BRF:0
BRH:0
end_of_record
TN:
SF:tests/utils/test-utils.tsx
FN:8,(anonymous_0)
FN:16,(anonymous_1)
FN:25,(anonymous_2)
FN:33,(anonymous_3)
FN:34,(anonymous_4)
FN:48,(anonymous_5)
FN:61,(anonymous_6)
FN:74,(anonymous_7)
FN:90,(anonymous_8)
FN:102,(anonymous_9)
FN:103,(anonymous_10)
FN:111,(anonymous_11)
FN:122,(anonymous_12)
FN:145,(anonymous_13)
FN:162,(anonymous_14)
FNF:15
FNH:11
FNDA:0,(anonymous_0)
FNDA:6,(anonymous_1)
FNDA:8,(anonymous_2)
FNDA:6,(anonymous_3)
FNDA:8,(anonymous_4)
FNDA:0,(anonymous_5)
FNDA:4,(anonymous_6)
FNDA:0,(anonymous_7)
FNDA:0,(anonymous_8)
FNDA:25,(anonymous_9)
FNDA:292,(anonymous_10)
FNDA:1,(anonymous_11)
FNDA:3,(anonymous_12)
FNDA:20,(anonymous_13)
FNDA:1,(anonymous_14)
DA:8,2
DA:16,2
DA:17,6
DA:25,2
DA:26,8
DA:33,2
DA:34,6
DA:35,8
DA:48,2
DA:52,0
DA:53,0
DA:54,0
DA:61,2
DA:62,4
DA:74,2
DA:78,0
DA:79,0
DA:90,2
DA:91,0
DA:102,2
DA:103,25
DA:104,292
DA:111,2
DA:122,2
DA:123,3
DA:125,1
DA:126,1
DA:128,1
DA:129,1
DA:131,1
DA:132,1
DA:145,2
DA:149,20
DA:150,20
DA:151,0
DA:162,2
DA:167,1
DA:168,1
LF:38
LH:31
BRDA:50,0,0,0
BRDA:123,1,0,1
BRDA:123,1,1,1
BRDA:123,1,2,1
BRDA:171,2,0,0
BRDA:171,2,1,1
BRDA:174,3,0,0
BRDA:174,3,1,1
BRDA:175,4,0,1
BRDA:175,4,1,1
BRDA:177,5,0,1
BRDA:177,5,1,1
BRDA:178,6,0,1
BRDA:178,6,1,0
BRF:14
BRH:10
end_of_record
TN:
SF:types/auth.ts
FNF:0
FNH:0
LF:0
LH:0
BRF:0
BRH:0
end_of_record
TN:
SF:types/user/client.ts
FN:69,createClientUser
FNF:1
FNH:0
FNDA:0,createClientUser
DA:70,0
LF:1
LH:0
BRDA:76,0,0,0
BRDA:76,0,1,0
BRF:2
BRH:0
end_of_record
TN:
SF:types/user/host.ts
FN:60,createHostUser
FNF:1
FNH:0
FNDA:0,createHostUser
DA:61,0
LF:1
LH:0
BRDA:67,0,0,0
BRDA:67,0,1,0
BRF:2
BRH:0
end_of_record
TN:
SF:types/user/onboard.ts
FNF:0
FNH:0
LF:0
LH:0
BRF:0
BRH:0
end_of_record
TN:
SF:types/user/profile.ts
FNF:0
FNH:0
DA:9,1
LF:1
LH:1
BRF:0
BRH:0
end_of_record
TN:
SF:types/user/user.ts
FNF:0
FNH:0
LF:0
LH:0
BRF:0
BRH:0
end_of_record
TN:
SF:utils/auth/assessment_questions.ts
FNF:0
FNH:0
DA:5,0
DA:59,0
DA:117,0
LF:3
LH:0
BRF:0
BRH:0
end_of_record
TN:
SF:utils/auth/function.ts
FN:11,(anonymous_0)
FN:21,(anonymous_1)
FN:57,(anonymous_2)
FN:85,(anonymous_3)
FN:118,(anonymous_4)
FN:140,(anonymous_5)
FN:155,(anonymous_6)
FN:176,(anonymous_7)
FN:209,(anonymous_8)
FN:239,(anonymous_9)
FNF:10
FNH:0
FNDA:0,(anonymous_0)
FNDA:0,(anonymous_1)
FNDA:0,(anonymous_2)
FNDA:0,(anonymous_3)
FNDA:0,(anonymous_4)
FNDA:0,(anonymous_5)
FNDA:0,(anonymous_6)
FNDA:0,(anonymous_7)
FNDA:0,(anonymous_8)
FNDA:0,(anonymous_9)
DA:11,1
DA:12,0
DA:21,1
DA:22,0
DA:26,0
DA:36,0
DA:40,0
DA:41,0
DA:42,0
DA:45,0
DA:47,0
DA:48,0
DA:57,1
DA:58,0
DA:59,0
DA:60,0
DA:64,0
DA:65,0
DA:66,0
DA:70,0
DA:71,0
DA:73,0
DA:74,0
DA:85,1
DA:90,0
DA:91,0
DA:97,0
DA:98,0
DA:99,0
DA:102,0
DA:103,0
DA:106,0
DA:108,0
DA:109,0
DA:118,1
DA:119,0
DA:120,0
DA:124,0
DA:125,0
DA:126,0
DA:129,0
DA:131,0
DA:132,0
DA:140,1
DA:141,0
DA:143,0
DA:144,0
DA:145,0
DA:148,0
DA:155,1
DA:156,0
DA:157,0
DA:159,0
DA:160,0
DA:161,0
DA:164,0
DA:166,0
DA:167,0
DA:176,1
DA:177,0
DA:179,0
DA:181,0
DA:187,0
DA:188,0
DA:189,0
DA:193,0
DA:199,0
DA:200,0
DA:209,1
DA:210,0
DA:212,0
DA:214,0
DA:220,0
DA:221,0
DA:222,0
DA:226,0
DA:228,0
DA:229,0
DA:239,1
DA:240,0
DA:242,0
DA:244,0
DA:250,0
DA:252,0
DA:253,0
LF:85
LH:10
BRDA:27,0,0,0
BRDA:27,0,1,0
BRDA:28,1,0,0
BRDA:28,1,1,0
BRDA:29,2,0,0
BRDA:29,2,1,0
BRDA:30,3,0,0
BRDA:30,3,1,0
BRDA:31,4,0,0
BRDA:31,4,1,0
BRDA:32,5,0,0
BRDA:32,5,1,0
BRDA:40,6,0,0
BRDA:40,6,1,0
BRDA:64,7,0,0
BRDA:64,7,1,0
BRDA:88,8,0,0
BRDA:97,9,0,0
BRDA:97,9,1,0
BRDA:102,10,0,0
BRDA:102,10,1,0
BRDA:124,11,0,0
BRDA:124,11,1,0
BRDA:143,12,0,0
BRDA:143,12,1,0
BRDA:159,13,0,0
BRDA:159,13,1,0
BRDA:177,14,0,0
BRDA:177,14,1,0
BRDA:187,15,0,0
BRDA:187,15,1,0
BRDA:194,16,0,0
BRDA:194,16,1,0
BRDA:194,16,2,0
BRDA:194,16,3,0
BRDA:210,17,0,0
BRDA:210,17,1,0
BRDA:220,18,0,0
BRDA:220,18,1,0
BRDA:226,19,0,0
BRDA:226,19,1,0
BRDA:226,19,2,0
BRDA:240,20,0,0
BRDA:240,20,1,0
BRDA:250,21,0,0
BRDA:250,21,1,0
BRF:46
BRH:0
end_of_record
TN:
SF:utils/strings/function.ts
FN:8,(anonymous_0)
FN:17,(anonymous_1)
FNF:2
FNH:1
FNDA:0,(anonymous_0)
FNDA:23,(anonymous_1)
DA:8,2
DA:9,0
DA:17,2
DA:18,23
LF:4
LH:3
BRDA:18,0,0,23
BRDA:18,0,1,0
BRF:2
BRH:1
end_of_record
